10:08:58 **** Build of configuration Debug for project cv4 ****
make -j4 all 
arm-none-eabi-gcc "../Drivers/STM32F0xx_HAL_Driver/Src/stm32f0xx_hal.c" -mcpu=cortex-m0 -std=gnu11 -g3 -DDEBUG -DUSE_HAL_DRIVER -DSTM32F030x8 -c -I../Core/Inc -I../Drivers/STM32F0xx_HAL_Driver/Inc -I../Drivers/STM32F0xx_HAL_Driver/Inc/Legacy -I../Drivers/CMSIS/Device/ST/STM32F0xx/Include -I../Drivers/CMSIS/Include -O0 -ffunction-sections -fdata-sections -Wall -fstack-usage -fcyclomatic-complexity -MMD -MP -MF"Drivers/STM32F0xx_HAL_Driver/Src/stm32f0xx_hal.d" -MT"Drivers/STM32F0xx_HAL_Driver/Src/stm32f0xx_hal.o" --specs=nano.specs -mfloat-abi=soft -mthumb -o "Drivers/STM32F0xx_HAL_Driver/Src/stm32f0xx_hal.o"
arm-none-eabi-gcc "../Drivers/STM32F0xx_HAL_Driver/Src/stm32f0xx_hal_adc.c" -mcpu=cortex-m0 -std=gnu11 -g3 -DDEBUG -DUSE_HAL_DRIVER -DSTM32F030x8 -c -I../Core/Inc -I../Drivers/STM32F0xx_HAL_Driver/Inc -I../Drivers/STM32F0xx_HAL_Driver/Inc/Legacy -I../Drivers/CMSIS/Device/ST/STM32F0xx/Include -I../Drivers/CMSIS/Include -O0 -ffunction-sections -fdata-sections -Wall -fstack-usage -fcyclomatic-complexity -MMD -MP -MF"Drivers/STM32F0xx_HAL_Driver/Src/stm32f0xx_hal_adc.d" -MT"Drivers/STM32F0xx_HAL_Driver/Src/stm32f0xx_hal_adc.o" --specs=nano.specs -mfloat-abi=soft -mthumb -o "Drivers/STM32F0xx_HAL_Driver/Src/stm32f0xx_hal_adc.o"
arm-none-eabi-gcc "../Drivers/STM32F0xx_HAL_Driver/Src/stm32f0xx_hal_adc_ex.c" -mcpu=cortex-m0 -std=gnu11 -g3 -DDEBUG -DUSE_HAL_DRIVER -DSTM32F030x8 -c -I../Core/Inc -I../Drivers/STM32F0xx_HAL_Driver/Inc -I../Drivers/STM32F0xx_HAL_Driver/Inc/Legacy -I../Drivers/CMSIS/Device/ST/STM32F0xx/Include -I../Drivers/CMSIS/Include -O0 -ffunction-sections -fdata-sections -Wall -fstack-usage -fcyclomatic-complexity -MMD -MP -MF"Drivers/STM32F0xx_HAL_Driver/Src/stm32f0xx_hal_adc_ex.d" -MT"Drivers/STM32F0xx_HAL_Driver/Src/stm32f0xx_hal_adc_ex.o" --specs=nano.specs -mfloat-abi=soft -mthumb -o "Drivers/STM32F0xx_HAL_Driver/Src/stm32f0xx_hal_adc_ex.o"
arm-none-eabi-gcc "../Drivers/STM32F0xx_HAL_Driver/Src/stm32f0xx_hal_cortex.c" -mcpu=cortex-m0 -std=gnu11 -g3 -DDEBUG -DUSE_HAL_DRIVER -DSTM32F030x8 -c -I../Core/Inc -I../Drivers/STM32F0xx_HAL_Driver/Inc -I../Drivers/STM32F0xx_HAL_Driver/Inc/Legacy -I../Drivers/CMSIS/Device/ST/STM32F0xx/Include -I../Drivers/CMSIS/Include -O0 -ffunction-sections -fdata-sections -Wall -fstack-usage -fcyclomatic-complexity -MMD -MP -MF"Drivers/STM32F0xx_HAL_Driver/Src/stm32f0xx_hal_cortex.d" -MT"Drivers/STM32F0xx_HAL_Driver/Src/stm32f0xx_hal_cortex.o" --specs=nano.specs -mfloat-abi=soft -mthumb -o "Drivers/STM32F0xx_HAL_Driver/Src/stm32f0xx_hal_cortex.o"
arm-none-eabi-gcc "../Drivers/STM32F0xx_HAL_Driver/Src/stm32f0xx_hal_dma.c" -mcpu=cortex-m0 -std=gnu11 -g3 -DDEBUG -DUSE_HAL_DRIVER -DSTM32F030x8 -c -I../Core/Inc -I../Drivers/STM32F0xx_HAL_Driver/Inc -I../Drivers/STM32F0xx_HAL_Driver/Inc/Legacy -I../Drivers/CMSIS/Device/ST/STM32F0xx/Include -I../Drivers/CMSIS/Include -O0 -ffunction-sections -fdata-sections -Wall -fstack-usage -fcyclomatic-complexity -MMD -MP -MF"Drivers/STM32F0xx_HAL_Driver/Src/stm32f0xx_hal_dma.d" -MT"Drivers/STM32F0xx_HAL_Driver/Src/stm32f0xx_hal_dma.o" --specs=nano.specs -mfloat-abi=soft -mthumb -o "Drivers/STM32F0xx_HAL_Driver/Src/stm32f0xx_hal_dma.o"
arm-none-eabi-gcc "../Drivers/STM32F0xx_HAL_Driver/Src/stm32f0xx_hal_exti.c" -mcpu=cortex-m0 -std=gnu11 -g3 -DDEBUG -DUSE_HAL_DRIVER -DSTM32F030x8 -c -I../Core/Inc -I../Drivers/STM32F0xx_HAL_Driver/Inc -I../Drivers/STM32F0xx_HAL_Driver/Inc/Legacy -I../Drivers/CMSIS/Device/ST/STM32F0xx/Include -I../Drivers/CMSIS/Include -O0 -ffunction-sections -fdata-sections -Wall -fstack-usage -fcyclomatic-complexity -MMD -MP -MF"Drivers/STM32F0xx_HAL_Driver/Src/stm32f0xx_hal_exti.d" -MT"Drivers/STM32F0xx_HAL_Driver/Src/stm32f0xx_hal_exti.o" --specs=nano.specs -mfloat-abi=soft -mthumb -o "Drivers/STM32F0xx_HAL_Driver/Src/stm32f0xx_hal_exti.o"
arm-none-eabi-gcc "../Drivers/STM32F0xx_HAL_Driver/Src/stm32f0xx_hal_flash.c" -mcpu=cortex-m0 -std=gnu11 -g3 -DDEBUG -DUSE_HAL_DRIVER -DSTM32F030x8 -c -I../Core/Inc -I../Drivers/STM32F0xx_HAL_Driver/Inc -I../Drivers/STM32F0xx_HAL_Driver/Inc/Legacy -I../Drivers/CMSIS/Device/ST/STM32F0xx/Include -I../Drivers/CMSIS/Include -O0 -ffunction-sections -fdata-sections -Wall -fstack-usage -fcyclomatic-complexity -MMD -MP -MF"Drivers/STM32F0xx_HAL_Driver/Src/stm32f0xx_hal_flash.d" -MT"Drivers/STM32F0xx_HAL_Driver/Src/stm32f0xx_hal_flash.o" --specs=nano.specs -mfloat-abi=soft -mthumb -o "Drivers/STM32F0xx_HAL_Driver/Src/stm32f0xx_hal_flash.o"
arm-none-eabi-gcc "../Drivers/STM32F0xx_HAL_Driver/Src/stm32f0xx_hal_flash_ex.c" -mcpu=cortex-m0 -std=gnu11 -g3 -DDEBUG -DUSE_HAL_DRIVER -DSTM32F030x8 -c -I../Core/Inc -I../Drivers/STM32F0xx_HAL_Driver/Inc -I../Drivers/STM32F0xx_HAL_Driver/Inc/Legacy -I../Drivers/CMSIS/Device/ST/STM32F0xx/Include -I../Drivers/CMSIS/Include -O0 -ffunction-sections -fdata-sections -Wall -fstack-usage -fcyclomatic-complexity -MMD -MP -MF"Drivers/STM32F0xx_HAL_Driver/Src/stm32f0xx_hal_flash_ex.d" -MT"Drivers/STM32F0xx_HAL_Driver/Src/stm32f0xx_hal_flash_ex.o" --specs=nano.specs -mfloat-abi=soft -mthumb -o "Drivers/STM32F0xx_HAL_Driver/Src/stm32f0xx_hal_flash_ex.o"
arm-none-eabi-gcc "../Drivers/STM32F0xx_HAL_Driver/Src/stm32f0xx_hal_gpio.c" -mcpu=cortex-m0 -std=gnu11 -g3 -DDEBUG -DUSE_HAL_DRIVER -DSTM32F030x8 -c -I../Core/Inc -I../Drivers/STM32F0xx_HAL_Driver/Inc -I../Drivers/STM32F0xx_HAL_Driver/Inc/Legacy -I../Drivers/CMSIS/Device/ST/STM32F0xx/Include -I../Drivers/CMSIS/Include -O0 -ffunction-sections -fdata-sections -Wall -fstack-usage -fcyclomatic-complexity -MMD -MP -MF"Drivers/STM32F0xx_HAL_Driver/Src/stm32f0xx_hal_gpio.d" -MT"Drivers/STM32F0xx_HAL_Driver/Src/stm32f0xx_hal_gpio.o" --specs=nano.specs -mfloat-abi=soft -mthumb -o "Drivers/STM32F0xx_HAL_Driver/Src/stm32f0xx_hal_gpio.o"
arm-none-eabi-gcc "../Drivers/STM32F0xx_HAL_Driver/Src/stm32f0xx_hal_i2c.c" -mcpu=cortex-m0 -std=gnu11 -g3 -DDEBUG -DUSE_HAL_DRIVER -DSTM32F030x8 -c -I../Core/Inc -I../Drivers/STM32F0xx_HAL_Driver/Inc -I../Drivers/STM32F0xx_HAL_Driver/Inc/Legacy -I../Drivers/CMSIS/Device/ST/STM32F0xx/Include -I../Drivers/CMSIS/Include -O0 -ffunction-sections -fdata-sections -Wall -fstack-usage -fcyclomatic-complexity -MMD -MP -MF"Drivers/STM32F0xx_HAL_Driver/Src/stm32f0xx_hal_i2c.d" -MT"Drivers/STM32F0xx_HAL_Driver/Src/stm32f0xx_hal_i2c.o" --specs=nano.specs -mfloat-abi=soft -mthumb -o "Drivers/STM32F0xx_HAL_Driver/Src/stm32f0xx_hal_i2c.o"
arm-none-eabi-gcc "../Drivers/STM32F0xx_HAL_Driver/Src/stm32f0xx_hal_i2c_ex.c" -mcpu=cortex-m0 -std=gnu11 -g3 -DDEBUG -DUSE_HAL_DRIVER -DSTM32F030x8 -c -I../Core/Inc -I../Drivers/STM32F0xx_HAL_Driver/Inc -I../Drivers/STM32F0xx_HAL_Driver/Inc/Legacy -I../Drivers/CMSIS/Device/ST/STM32F0xx/Include -I../Drivers/CMSIS/Include -O0 -ffunction-sections -fdata-sections -Wall -fstack-usage -fcyclomatic-complexity -MMD -MP -MF"Drivers/STM32F0xx_HAL_Driver/Src/stm32f0xx_hal_i2c_ex.d" -MT"Drivers/STM32F0xx_HAL_Driver/Src/stm32f0xx_hal_i2c_ex.o" --specs=nano.specs -mfloat-abi=soft -mthumb -o "Drivers/STM32F0xx_HAL_Driver/Src/stm32f0xx_hal_i2c_ex.o"
arm-none-eabi-gcc "../Drivers/STM32F0xx_HAL_Driver/Src/stm32f0xx_hal_pwr.c" -mcpu=cortex-m0 -std=gnu11 -g3 -DDEBUG -DUSE_HAL_DRIVER -DSTM32F030x8 -c -I../Core/Inc -I../Drivers/STM32F0xx_HAL_Driver/Inc -I../Drivers/STM32F0xx_HAL_Driver/Inc/Legacy -I../Drivers/CMSIS/Device/ST/STM32F0xx/Include -I../Drivers/CMSIS/Include -O0 -ffunction-sections -fdata-sections -Wall -fstack-usage -fcyclomatic-complexity -MMD -MP -MF"Drivers/STM32F0xx_HAL_Driver/Src/stm32f0xx_hal_pwr.d" -MT"Drivers/STM32F0xx_HAL_Driver/Src/stm32f0xx_hal_pwr.o" --specs=nano.specs -mfloat-abi=soft -mthumb -o "Drivers/STM32F0xx_HAL_Driver/Src/stm32f0xx_hal_pwr.o"
arm-none-eabi-gcc "../Drivers/STM32F0xx_HAL_Driver/Src/stm32f0xx_hal_pwr_ex.c" -mcpu=cortex-m0 -std=gnu11 -g3 -DDEBUG -DUSE_HAL_DRIVER -DSTM32F030x8 -c -I../Core/Inc -I../Drivers/STM32F0xx_HAL_Driver/Inc -I../Drivers/STM32F0xx_HAL_Driver/Inc/Legacy -I../Drivers/CMSIS/Device/ST/STM32F0xx/Include -I../Drivers/CMSIS/Include -O0 -ffunction-sections -fdata-sections -Wall -fstack-usage -fcyclomatic-complexity -MMD -MP -MF"Drivers/STM32F0xx_HAL_Driver/Src/stm32f0xx_hal_pwr_ex.d" -MT"Drivers/STM32F0xx_HAL_Driver/Src/stm32f0xx_hal_pwr_ex.o" --specs=nano.specs -mfloat-abi=soft -mthumb -o "Drivers/STM32F0xx_HAL_Driver/Src/stm32f0xx_hal_pwr_ex.o"
arm-none-eabi-gcc "../Drivers/STM32F0xx_HAL_Driver/Src/stm32f0xx_hal_rcc.c" -mcpu=cortex-m0 -std=gnu11 -g3 -DDEBUG -DUSE_HAL_DRIVER -DSTM32F030x8 -c -I../Core/Inc -I../Drivers/STM32F0xx_HAL_Driver/Inc -I../Drivers/STM32F0xx_HAL_Driver/Inc/Legacy -I../Drivers/CMSIS/Device/ST/STM32F0xx/Include -I../Drivers/CMSIS/Include -O0 -ffunction-sections -fdata-sections -Wall -fstack-usage -fcyclomatic-complexity -MMD -MP -MF"Drivers/STM32F0xx_HAL_Driver/Src/stm32f0xx_hal_rcc.d" -MT"Drivers/STM32F0xx_HAL_Driver/Src/stm32f0xx_hal_rcc.o" --specs=nano.specs -mfloat-abi=soft -mthumb -o "Drivers/STM32F0xx_HAL_Driver/Src/stm32f0xx_hal_rcc.o"
arm-none-eabi-gcc "../Drivers/STM32F0xx_HAL_Driver/Src/stm32f0xx_hal_rcc_ex.c" -mcpu=cortex-m0 -std=gnu11 -g3 -DDEBUG -DUSE_HAL_DRIVER -DSTM32F030x8 -c -I../Core/Inc -I../Drivers/STM32F0xx_HAL_Driver/Inc -I../Drivers/STM32F0xx_HAL_Driver/Inc/Legacy -I../Drivers/CMSIS/Device/ST/STM32F0xx/Include -I../Drivers/CMSIS/Include -O0 -ffunction-sections -fdata-sections -Wall -fstack-usage -fcyclomatic-complexity -MMD -MP -MF"Drivers/STM32F0xx_HAL_Driver/Src/stm32f0xx_hal_rcc_ex.d" -MT"Drivers/STM32F0xx_HAL_Driver/Src/stm32f0xx_hal_rcc_ex.o" --specs=nano.specs -mfloat-abi=soft -mthumb -o "Drivers/STM32F0xx_HAL_Driver/Src/stm32f0xx_hal_rcc_ex.o"
arm-none-eabi-gcc "../Drivers/STM32F0xx_HAL_Driver/Src/stm32f0xx_hal_tim.c" -mcpu=cortex-m0 -std=gnu11 -g3 -DDEBUG -DUSE_HAL_DRIVER -DSTM32F030x8 -c -I../Core/Inc -I../Drivers/STM32F0xx_HAL_Driver/Inc -I../Drivers/STM32F0xx_HAL_Driver/Inc/Legacy -I../Drivers/CMSIS/Device/ST/STM32F0xx/Include -I../Drivers/CMSIS/Include -O0 -ffunction-sections -fdata-sections -Wall -fstack-usage -fcyclomatic-complexity -MMD -MP -MF"Drivers/STM32F0xx_HAL_Driver/Src/stm32f0xx_hal_tim.d" -MT"Drivers/STM32F0xx_HAL_Driver/Src/stm32f0xx_hal_tim.o" --specs=nano.specs -mfloat-abi=soft -mthumb -o "Drivers/STM32F0xx_HAL_Driver/Src/stm32f0xx_hal_tim.o"
arm-none-eabi-gcc "../Drivers/STM32F0xx_HAL_Driver/Src/stm32f0xx_hal_tim_ex.c" -mcpu=cortex-m0 -std=gnu11 -g3 -DDEBUG -DUSE_HAL_DRIVER -DSTM32F030x8 -c -I../Core/Inc -I../Drivers/STM32F0xx_HAL_Driver/Inc -I../Drivers/STM32F0xx_HAL_Driver/Inc/Legacy -I../Drivers/CMSIS/Device/ST/STM32F0xx/Include -I../Drivers/CMSIS/Include -O0 -ffunction-sections -fdata-sections -Wall -fstack-usage -fcyclomatic-complexity -MMD -MP -MF"Drivers/STM32F0xx_HAL_Driver/Src/stm32f0xx_hal_tim_ex.d" -MT"Drivers/STM32F0xx_HAL_Driver/Src/stm32f0xx_hal_tim_ex.o" --specs=nano.specs -mfloat-abi=soft -mthumb -o "Drivers/STM32F0xx_HAL_Driver/Src/stm32f0xx_hal_tim_ex.o"
arm-none-eabi-gcc "../Drivers/STM32F0xx_HAL_Driver/Src/stm32f0xx_hal_uart.c" -mcpu=cortex-m0 -std=gnu11 -g3 -DDEBUG -DUSE_HAL_DRIVER -DSTM32F030x8 -c -I../Core/Inc -I../Drivers/STM32F0xx_HAL_Driver/Inc -I../Drivers/STM32F0xx_HAL_Driver/Inc/Legacy -I../Drivers/CMSIS/Device/ST/STM32F0xx/Include -I../Drivers/CMSIS/Include -O0 -ffunction-sections -fdata-sections -Wall -fstack-usage -fcyclomatic-complexity -MMD -MP -MF"Drivers/STM32F0xx_HAL_Driver/Src/stm32f0xx_hal_uart.d" -MT"Drivers/STM32F0xx_HAL_Driver/Src/stm32f0xx_hal_uart.o" --specs=nano.specs -mfloat-abi=soft -mthumb -o "Drivers/STM32F0xx_HAL_Driver/Src/stm32f0xx_hal_uart.o"
arm-none-eabi-gcc "../Drivers/STM32F0xx_HAL_Driver/Src/stm32f0xx_hal_uart_ex.c" -mcpu=cortex-m0 -std=gnu11 -g3 -DDEBUG -DUSE_HAL_DRIVER -DSTM32F030x8 -c -I../Core/Inc -I../Drivers/STM32F0xx_HAL_Driver/Inc -I../Drivers/STM32F0xx_HAL_Driver/Inc/Legacy -I../Drivers/CMSIS/Device/ST/STM32F0xx/Include -I../Drivers/CMSIS/Include -O0 -ffunction-sections -fdata-sections -Wall -fstack-usage -fcyclomatic-complexity -MMD -MP -MF"Drivers/STM32F0xx_HAL_Driver/Src/stm32f0xx_hal_uart_ex.d" -MT"Drivers/STM32F0xx_HAL_Driver/Src/stm32f0xx_hal_uart_ex.o" --specs=nano.specs -mfloat-abi=soft -mthumb -o "Drivers/STM32F0xx_HAL_Driver/Src/stm32f0xx_hal_uart_ex.o"
arm-none-eabi-gcc -mcpu=cortex-m0 -g3 -DDEBUG -c -x assembler-with-cpp -MMD -MP -MF"Core/Startup/startup_stm32f030r8tx.d" -MT"Core/Startup/startup_stm32f030r8tx.o" --specs=nano.specs -mfloat-abi=soft -mthumb -o "Core/Startup/startup_stm32f030r8tx.o" "../Core/Startup/startup_stm32f030r8tx.s"
arm-none-eabi-gcc "../Core/Src/main.c" -mcpu=cortex-m0 -std=gnu11 -g3 -DDEBUG -DUSE_HAL_DRIVER -DSTM32F030x8 -c -I../Core/Inc -I../Drivers/STM32F0xx_HAL_Driver/Inc -I../Drivers/STM32F0xx_HAL_Driver/Inc/Legacy -I../Drivers/CMSIS/Device/ST/STM32F0xx/Include -I../Drivers/CMSIS/Include -O0 -ffunction-sections -fdata-sections -Wall -fstack-usage -fcyclomatic-complexity -MMD -MP -MF"Core/Src/main.d" -MT"Core/Src/main.o" --specs=nano.specs -mfloat-abi=soft -mthumb -o "Core/Src/main.o"
arm-none-eabi-gcc "../Core/Src/sct.c" -mcpu=cortex-m0 -std=gnu11 -g3 -DDEBUG -DUSE_HAL_DRIVER -DSTM32F030x8 -c -I../Core/Inc -I../Drivers/STM32F0xx_HAL_Driver/Inc -I../Drivers/STM32F0xx_HAL_Driver/Inc/Legacy -I../Drivers/CMSIS/Device/ST/STM32F0xx/Include -I../Drivers/CMSIS/Include -O0 -ffunction-sections -fdata-sections -Wall -fstack-usage -fcyclomatic-complexity -MMD -MP -MF"Core/Src/sct.d" -MT"Core/Src/sct.o" --specs=nano.specs -mfloat-abi=soft -mthumb -o "Core/Src/sct.o"
../Core/Src/main.c: In function 'main':
../Core/Src/main.c:98:3: warning: implicit declaration of function 'sct_init' [-Wimplicit-function-declaration]
   98 |   sct_init();
      |   ^~~~~~~~
arm-none-eabi-gcc "../Core/Src/stm32f0xx_hal_msp.c" -mcpu=cortex-m0 -std=gnu11 -g3 -DDEBUG -DUSE_HAL_DRIVER -DSTM32F030x8 -c -I../Core/Inc -I../Drivers/STM32F0xx_HAL_Driver/Inc -I../Drivers/STM32F0xx_HAL_Driver/Inc/Legacy -I../Drivers/CMSIS/Device/ST/STM32F0xx/Include -I../Drivers/CMSIS/Include -O0 -ffunction-sections -fdata-sections -Wall -fstack-usage -fcyclomatic-complexity -MMD -MP -MF"Core/Src/stm32f0xx_hal_msp.d" -MT"Core/Src/stm32f0xx_hal_msp.o" --specs=nano.specs -mfloat-abi=soft -mthumb -o "Core/Src/stm32f0xx_hal_msp.o"
arm-none-eabi-gcc "../Core/Src/stm32f0xx_it.c" -mcpu=cortex-m0 -std=gnu11 -g3 -DDEBUG -DUSE_HAL_DRIVER -DSTM32F030x8 -c -I../Core/Inc -I../Drivers/STM32F0xx_HAL_Driver/Inc -I../Drivers/STM32F0xx_HAL_Driver/Inc/Legacy -I../Drivers/CMSIS/Device/ST/STM32F0xx/Include -I../Drivers/CMSIS/Include -O0 -ffunction-sections -fdata-sections -Wall -fstack-usage -fcyclomatic-complexity -MMD -MP -MF"Core/Src/stm32f0xx_it.d" -MT"Core/Src/stm32f0xx_it.o" --specs=nano.specs -mfloat-abi=soft -mthumb -o "Core/Src/stm32f0xx_it.o"
arm-none-eabi-gcc "../Core/Src/syscalls.c" -mcpu=cortex-m0 -std=gnu11 -g3 -DDEBUG -DUSE_HAL_DRIVER -DSTM32F030x8 -c -I../Core/Inc -I../Drivers/STM32F0xx_HAL_Driver/Inc -I../Drivers/STM32F0xx_HAL_Driver/Inc/Legacy -I../Drivers/CMSIS/Device/ST/STM32F0xx/Include -I../Drivers/CMSIS/Include -O0 -ffunction-sections -fdata-sections -Wall -fstack-usage -fcyclomatic-complexity -MMD -MP -MF"Core/Src/syscalls.d" -MT"Core/Src/syscalls.o" --specs=nano.specs -mfloat-abi=soft -mthumb -o "Core/Src/syscalls.o"
arm-none-eabi-gcc "../Core/Src/sysmem.c" -mcpu=cortex-m0 -std=gnu11 -g3 -DDEBUG -DUSE_HAL_DRIVER -DSTM32F030x8 -c -I../Core/Inc -I../Drivers/STM32F0xx_HAL_Driver/Inc -I../Drivers/STM32F0xx_HAL_Driver/Inc/Legacy -I../Drivers/CMSIS/Device/ST/STM32F0xx/Include -I../Drivers/CMSIS/Include -O0 -ffunction-sections -fdata-sections -Wall -fstack-usage -fcyclomatic-complexity -MMD -MP -MF"Core/Src/sysmem.d" -MT"Core/Src/sysmem.o" --specs=nano.specs -mfloat-abi=soft -mthumb -o "Core/Src/sysmem.o"
arm-none-eabi-gcc "../Core/Src/system_stm32f0xx.c" -mcpu=cortex-m0 -std=gnu11 -g3 -DDEBUG -DUSE_HAL_DRIVER -DSTM32F030x8 -c -I../Core/Inc -I../Drivers/STM32F0xx_HAL_Driver/Inc -I../Drivers/STM32F0xx_HAL_Driver/Inc/Legacy -I../Drivers/CMSIS/Device/ST/STM32F0xx/Include -I../Drivers/CMSIS/Include -O0 -ffunction-sections -fdata-sections -Wall -fstack-usage -fcyclomatic-complexity -MMD -MP -MF"Core/Src/system_stm32f0xx.d" -MT"Core/Src/system_stm32f0xx.o" --specs=nano.specs -mfloat-abi=soft -mthumb -o "Core/Src/system_stm32f0xx.o"
arm-none-eabi-gcc -o "cv4.elf" @"objects.list"   -mcpu=cortex-m0 -T"C:\Temp\230345\MKS\cv4\cv4\STM32F030R8TX_FLASH.ld" --specs=nosys.specs -Wl,-Map="cv4.map" -Wl,--gc-sections -static --specs=nano.specs -mfloat-abi=soft -mthumb -Wl,--start-group -lc -lm -Wl,--end-group
Finished building target: cv4.elf
 
arm-none-eabi-size   cv4.elf 
arm-none-eabi-objdump -h -S  cv4.elf  > "cv4.list"
   text	   data	    bss	    dec	    hex	filename
  10012	     20	   1772	  11804	   2e1c	cv4.elf
Finished building: default.size.stdout
 
Finished building: cv4.list
 
10:11:23 **** Incremental Build of configuration Debug for project cv4 ****
make -j4 all 
arm-none-eabi-gcc "../Core/Src/main.c" -mcpu=cortex-m0 -std=gnu11 -g3 -DDEBUG -DUSE_HAL_DRIVER -DSTM32F030x8 -c -I../Core/Inc -I../Drivers/STM32F0xx_HAL_Driver/Inc -I../Drivers/STM32F0xx_HAL_Driver/Inc/Legacy -I../Drivers/CMSIS/Device/ST/STM32F0xx/Include -I../Drivers/CMSIS/Include -O0 -ffunction-sections -fdata-sections -Wall -fstack-usage -fcyclomatic-complexity -MMD -MP -MF"Core/Src/main.d" -MT"Core/Src/main.o" --specs=nano.specs -mfloat-abi=soft -mthumb -o "Core/Src/main.o"
arm-none-eabi-gcc "../Core/Src/sct.c" -mcpu=cortex-m0 -std=gnu11 -g3 -DDEBUG -DUSE_HAL_DRIVER -DSTM32F030x8 -c -I../Core/Inc -I../Drivers/STM32F0xx_HAL_Driver/Inc -I../Drivers/STM32F0xx_HAL_Driver/Inc/Legacy -I../Drivers/CMSIS/Device/ST/STM32F0xx/Include -I../Drivers/CMSIS/Include -O0 -ffunction-sections -fdata-sections -Wall -fstack-usage -fcyclomatic-complexity -MMD -MP -MF"Core/Src/sct.d" -MT"Core/Src/sct.o" --specs=nano.specs -mfloat-abi=soft -mthumb -o "Core/Src/sct.o"
../Core/Src/main.c: In function 'main':
../Core/Src/main.c:96:3: warning: implicit declaration of function 'sct_init' [-Wimplicit-function-declaration]
   96 |   sct_init();
      |   ^~~~~~~~
../Core/Src/sct.c: In function 'sct_value':
../Core/Src/sct.c:68:25: warning: excess elements in array initializer
   68 |                         {
      |                         ^
../Core/Src/sct.c:68:25: note: (near initialization for 'reg_values')
arm-none-eabi-gcc -o "cv4.elf" @"objects.list"   -mcpu=cortex-m0 -T"C:\Temp\230345\MKS\cv4\cv4\STM32F030R8TX_FLASH.ld" --specs=nosys.specs -Wl,-Map="cv4.map" -Wl,--gc-sections -static --specs=nano.specs -mfloat-abi=soft -mthumb -Wl,--start-group -lc -lm -Wl,--end-group
Finished building target: cv4.elf
 
arm-none-eabi-size   cv4.elf 
arm-none-eabi-objdump -h -S  cv4.elf  > "cv4.list"
   text	   data	    bss	    dec	    hex	filename
  10012	     20	   1772	  11804	   2e1c	cv4.elf
Finished building: default.size.stdout
 
Finished building: cv4.list
 
10:11:45 **** Incremental Build of configuration Debug for project cv4 ****
make -j4 all 
arm-none-eabi-size   cv4.elf 
   text	   data	    bss	    dec	    hex	filename
  10012	     20	   1772	  11804	   2e1c	cv4.elf
Finished building: default.size.stdout
 
10:14:12 **** Incremental Build of configuration Debug for project cv4 ****
make -j4 all 
arm-none-eabi-gcc "../Core/Src/main.c" -mcpu=cortex-m0 -std=gnu11 -g3 -DDEBUG -DUSE_HAL_DRIVER -DSTM32F030x8 -c -I../Core/Inc -I../Drivers/STM32F0xx_HAL_Driver/Inc -I../Drivers/STM32F0xx_HAL_Driver/Inc/Legacy -I../Drivers/CMSIS/Device/ST/STM32F0xx/Include -I../Drivers/CMSIS/Include -O0 -ffunction-sections -fdata-sections -Wall -fstack-usage -fcyclomatic-complexity -MMD -MP -MF"Core/Src/main.d" -MT"Core/Src/main.o" --specs=nano.specs -mfloat-abi=soft -mthumb -o "Core/Src/main.o"
../Core/Src/main.c: In function 'main':
../Core/Src/main.c:96:3: warning: implicit declaration of function 'sct_init' [-Wimplicit-function-declaration]
   96 |   sct_init();
      |   ^~~~~~~~
../Core/Src/main.c:107:11: warning: implicit declaration of function 'sct_value' [-Wimplicit-function-declaration]
  107 |           sct_value(HAL_ADC_Start(&hadc1));
      |           ^~~~~~~~~
../Core/Src/main.c:107:36: error: 'hadc1' undeclared (first use in this function); did you mean 'hadc'?
  107 |           sct_value(HAL_ADC_Start(&hadc1));
      |                                    ^~~~~
      |                                    hadc
../Core/Src/main.c:107:36: note: each undeclared identifier is reported only once for each function it appears in
make: *** [Core/Src/subdir.mk:37: Core/Src/main.o] Error 1
"make -j4 all" terminated with exit code 2. Build might be incomplete.
10:14:52 **** Incremental Build of configuration Debug for project cv4 ****
make -j4 all 
arm-none-eabi-gcc "../Core/Src/main.c" -mcpu=cortex-m0 -std=gnu11 -g3 -DDEBUG -DUSE_HAL_DRIVER -DSTM32F030x8 -c -I../Core/Inc -I../Drivers/STM32F0xx_HAL_Driver/Inc -I../Drivers/STM32F0xx_HAL_Driver/Inc/Legacy -I../Drivers/CMSIS/Device/ST/STM32F0xx/Include -I../Drivers/CMSIS/Include -O0 -ffunction-sections -fdata-sections -Wall -fstack-usage -fcyclomatic-complexity -MMD -MP -MF"Core/Src/main.d" -MT"Core/Src/main.o" --specs=nano.specs -mfloat-abi=soft -mthumb -o "Core/Src/main.o"
../Core/Src/main.c: In function 'main':
../Core/Src/main.c:96:3: warning: implicit declaration of function 'sct_init' [-Wimplicit-function-declaration]
   96 |   sct_init();
      |   ^~~~~~~~
../Core/Src/main.c:107:11: error: 'val' undeclared (first use in this function)
  107 |           val = HAL_ADC_Start(&hadc1);
      |           ^~~
../Core/Src/main.c:107:11: note: each undeclared identifier is reported only once for each function it appears in
../Core/Src/main.c:107:32: error: 'hadc1' undeclared (first use in this function); did you mean 'hadc'?
  107 |           val = HAL_ADC_Start(&hadc1);
      |                                ^~~~~
      |                                hadc
../Core/Src/main.c:108:11: warning: implicit declaration of function 'sct_value' [-Wimplicit-function-declaration]
  108 |           sct_value(val);
      |           ^~~~~~~~~
make: *** [Core/Src/subdir.mk:37: Core/Src/main.o] Error 1
"make -j4 all" terminated with exit code 2. Build might be incomplete.
10:15:08 **** Incremental Build of configuration Debug for project cv4 ****
make -j4 all 
arm-none-eabi-gcc "../Core/Src/main.c" -mcpu=cortex-m0 -std=gnu11 -g3 -DDEBUG -DUSE_HAL_DRIVER -DSTM32F030x8 -c -I../Core/Inc -I../Drivers/STM32F0xx_HAL_Driver/Inc -I../Drivers/STM32F0xx_HAL_Driver/Inc/Legacy -I../Drivers/CMSIS/Device/ST/STM32F0xx/Include -I../Drivers/CMSIS/Include -O0 -ffunction-sections -fdata-sections -Wall -fstack-usage -fcyclomatic-complexity -MMD -MP -MF"Core/Src/main.d" -MT"Core/Src/main.o" --specs=nano.specs -mfloat-abi=soft -mthumb -o "Core/Src/main.o"
../Core/Src/main.c: In function 'main':
../Core/Src/main.c:96:3: warning: implicit declaration of function 'sct_init' [-Wimplicit-function-declaration]
   96 |   sct_init();
      |   ^~~~~~~~
../Core/Src/main.c:107:11: error: 'val' undeclared (first use in this function)
  107 |           val = HAL_ADC_Start(&hadc);
      |           ^~~
../Core/Src/main.c:107:11: note: each undeclared identifier is reported only once for each function it appears in
../Core/Src/main.c:108:11: warning: implicit declaration of function 'sct_value' [-Wimplicit-function-declaration]
  108 |           sct_value(val);
      |           ^~~~~~~~~
make: *** [Core/Src/subdir.mk:37: Core/Src/main.o] Error 1
"make -j4 all" terminated with exit code 2. Build might be incomplete.
10:15:36 **** Incremental Build of configuration Debug for project cv4 ****
make -j4 all 
arm-none-eabi-gcc "../Core/Src/main.c" -mcpu=cortex-m0 -std=gnu11 -g3 -DDEBUG -DUSE_HAL_DRIVER -DSTM32F030x8 -c -I../Core/Inc -I../Drivers/STM32F0xx_HAL_Driver/Inc -I../Drivers/STM32F0xx_HAL_Driver/Inc/Legacy -I../Drivers/CMSIS/Device/ST/STM32F0xx/Include -I../Drivers/CMSIS/Include -O0 -ffunction-sections -fdata-sections -Wall -fstack-usage -fcyclomatic-complexity -MMD -MP -MF"Core/Src/main.d" -MT"Core/Src/main.o" --specs=nano.specs -mfloat-abi=soft -mthumb -o "Core/Src/main.o"
../Core/Src/main.c: In function 'main':
../Core/Src/main.c:96:3: warning: implicit declaration of function 'sct_init' [-Wimplicit-function-declaration]
   96 |   sct_init();
      |   ^~~~~~~~
../Core/Src/main.c:107:11: warning: implicit declaration of function 'sct_value' [-Wimplicit-function-declaration]
  107 |           sct_value( HAL_ADC_Start(&hadc));
      |           ^~~~~~~~~
arm-none-eabi-gcc -o "cv4.elf" @"objects.list"   -mcpu=cortex-m0 -T"C:\Temp\230345\MKS\cv4\cv4\STM32F030R8TX_FLASH.ld" --specs=nosys.specs -Wl,-Map="cv4.map" -Wl,--gc-sections -static --specs=nano.specs -mfloat-abi=soft -mthumb -Wl,--start-group -lc -lm -Wl,--end-group
Finished building target: cv4.elf
 
arm-none-eabi-size   cv4.elf 
arm-none-eabi-objdump -h -S  cv4.elf  > "cv4.list"
   text	   data	    bss	    dec	    hex	filename
  10472	     20	   1772	  12264	   2fe8	cv4.elf
Finished building: default.size.stdout
 
Finished building: cv4.list
 
10:16:08 **** Incremental Build of configuration Debug for project cv4 ****
make -j4 all 
arm-none-eabi-gcc "../Core/Src/main.c" -mcpu=cortex-m0 -std=gnu11 -g3 -DDEBUG -DUSE_HAL_DRIVER -DSTM32F030x8 -c -I../Core/Inc -I../Drivers/STM32F0xx_HAL_Driver/Inc -I../Drivers/STM32F0xx_HAL_Driver/Inc/Legacy -I../Drivers/CMSIS/Device/ST/STM32F0xx/Include -I../Drivers/CMSIS/Include -O0 -ffunction-sections -fdata-sections -Wall -fstack-usage -fcyclomatic-complexity -MMD -MP -MF"Core/Src/main.d" -MT"Core/Src/main.o" --specs=nano.specs -mfloat-abi=soft -mthumb -o "Core/Src/main.o"
../Core/Src/main.c: In function 'main':
../Core/Src/main.c:81:3: warning: implicit declaration of function 'sct_init' [-Wimplicit-function-declaration]
   81 |   sct_init();
      |   ^~~~~~~~
../Core/Src/main.c:106:11: warning: implicit declaration of function 'sct_value' [-Wimplicit-function-declaration]
  106 |           sct_value( HAL_ADC_Start(&hadc));
      |           ^~~~~~~~~
arm-none-eabi-gcc -o "cv4.elf" @"objects.list"   -mcpu=cortex-m0 -T"C:\Temp\230345\MKS\cv4\cv4\STM32F030R8TX_FLASH.ld" --specs=nosys.specs -Wl,-Map="cv4.map" -Wl,--gc-sections -static --specs=nano.specs -mfloat-abi=soft -mthumb -Wl,--start-group -lc -lm -Wl,--end-group
Finished building target: cv4.elf
 
arm-none-eabi-size   cv4.elf 
arm-none-eabi-objdump -h -S  cv4.elf  > "cv4.list"
   text	   data	    bss	    dec	    hex	filename
  10472	     20	   1772	  12264	   2fe8	cv4.elf
Finished building: default.size.stdout
 
Finished building: cv4.list
 
10:16:58 **** Incremental Build of configuration Debug for project cv4 ****
make -j4 all 
arm-none-eabi-gcc "../Core/Src/main.c" -mcpu=cortex-m0 -std=gnu11 -g3 -DDEBUG -DUSE_HAL_DRIVER -DSTM32F030x8 -c -I../Core/Inc -I../Drivers/STM32F0xx_HAL_Driver/Inc -I../Drivers/STM32F0xx_HAL_Driver/Inc/Legacy -I../Drivers/CMSIS/Device/ST/STM32F0xx/Include -I../Drivers/CMSIS/Include -O0 -ffunction-sections -fdata-sections -Wall -fstack-usage -fcyclomatic-complexity -MMD -MP -MF"Core/Src/main.d" -MT"Core/Src/main.o" --specs=nano.specs -mfloat-abi=soft -mthumb -o "Core/Src/main.o"
arm-none-eabi-gcc -o "cv4.elf" @"objects.list"   -mcpu=cortex-m0 -T"C:\Temp\230345\MKS\cv4\cv4\STM32F030R8TX_FLASH.ld" --specs=nosys.specs -Wl,-Map="cv4.map" -Wl,--gc-sections -static --specs=nano.specs -mfloat-abi=soft -mthumb -Wl,--start-group -lc -lm -Wl,--end-group
Finished building target: cv4.elf
 
arm-none-eabi-size   cv4.elf 
arm-none-eabi-objdump -h -S  cv4.elf  > "cv4.list"
   text	   data	    bss	    dec	    hex	filename
  10452	     20	   1772	  12244	   2fd4	cv4.elf
Finished building: default.size.stdout
 
Finished building: cv4.list
 
10:17:12 **** Incremental Build of configuration Debug for project cv4 ****
make -j4 all 
arm-none-eabi-size   cv4.elf 
   text	   data	    bss	    dec	    hex	filename
  10452	     20	   1772	  12244	   2fd4	cv4.elf
Finished building: default.size.stdout
 
10:18:26 **** Incremental Build of configuration Debug for project cv4 ****
make -j4 all 
arm-none-eabi-gcc "../Core/Src/main.c" -mcpu=cortex-m0 -std=gnu11 -g3 -DDEBUG -DUSE_HAL_DRIVER -DSTM32F030x8 -c -I../Core/Inc -I../Drivers/STM32F0xx_HAL_Driver/Inc -I../Drivers/STM32F0xx_HAL_Driver/Inc/Legacy -I../Drivers/CMSIS/Device/ST/STM32F0xx/Include -I../Drivers/CMSIS/Include -O0 -ffunction-sections -fdata-sections -Wall -fstack-usage -fcyclomatic-complexity -MMD -MP -MF"Core/Src/main.d" -MT"Core/Src/main.o" --specs=nano.specs -mfloat-abi=soft -mthumb -o "Core/Src/main.o"
arm-none-eabi-gcc -o "cv4.elf" @"objects.list"   -mcpu=cortex-m0 -T"C:\Temp\230345\MKS\cv4\cv4\STM32F030R8TX_FLASH.ld" --specs=nosys.specs -Wl,-Map="cv4.map" -Wl,--gc-sections -static --specs=nano.specs -mfloat-abi=soft -mthumb -Wl,--start-group -lc -lm -Wl,--end-group
Finished building target: cv4.elf
 
arm-none-eabi-size   cv4.elf 
arm-none-eabi-objdump -h -S  cv4.elf  > "cv4.list"
   text	   data	    bss	    dec	    hex	filename
  10968	     20	   1772	  12760	   31d8	cv4.elf
Finished building: default.size.stdout
 
Finished building: cv4.list
 
10:19:09 **** Incremental Build of configuration Debug for project cv4 ****
make -j4 all 
arm-none-eabi-gcc "../Core/Src/main.c" -mcpu=cortex-m0 -std=gnu11 -g3 -DDEBUG -DUSE_HAL_DRIVER -DSTM32F030x8 -c -I../Core/Inc -I../Drivers/STM32F0xx_HAL_Driver/Inc -I../Drivers/STM32F0xx_HAL_Driver/Inc/Legacy -I../Drivers/CMSIS/Device/ST/STM32F0xx/Include -I../Drivers/CMSIS/Include -O0 -ffunction-sections -fdata-sections -Wall -fstack-usage -fcyclomatic-complexity -MMD -MP -MF"Core/Src/main.d" -MT"Core/Src/main.o" --specs=nano.specs -mfloat-abi=soft -mthumb -o "Core/Src/main.o"
arm-none-eabi-gcc -o "cv4.elf" @"objects.list"   -mcpu=cortex-m0 -T"C:\Temp\230345\MKS\cv4\cv4\STM32F030R8TX_FLASH.ld" --specs=nosys.specs -Wl,-Map="cv4.map" -Wl,--gc-sections -static --specs=nano.specs -mfloat-abi=soft -mthumb -Wl,--start-group -lc -lm -Wl,--end-group
Finished building target: cv4.elf
 
arm-none-eabi-size   cv4.elf 
arm-none-eabi-objdump -h -S  cv4.elf  > "cv4.list"
   text	   data	    bss	    dec	    hex	filename
  10532	     20	   1772	  12324	   3024	cv4.elf
Finished building: default.size.stdout
 
Finished building: cv4.list
 
10:19:27 **** Incremental Build of configuration Debug for project cv4 ****
make -j4 all 
arm-none-eabi-size   cv4.elf 
   text	   data	    bss	    dec	    hex	filename
  10532	     20	   1772	  12324	   3024	cv4.elf
Finished building: default.size.stdout
 
10:21:30 **** Incremental Build of configuration Debug for project cv4 ****
make -j4 all 
arm-none-eabi-gcc "../Core/Src/main.c" -mcpu=cortex-m0 -std=gnu11 -g3 -DDEBUG -DUSE_HAL_DRIVER -DSTM32F030x8 -c -I../Core/Inc -I../Drivers/STM32F0xx_HAL_Driver/Inc -I../Drivers/STM32F0xx_HAL_Driver/Inc/Legacy -I../Drivers/CMSIS/Device/ST/STM32F0xx/Include -I../Drivers/CMSIS/Include -O0 -ffunction-sections -fdata-sections -Wall -fstack-usage -fcyclomatic-complexity -MMD -MP -MF"Core/Src/main.d" -MT"Core/Src/main.o" --specs=nano.specs -mfloat-abi=soft -mthumb -o "Core/Src/main.o"
../Core/Src/main.c: In function 'main':
../Core/Src/main.c:107:36: error: 'raw_pot' undeclared (first use in this function)
  107 |           sct_value( HAL_ADC_Start(raw_pot));
      |                                    ^~~~~~~
../Core/Src/main.c:107:36: note: each undeclared identifier is reported only once for each function it appears in
make: *** [Core/Src/subdir.mk:37: Core/Src/main.o] Error 1
"make -j4 all" terminated with exit code 2. Build might be incomplete.
10:24:34 **** Incremental Build of configuration Debug for project cv4 ****
make -j4 all 
arm-none-eabi-gcc "../Core/Src/main.c" -mcpu=cortex-m0 -std=gnu11 -g3 -DDEBUG -DUSE_HAL_DRIVER -DSTM32F030x8 -c -I../Core/Inc -I../Drivers/STM32F0xx_HAL_Driver/Inc -I../Drivers/STM32F0xx_HAL_Driver/Inc/Legacy -I../Drivers/CMSIS/Device/ST/STM32F0xx/Include -I../Drivers/CMSIS/Include -O0 -ffunction-sections -fdata-sections -Wall -fstack-usage -fcyclomatic-complexity -MMD -MP -MF"Core/Src/main.d" -MT"Core/Src/main.o" --specs=nano.specs -mfloat-abi=soft -mthumb -o "Core/Src/main.o"
../Core/Src/main.c: In function 'main':
../Core/Src/main.c:111:11: error: too many arguments to function 'sct_value'
  111 |           sct_value(raw_pot * (500 + 1) / 4096, raw_pot * 9 / 4096);
      |           ^~~~~~~~~
In file included from ../Core/Src/main.c:25:
../Core/Inc/sct.h:13:6: note: declared here
   13 | void sct_value(uint16_t value);
      |      ^~~~~~~~~
make: *** [Core/Src/subdir.mk:37: Core/Src/main.o] Error 1
"make -j4 all" terminated with exit code 2. Build might be incomplete.
10:25:04 **** Incremental Build of configuration Debug for project cv4 ****
make -j4 all 
arm-none-eabi-gcc "../Core/Src/main.c" -mcpu=cortex-m0 -std=gnu11 -g3 -DDEBUG -DUSE_HAL_DRIVER -DSTM32F030x8 -c -I../Core/Inc -I../Drivers/STM32F0xx_HAL_Driver/Inc -I../Drivers/STM32F0xx_HAL_Driver/Inc/Legacy -I../Drivers/CMSIS/Device/ST/STM32F0xx/Include -I../Drivers/CMSIS/Include -O0 -ffunction-sections -fdata-sections -Wall -fstack-usage -fcyclomatic-complexity -MMD -MP -MF"Core/Src/main.d" -MT"Core/Src/main.o" --specs=nano.specs -mfloat-abi=soft -mthumb -o "Core/Src/main.o"
arm-none-eabi-gcc -o "cv4.elf" @"objects.list"   -mcpu=cortex-m0 -T"C:\Temp\230345\MKS\cv4\cv4\STM32F030R8TX_FLASH.ld" --specs=nosys.specs -Wl,-Map="cv4.map" -Wl,--gc-sections -static --specs=nano.specs -mfloat-abi=soft -mthumb -Wl,--start-group -lc -lm -Wl,--end-group
Finished building target: cv4.elf
 
arm-none-eabi-size   cv4.elf 
arm-none-eabi-objdump -h -S  cv4.elf  > "cv4.list"
   text	   data	    bss	    dec	    hex	filename
  10376	     20	   1772	  12168	   2f88	cv4.elf
Finished building: default.size.stdout
 
Finished building: cv4.list
 
10:25:09 **** Incremental Build of configuration Debug for project cv4 ****
make -j4 all 
arm-none-eabi-size   cv4.elf 
   text	   data	    bss	    dec	    hex	filename
  10376	     20	   1772	  12168	   2f88	cv4.elf
Finished building: default.size.stdout
 
10:31:11 **** Incremental Build of configuration Debug for project cv4 ****
make -j4 all 
arm-none-eabi-gcc "../Core/Src/main.c" -mcpu=cortex-m0 -std=gnu11 -g3 -DDEBUG -DUSE_HAL_DRIVER -DSTM32F030x8 -c -I../Core/Inc -I../Drivers/STM32F0xx_HAL_Driver/Inc -I../Drivers/STM32F0xx_HAL_Driver/Inc/Legacy -I../Drivers/CMSIS/Device/ST/STM32F0xx/Include -I../Drivers/CMSIS/Include -O0 -ffunction-sections -fdata-sections -Wall -fstack-usage -fcyclomatic-complexity -MMD -MP -MF"Core/Src/main.d" -MT"Core/Src/main.o" --specs=nano.specs -mfloat-abi=soft -mthumb -o "Core/Src/main.o"
arm-none-eabi-gcc "../Core/Src/sct.c" -mcpu=cortex-m0 -std=gnu11 -g3 -DDEBUG -DUSE_HAL_DRIVER -DSTM32F030x8 -c -I../Core/Inc -I../Drivers/STM32F0xx_HAL_Driver/Inc -I../Drivers/STM32F0xx_HAL_Driver/Inc/Legacy -I../Drivers/CMSIS/Device/ST/STM32F0xx/Include -I../Drivers/CMSIS/Include -O0 -ffunction-sections -fdata-sections -Wall -fstack-usage -fcyclomatic-complexity -MMD -MP -MF"Core/Src/sct.d" -MT"Core/Src/sct.o" --specs=nano.specs -mfloat-abi=soft -mthumb -o "Core/Src/sct.o"
../Core/Src/sct.c:27:6: error: conflicting types for 'sct_value'; have 'void(uint16_t,  uint8_t)' {aka 'void(short unsigned int,  unsigned char)'}
   27 | void sct_value(uint16_t value, uint8_t led){
      |      ^~~~~~~~~
In file included from ../Core/Src/sct.c:8:
../Core/Inc/sct.h:13:6: note: previous declaration of 'sct_value' with type 'void(uint16_t)' {aka 'void(short unsigned int)'}
   13 | void sct_value(uint16_t value);
      |      ^~~~~~~~~
../Core/Src/sct.c: In function 'sct_value':
../Core/Src/sct.c:68:25: warning: excess elements in array initializer
   68 |                         {
      |                         ^
../Core/Src/sct.c:68:25: note: (near initialization for 'reg_values')
make: *** [Core/Src/subdir.mk:37: Core/Src/sct.o] Error 1
make: *** Waiting for unfinished jobs....
"make -j4 all" terminated with exit code 2. Build might be incomplete.
10:34:30 **** Incremental Build of configuration Debug for project cv4 ****
make -j4 all 
arm-none-eabi-gcc "../Core/Src/sct.c" -mcpu=cortex-m0 -std=gnu11 -g3 -DDEBUG -DUSE_HAL_DRIVER -DSTM32F030x8 -c -I../Core/Inc -I../Drivers/STM32F0xx_HAL_Driver/Inc -I../Drivers/STM32F0xx_HAL_Driver/Inc/Legacy -I../Drivers/CMSIS/Device/ST/STM32F0xx/Include -I../Drivers/CMSIS/Include -O0 -ffunction-sections -fdata-sections -Wall -fstack-usage -fcyclomatic-complexity -MMD -MP -MF"Core/Src/sct.d" -MT"Core/Src/sct.o" --specs=nano.specs -mfloat-abi=soft -mthumb -o "Core/Src/sct.o"
../Core/Src/sct.c:27:6: error: conflicting types for 'sct_value'; have 'void(uint16_t,  uint8_t)' {aka 'void(short unsigned int,  unsigned char)'}
   27 | void sct_value(uint16_t value, uint8_t led){
      |      ^~~~~~~~~
In file included from ../Core/Src/sct.c:8:
../Core/Inc/sct.h:13:6: note: previous declaration of 'sct_value' with type 'void(uint16_t)' {aka 'void(short unsigned int)'}
   13 | void sct_value(uint16_t value);
      |      ^~~~~~~~~
make: *** [Core/Src/subdir.mk:37: Core/Src/sct.o] Error 1
"make -j4 all" terminated with exit code 2. Build might be incomplete.
10:35:49 **** Incremental Build of configuration Debug for project cv4 ****
make -j4 all 
arm-none-eabi-gcc "../Core/Src/sct.c" -mcpu=cortex-m0 -std=gnu11 -g3 -DDEBUG -DUSE_HAL_DRIVER -DSTM32F030x8 -c -I../Core/Inc -I../Drivers/STM32F0xx_HAL_Driver/Inc -I../Drivers/STM32F0xx_HAL_Driver/Inc/Legacy -I../Drivers/CMSIS/Device/ST/STM32F0xx/Include -I../Drivers/CMSIS/Include -O0 -ffunction-sections -fdata-sections -Wall -fstack-usage -fcyclomatic-complexity -MMD -MP -MF"Core/Src/sct.d" -MT"Core/Src/sct.o" --specs=nano.specs -mfloat-abi=soft -mthumb -o "Core/Src/sct.o"
../Core/Src/sct.c:27:6: error: conflicting types for 'sct_value'; have 'void(uint16_t,  uint16_t)' {aka 'void(short unsigned int,  short unsigned int)'}
   27 | void sct_value(uint16_t value, uint16_t led){
      |      ^~~~~~~~~
In file included from ../Core/Src/sct.c:8:
../Core/Inc/sct.h:13:6: note: previous declaration of 'sct_value' with type 'void(uint16_t)' {aka 'void(short unsigned int)'}
   13 | void sct_value(uint16_t value);
      |      ^~~~~~~~~
make: *** [Core/Src/subdir.mk:37: Core/Src/sct.o] Error 1
"make -j4 all" terminated with exit code 2. Build might be incomplete.
10:37:09 **** Incremental Build of configuration Debug for project cv4 ****
make -j4 all 
arm-none-eabi-gcc "../Core/Src/main.c" -mcpu=cortex-m0 -std=gnu11 -g3 -DDEBUG -DUSE_HAL_DRIVER -DSTM32F030x8 -c -I../Core/Inc -I../Drivers/STM32F0xx_HAL_Driver/Inc -I../Drivers/STM32F0xx_HAL_Driver/Inc/Legacy -I../Drivers/CMSIS/Device/ST/STM32F0xx/Include -I../Drivers/CMSIS/Include -O0 -ffunction-sections -fdata-sections -Wall -fstack-usage -fcyclomatic-complexity -MMD -MP -MF"Core/Src/main.d" -MT"Core/Src/main.o" --specs=nano.specs -mfloat-abi=soft -mthumb -o "Core/Src/main.o"
arm-none-eabi-gcc "../Core/Src/sct.c" -mcpu=cortex-m0 -std=gnu11 -g3 -DDEBUG -DUSE_HAL_DRIVER -DSTM32F030x8 -c -I../Core/Inc -I../Drivers/STM32F0xx_HAL_Driver/Inc -I../Drivers/STM32F0xx_HAL_Driver/Inc/Legacy -I../Drivers/CMSIS/Device/ST/STM32F0xx/Include -I../Drivers/CMSIS/Include -O0 -ffunction-sections -fdata-sections -Wall -fstack-usage -fcyclomatic-complexity -MMD -MP -MF"Core/Src/sct.d" -MT"Core/Src/sct.o" --specs=nano.specs -mfloat-abi=soft -mthumb -o "Core/Src/sct.o"
../Core/Src/main.c: In function 'main':
../Core/Src/main.c:111:11: error: too many arguments to function 'sct_value'
  111 |           sct_value(raw_pot * (500 + 1) / 4096, raw_pot * (500 + 1)/4096/9);
      |           ^~~~~~~~~
In file included from ../Core/Src/main.c:25:
../Core/Inc/sct.h:13:6: note: declared here
   13 | void sct_value(uint16_t value);
      |      ^~~~~~~~~
../Core/Src/sct.c:27:6: error: conflicting types for 'sct_value'; have 'void(uint16_t,  uint8_t)' {aka 'void(short unsigned int,  unsigned char)'}
   27 | void sct_value(uint16_t value, uint8_t led){
      |      ^~~~~~~~~
In file included from ../Core/Src/sct.c:8:
../Core/Inc/sct.h:13:6: note: previous declaration of 'sct_value' with type 'void(uint16_t)' {aka 'void(short unsigned int)'}
   13 | void sct_value(uint16_t value);
      |      ^~~~~~~~~
make: *** [Core/Src/subdir.mk:37: Core/Src/main.o] Error 1
make: *** Waiting for unfinished jobs....
make: *** [Core/Src/subdir.mk:37: Core/Src/sct.o] Error 1
"make -j4 all" terminated with exit code 2. Build might be incomplete.
10:37:33 **** Incremental Build of configuration Debug for project cv4 ****
make -j4 all 
arm-none-eabi-gcc "../Core/Src/main.c" -mcpu=cortex-m0 -std=gnu11 -g3 -DDEBUG -DUSE_HAL_DRIVER -DSTM32F030x8 -c -I../Core/Inc -I../Drivers/STM32F0xx_HAL_Driver/Inc -I../Drivers/STM32F0xx_HAL_Driver/Inc/Legacy -I../Drivers/CMSIS/Device/ST/STM32F0xx/Include -I../Drivers/CMSIS/Include -O0 -ffunction-sections -fdata-sections -Wall -fstack-usage -fcyclomatic-complexity -MMD -MP -MF"Core/Src/main.d" -MT"Core/Src/main.o" --specs=nano.specs -mfloat-abi=soft -mthumb -o "Core/Src/main.o"
arm-none-eabi-gcc "../Core/Src/sct.c" -mcpu=cortex-m0 -std=gnu11 -g3 -DDEBUG -DUSE_HAL_DRIVER -DSTM32F030x8 -c -I../Core/Inc -I../Drivers/STM32F0xx_HAL_Driver/Inc -I../Drivers/STM32F0xx_HAL_Driver/Inc/Legacy -I../Drivers/CMSIS/Device/ST/STM32F0xx/Include -I../Drivers/CMSIS/Include -O0 -ffunction-sections -fdata-sections -Wall -fstack-usage -fcyclomatic-complexity -MMD -MP -MF"Core/Src/sct.d" -MT"Core/Src/sct.o" --specs=nano.specs -mfloat-abi=soft -mthumb -o "Core/Src/sct.o"
../Core/Src/main.c: In function 'main':
../Core/Src/main.c:111:11: error: too many arguments to function 'sct_value'
  111 |           sct_value(raw_pot * (500 + 1) / 4096, raw_pot * (500 + 1)/4096/9);
      |           ^~~~~~~~~
In file included from ../Core/Src/main.c:25:
../Core/Inc/sct.h:13:6: note: declared here
   13 | void sct_value(uint16_t value);
      |      ^~~~~~~~~
../Core/Src/sct.c:27:32: error: unknown type name 'led'
   27 | void sct_value(uint16_t value, led){
      |                                ^~~
make: *** [Core/Src/subdir.mk:37: Core/Src/main.o] Error 1
make: *** Waiting for unfinished jobs....
make: *** [Core/Src/subdir.mk:37: Core/Src/sct.o] Error 1
"make -j4 all" terminated with exit code 2. Build might be incomplete.
10:38:34 **** Incremental Build of configuration Debug for project cv4 ****
make -j4 all 
arm-none-eabi-gcc "../Core/Src/main.c" -mcpu=cortex-m0 -std=gnu11 -g3 -DDEBUG -DUSE_HAL_DRIVER -DSTM32F030x8 -c -I../Core/Inc -I../Drivers/STM32F0xx_HAL_Driver/Inc -I../Drivers/STM32F0xx_HAL_Driver/Inc/Legacy -I../Drivers/CMSIS/Device/ST/STM32F0xx/Include -I../Drivers/CMSIS/Include -O0 -ffunction-sections -fdata-sections -Wall -fstack-usage -fcyclomatic-complexity -MMD -MP -MF"Core/Src/main.d" -MT"Core/Src/main.o" --specs=nano.specs -mfloat-abi=soft -mthumb -o "Core/Src/main.o"
arm-none-eabi-gcc "../Core/Src/sct.c" -mcpu=cortex-m0 -std=gnu11 -g3 -DDEBUG -DUSE_HAL_DRIVER -DSTM32F030x8 -c -I../Core/Inc -I../Drivers/STM32F0xx_HAL_Driver/Inc -I../Drivers/STM32F0xx_HAL_Driver/Inc/Legacy -I../Drivers/CMSIS/Device/ST/STM32F0xx/Include -I../Drivers/CMSIS/Include -O0 -ffunction-sections -fdata-sections -Wall -fstack-usage -fcyclomatic-complexity -MMD -MP -MF"Core/Src/sct.d" -MT"Core/Src/sct.o" --specs=nano.specs -mfloat-abi=soft -mthumb -o "Core/Src/sct.o"
arm-none-eabi-gcc -o "cv4.elf" @"objects.list"   -mcpu=cortex-m0 -T"C:\Temp\230345\MKS\cv4\cv4\STM32F030R8TX_FLASH.ld" --specs=nosys.specs -Wl,-Map="cv4.map" -Wl,--gc-sections -static --specs=nano.specs -mfloat-abi=soft -mthumb -Wl,--start-group -lc -lm -Wl,--end-group
Finished building target: cv4.elf
 
arm-none-eabi-size   cv4.elf 
arm-none-eabi-objdump -h -S  cv4.elf  > "cv4.list"
   text	   data	    bss	    dec	    hex	filename
  10368	     20	   1772	  12160	   2f80	cv4.elf
Finished building: default.size.stdout
 
Finished building: cv4.list
 
10:38:48 **** Incremental Build of configuration Debug for project cv4 ****
make -j4 all 
arm-none-eabi-size   cv4.elf 
   text	   data	    bss	    dec	    hex	filename
  10368	     20	   1772	  12160	   2f80	cv4.elf
Finished building: default.size.stdout
 
10:39:47 **** Incremental Build of configuration Debug for project cv4 ****
make -j4 all 
arm-none-eabi-gcc "../Core/Src/main.c" -mcpu=cortex-m0 -std=gnu11 -g3 -DDEBUG -DUSE_HAL_DRIVER -DSTM32F030x8 -c -I../Core/Inc -I../Drivers/STM32F0xx_HAL_Driver/Inc -I../Drivers/STM32F0xx_HAL_Driver/Inc/Legacy -I../Drivers/CMSIS/Device/ST/STM32F0xx/Include -I../Drivers/CMSIS/Include -O0 -ffunction-sections -fdata-sections -Wall -fstack-usage -fcyclomatic-complexity -MMD -MP -MF"Core/Src/main.d" -MT"Core/Src/main.o" --specs=nano.specs -mfloat-abi=soft -mthumb -o "Core/Src/main.o"
arm-none-eabi-gcc -o "cv4.elf" @"objects.list"   -mcpu=cortex-m0 -T"C:\Temp\230345\MKS\cv4\cv4\STM32F030R8TX_FLASH.ld" --specs=nosys.specs -Wl,-Map="cv4.map" -Wl,--gc-sections -static --specs=nano.specs -mfloat-abi=soft -mthumb -Wl,--start-group -lc -lm -Wl,--end-group
Finished building target: cv4.elf
 
arm-none-eabi-size   cv4.elf 
arm-none-eabi-objdump -h -S  cv4.elf  > "cv4.list"
   text	   data	    bss	    dec	    hex	filename
  10348	     20	   1772	  12140	   2f6c	cv4.elf
Finished building: default.size.stdout
 
Finished building: cv4.list
 
10:40:33 **** Incremental Build of configuration Debug for project cv4 ****
make -j4 all 
arm-none-eabi-gcc "../Core/Src/main.c" -mcpu=cortex-m0 -std=gnu11 -g3 -DDEBUG -DUSE_HAL_DRIVER -DSTM32F030x8 -c -I../Core/Inc -I../Drivers/STM32F0xx_HAL_Driver/Inc -I../Drivers/STM32F0xx_HAL_Driver/Inc/Legacy -I../Drivers/CMSIS/Device/ST/STM32F0xx/Include -I../Drivers/CMSIS/Include -O0 -ffunction-sections -fdata-sections -Wall -fstack-usage -fcyclomatic-complexity -MMD -MP -MF"Core/Src/main.d" -MT"Core/Src/main.o" --specs=nano.specs -mfloat-abi=soft -mthumb -o "Core/Src/main.o"
arm-none-eabi-gcc "../Core/Src/sct.c" -mcpu=cortex-m0 -std=gnu11 -g3 -DDEBUG -DUSE_HAL_DRIVER -DSTM32F030x8 -c -I../Core/Inc -I../Drivers/STM32F0xx_HAL_Driver/Inc -I../Drivers/STM32F0xx_HAL_Driver/Inc/Legacy -I../Drivers/CMSIS/Device/ST/STM32F0xx/Include -I../Drivers/CMSIS/Include -O0 -ffunction-sections -fdata-sections -Wall -fstack-usage -fcyclomatic-complexity -MMD -MP -MF"Core/Src/sct.d" -MT"Core/Src/sct.o" --specs=nano.specs -mfloat-abi=soft -mthumb -o "Core/Src/sct.o"
../Core/Src/sct.c: In function 'sct_init':
../Core/Src/sct.c:12:9: error: too few arguments to function 'sct_led'
   12 |         sct_led(0);
      |         ^~~~~~~
In file included from ../Core/Src/sct.c:8:
../Core/Inc/sct.h:14:6: note: declared here
   14 | void sct_led(uint32_t value, uint8_t led);
      |      ^~~~~~~
make: *** [Core/Src/subdir.mk:37: Core/Src/sct.o] Error 1
make: *** Waiting for unfinished jobs....
"make -j4 all" terminated with exit code 2. Build might be incomplete.
10:41:32 **** Incremental Build of configuration Debug for project cv4 ****
make -j4 all 
arm-none-eabi-gcc "../Core/Src/main.c" -mcpu=cortex-m0 -std=gnu11 -g3 -DDEBUG -DUSE_HAL_DRIVER -DSTM32F030x8 -c -I../Core/Inc -I../Drivers/STM32F0xx_HAL_Driver/Inc -I../Drivers/STM32F0xx_HAL_Driver/Inc/Legacy -I../Drivers/CMSIS/Device/ST/STM32F0xx/Include -I../Drivers/CMSIS/Include -O0 -ffunction-sections -fdata-sections -Wall -fstack-usage -fcyclomatic-complexity -MMD -MP -MF"Core/Src/main.d" -MT"Core/Src/main.o" --specs=nano.specs -mfloat-abi=soft -mthumb -o "Core/Src/main.o"
arm-none-eabi-gcc "../Core/Src/sct.c" -mcpu=cortex-m0 -std=gnu11 -g3 -DDEBUG -DUSE_HAL_DRIVER -DSTM32F030x8 -c -I../Core/Inc -I../Drivers/STM32F0xx_HAL_Driver/Inc -I../Drivers/STM32F0xx_HAL_Driver/Inc/Legacy -I../Drivers/CMSIS/Device/ST/STM32F0xx/Include -I../Drivers/CMSIS/Include -O0 -ffunction-sections -fdata-sections -Wall -fstack-usage -fcyclomatic-complexity -MMD -MP -MF"Core/Src/sct.d" -MT"Core/Src/sct.o" --specs=nano.specs -mfloat-abi=soft -mthumb -o "Core/Src/sct.o"
arm-none-eabi-gcc -o "cv4.elf" @"objects.list"   -mcpu=cortex-m0 -T"C:\Temp\230345\MKS\cv4\cv4\STM32F030R8TX_FLASH.ld" --specs=nosys.specs -Wl,-Map="cv4.map" -Wl,--gc-sections -static --specs=nano.specs -mfloat-abi=soft -mthumb -Wl,--start-group -lc -lm -Wl,--end-group
Finished building target: cv4.elf
 
arm-none-eabi-size   cv4.elf 
arm-none-eabi-objdump -h -S  cv4.elf  > "cv4.list"
   text	   data	    bss	    dec	    hex	filename
  10336	     20	   1772	  12128	   2f60	cv4.elf
Finished building: default.size.stdout
 
Finished building: cv4.list
 
10:41:39 **** Incremental Build of configuration Debug for project cv4 ****
make -j4 all 
arm-none-eabi-size   cv4.elf 
   text	   data	    bss	    dec	    hex	filename
  10336	     20	   1772	  12128	   2f60	cv4.elf
Finished building: default.size.stdout
 
10:46:02 **** Incremental Build of configuration Debug for project cv4 ****
make -j4 all 
arm-none-eabi-gcc "../Core/Src/sct.c" -mcpu=cortex-m0 -std=gnu11 -g3 -DDEBUG -DUSE_HAL_DRIVER -DSTM32F030x8 -c -I../Core/Inc -I../Drivers/STM32F0xx_HAL_Driver/Inc -I../Drivers/STM32F0xx_HAL_Driver/Inc/Legacy -I../Drivers/CMSIS/Device/ST/STM32F0xx/Include -I../Drivers/CMSIS/Include -O0 -ffunction-sections -fdata-sections -Wall -fstack-usage -fcyclomatic-complexity -MMD -MP -MF"Core/Src/sct.d" -MT"Core/Src/sct.o" --specs=nano.specs -mfloat-abi=soft -mthumb -o "Core/Src/sct.o"
arm-none-eabi-gcc -o "cv4.elf" @"objects.list"   -mcpu=cortex-m0 -T"C:\Temp\230345\MKS\cv4\cv4\STM32F030R8TX_FLASH.ld" --specs=nosys.specs -Wl,-Map="cv4.map" -Wl,--gc-sections -static --specs=nano.specs -mfloat-abi=soft -mthumb -Wl,--start-group -lc -lm -Wl,--end-group
Finished building target: cv4.elf
 
arm-none-eabi-size   cv4.elf 
arm-none-eabi-objdump -h -S  cv4.elf  > "cv4.list"
   text	   data	    bss	    dec	    hex	filename
  10336	     20	   1772	  12128	   2f60	cv4.elf
Finished building: default.size.stdout
 
Finished building: cv4.list
 
10:46:08 **** Incremental Build of configuration Debug for project cv4 ****
make -j4 all 
arm-none-eabi-size   cv4.elf 
   text	   data	    bss	    dec	    hex	filename
  10336	     20	   1772	  12128	   2f60	cv4.elf
Finished building: default.size.stdout
 
10:47:51 **** Incremental Build of configuration Debug for project cv4 ****
make -j4 all 
arm-none-eabi-gcc "../Core/Src/sct.c" -mcpu=cortex-m0 -std=gnu11 -g3 -DDEBUG -DUSE_HAL_DRIVER -DSTM32F030x8 -c -I../Core/Inc -I../Drivers/STM32F0xx_HAL_Driver/Inc -I../Drivers/STM32F0xx_HAL_Driver/Inc/Legacy -I../Drivers/CMSIS/Device/ST/STM32F0xx/Include -I../Drivers/CMSIS/Include -O0 -ffunction-sections -fdata-sections -Wall -fstack-usage -fcyclomatic-complexity -MMD -MP -MF"Core/Src/sct.d" -MT"Core/Src/sct.o" --specs=nano.specs -mfloat-abi=soft -mthumb -o "Core/Src/sct.o"
arm-none-eabi-gcc -o "cv4.elf" @"objects.list"   -mcpu=cortex-m0 -T"C:\Temp\230345\MKS\cv4\cv4\STM32F030R8TX_FLASH.ld" --specs=nosys.specs -Wl,-Map="cv4.map" -Wl,--gc-sections -static --specs=nano.specs -mfloat-abi=soft -mthumb -Wl,--start-group -lc -lm -Wl,--end-group
Finished building target: cv4.elf
 
arm-none-eabi-size   cv4.elf 
arm-none-eabi-objdump -h -S  cv4.elf  > "cv4.list"
   text	   data	    bss	    dec	    hex	filename
  10336	     20	   1772	  12128	   2f60	cv4.elf
Finished building: default.size.stdout
 
Finished building: cv4.list
 
10:47:54 **** Incremental Build of configuration Debug for project cv4 ****
make -j4 all 
arm-none-eabi-size   cv4.elf 
   text	   data	    bss	    dec	    hex	filename
  10336	     20	   1772	  12128	   2f60	cv4.elf
Finished building: default.size.stdout
 
10:49:49 **** Incremental Build of configuration Debug for project cv4 ****
make -j4 all 
arm-none-eabi-gcc "../Core/Src/main.c" -mcpu=cortex-m0 -std=gnu11 -g3 -DDEBUG -DUSE_HAL_DRIVER -DSTM32F030x8 -c -I../Core/Inc -I../Drivers/STM32F0xx_HAL_Driver/Inc -I../Drivers/STM32F0xx_HAL_Driver/Inc/Legacy -I../Drivers/CMSIS/Device/ST/STM32F0xx/Include -I../Drivers/CMSIS/Include -O0 -ffunction-sections -fdata-sections -Wall -fstack-usage -fcyclomatic-complexity -MMD -MP -MF"Core/Src/main.d" -MT"Core/Src/main.o" --specs=nano.specs -mfloat-abi=soft -mthumb -o "Core/Src/main.o"
arm-none-eabi-gcc "../Core/Src/sct.c" -mcpu=cortex-m0 -std=gnu11 -g3 -DDEBUG -DUSE_HAL_DRIVER -DSTM32F030x8 -c -I../Core/Inc -I../Drivers/STM32F0xx_HAL_Driver/Inc -I../Drivers/STM32F0xx_HAL_Driver/Inc/Legacy -I../Drivers/CMSIS/Device/ST/STM32F0xx/Include -I../Drivers/CMSIS/Include -O0 -ffunction-sections -fdata-sections -Wall -fstack-usage -fcyclomatic-complexity -MMD -MP -MF"Core/Src/sct.d" -MT"Core/Src/sct.o" --specs=nano.specs -mfloat-abi=soft -mthumb -o "Core/Src/sct.o"
../Core/Src/sct.c: In function 'sct_value':
../Core/Src/sct.c:87:30: error: 'led' undeclared (first use in this function)
   87 |         reg |= reg_values[3][led];
      |                              ^~~
../Core/Src/sct.c:87:30: note: each undeclared identifier is reported only once for each function it appears in
make: *** [Core/Src/subdir.mk:37: Core/Src/sct.o] Error 1
make: *** Waiting for unfinished jobs....
"make -j4 all" terminated with exit code 2. Build might be incomplete.
10:49:55 **** Incremental Build of configuration Debug for project cv4 ****
make -j4 all 
arm-none-eabi-gcc "../Core/Src/sct.c" -mcpu=cortex-m0 -std=gnu11 -g3 -DDEBUG -DUSE_HAL_DRIVER -DSTM32F030x8 -c -I../Core/Inc -I../Drivers/STM32F0xx_HAL_Driver/Inc -I../Drivers/STM32F0xx_HAL_Driver/Inc/Legacy -I../Drivers/CMSIS/Device/ST/STM32F0xx/Include -I../Drivers/CMSIS/Include -O0 -ffunction-sections -fdata-sections -Wall -fstack-usage -fcyclomatic-complexity -MMD -MP -MF"Core/Src/sct.d" -MT"Core/Src/sct.o" --specs=nano.specs -mfloat-abi=soft -mthumb -o "Core/Src/sct.o"
../Core/Src/sct.c: In function 'sct_value':
../Core/Src/sct.c:87:30: error: 'led' undeclared (first use in this function)
   87 |         reg |= reg_values[3][led];
      |                              ^~~
../Core/Src/sct.c:87:30: note: each undeclared identifier is reported only once for each function it appears in
make: *** [Core/Src/subdir.mk:37: Core/Src/sct.o] Error 1
"make -j4 all" terminated with exit code 2. Build might be incomplete.
10:50:19 **** Incremental Build of configuration Debug for project cv4 ****
make -j4 all 
arm-none-eabi-gcc "../Core/Src/sct.c" -mcpu=cortex-m0 -std=gnu11 -g3 -DDEBUG -DUSE_HAL_DRIVER -DSTM32F030x8 -c -I../Core/Inc -I../Drivers/STM32F0xx_HAL_Driver/Inc -I../Drivers/STM32F0xx_HAL_Driver/Inc/Legacy -I../Drivers/CMSIS/Device/ST/STM32F0xx/Include -I../Drivers/CMSIS/Include -O0 -ffunction-sections -fdata-sections -Wall -fstack-usage -fcyclomatic-complexity -MMD -MP -MF"Core/Src/sct.d" -MT"Core/Src/sct.o" --specs=nano.specs -mfloat-abi=soft -mthumb -o "Core/Src/sct.o"
../Core/Src/sct.c: In function 'sct_value':
../Core/Src/sct.c:87:30: error: 'led' undeclared (first use in this function)
   87 |         reg |= reg_values[3][led];
      |                              ^~~
../Core/Src/sct.c:87:30: note: each undeclared identifier is reported only once for each function it appears in
make: *** [Core/Src/subdir.mk:37: Core/Src/sct.o] Error 1
"make -j4 all" terminated with exit code 2. Build might be incomplete.
10:50:37 **** Incremental Build of configuration Debug for project cv4 ****
make -j4 all 
arm-none-eabi-gcc "../Core/Src/sct.c" -mcpu=cortex-m0 -std=gnu11 -g3 -DDEBUG -DUSE_HAL_DRIVER -DSTM32F030x8 -c -I../Core/Inc -I../Drivers/STM32F0xx_HAL_Driver/Inc -I../Drivers/STM32F0xx_HAL_Driver/Inc/Legacy -I../Drivers/CMSIS/Device/ST/STM32F0xx/Include -I../Drivers/CMSIS/Include -O0 -ffunction-sections -fdata-sections -Wall -fstack-usage -fcyclomatic-complexity -MMD -MP -MF"Core/Src/sct.d" -MT"Core/Src/sct.o" --specs=nano.specs -mfloat-abi=soft -mthumb -o "Core/Src/sct.o"
arm-none-eabi-gcc -o "cv4.elf" @"objects.list"   -mcpu=cortex-m0 -T"C:\Temp\230345\MKS\cv4\cv4\STM32F030R8TX_FLASH.ld" --specs=nosys.specs -Wl,-Map="cv4.map" -Wl,--gc-sections -static --specs=nano.specs -mfloat-abi=soft -mthumb -Wl,--start-group -lc -lm -Wl,--end-group
Finished building target: cv4.elf
 
arm-none-eabi-size   cv4.elf 
arm-none-eabi-objdump -h -S  cv4.elf  > "cv4.list"
   text	   data	    bss	    dec	    hex	filename
  10296	     20	   1772	  12088	   2f38	cv4.elf
Finished building: default.size.stdout
 
Finished building: cv4.list
 
10:50:46 **** Incremental Build of configuration Debug for project cv4 ****
make -j4 all 
arm-none-eabi-size   cv4.elf 
   text	   data	    bss	    dec	    hex	filename
  10296	     20	   1772	  12088	   2f38	cv4.elf
Finished building: default.size.stdout
 
10:51:45 **** Incremental Build of configuration Debug for project cv4 ****
make -j4 all 
arm-none-eabi-gcc "../Core/Src/sct.c" -mcpu=cortex-m0 -std=gnu11 -g3 -DDEBUG -DUSE_HAL_DRIVER -DSTM32F030x8 -c -I../Core/Inc -I../Drivers/STM32F0xx_HAL_Driver/Inc -I../Drivers/STM32F0xx_HAL_Driver/Inc/Legacy -I../Drivers/CMSIS/Device/ST/STM32F0xx/Include -I../Drivers/CMSIS/Include -O0 -ffunction-sections -fdata-sections -Wall -fstack-usage -fcyclomatic-complexity -MMD -MP -MF"Core/Src/sct.d" -MT"Core/Src/sct.o" --specs=nano.specs -mfloat-abi=soft -mthumb -o "Core/Src/sct.o"
arm-none-eabi-gcc -o "cv4.elf" @"objects.list"   -mcpu=cortex-m0 -T"C:\Temp\230345\MKS\cv4\cv4\STM32F030R8TX_FLASH.ld" --specs=nosys.specs -Wl,-Map="cv4.map" -Wl,--gc-sections -static --specs=nano.specs -mfloat-abi=soft -mthumb -Wl,--start-group -lc -lm -Wl,--end-group
Finished building target: cv4.elf
 
arm-none-eabi-size   cv4.elf 
arm-none-eabi-objdump -h -S  cv4.elf  > "cv4.list"
   text	   data	    bss	    dec	    hex	filename
  10296	     20	   1772	  12088	   2f38	cv4.elf
Finished building: default.size.stdout
 
Finished building: cv4.list
 
10:51:50 **** Incremental Build of configuration Debug for project cv4 ****
make -j4 all 
arm-none-eabi-size   cv4.elf 
   text	   data	    bss	    dec	    hex	filename
  10296	     20	   1772	  12088	   2f38	cv4.elf
Finished building: default.size.stdout
 
10:53:24 **** Incremental Build of configuration Debug for project cv4 ****
make -j4 all 
arm-none-eabi-gcc "../Core/Src/sct.c" -mcpu=cortex-m0 -std=gnu11 -g3 -DDEBUG -DUSE_HAL_DRIVER -DSTM32F030x8 -c -I../Core/Inc -I../Drivers/STM32F0xx_HAL_Driver/Inc -I../Drivers/STM32F0xx_HAL_Driver/Inc/Legacy -I../Drivers/CMSIS/Device/ST/STM32F0xx/Include -I../Drivers/CMSIS/Include -O0 -ffunction-sections -fdata-sections -Wall -fstack-usage -fcyclomatic-complexity -MMD -MP -MF"Core/Src/sct.d" -MT"Core/Src/sct.o" --specs=nano.specs -mfloat-abi=soft -mthumb -o "Core/Src/sct.o"
arm-none-eabi-gcc -o "cv4.elf" @"objects.list"   -mcpu=cortex-m0 -T"C:\Temp\230345\MKS\cv4\cv4\STM32F030R8TX_FLASH.ld" --specs=nosys.specs -Wl,-Map="cv4.map" -Wl,--gc-sections -static --specs=nano.specs -mfloat-abi=soft -mthumb -Wl,--start-group -lc -lm -Wl,--end-group
Finished building target: cv4.elf
 
arm-none-eabi-size   cv4.elf 
arm-none-eabi-objdump -h -S  cv4.elf  > "cv4.list"
   text	   data	    bss	    dec	    hex	filename
  10256	     20	   1772	  12048	   2f10	cv4.elf
Finished building: default.size.stdout
 
Finished building: cv4.list
 
10:55:19 **** Incremental Build of configuration Debug for project cv4 ****
make -j4 all 
arm-none-eabi-gcc "../Core/Src/main.c" -mcpu=cortex-m0 -std=gnu11 -g3 -DDEBUG -DUSE_HAL_DRIVER -DSTM32F030x8 -c -I../Core/Inc -I../Drivers/STM32F0xx_HAL_Driver/Inc -I../Drivers/STM32F0xx_HAL_Driver/Inc/Legacy -I../Drivers/CMSIS/Device/ST/STM32F0xx/Include -I../Drivers/CMSIS/Include -O0 -ffunction-sections -fdata-sections -Wall -fstack-usage -fcyclomatic-complexity -MMD -MP -MF"Core/Src/main.d" -MT"Core/Src/main.o" --specs=nano.specs -mfloat-abi=soft -mthumb -o "Core/Src/main.o"
arm-none-eabi-gcc "../Core/Src/sct.c" -mcpu=cortex-m0 -std=gnu11 -g3 -DDEBUG -DUSE_HAL_DRIVER -DSTM32F030x8 -c -I../Core/Inc -I../Drivers/STM32F0xx_HAL_Driver/Inc -I../Drivers/STM32F0xx_HAL_Driver/Inc/Legacy -I../Drivers/CMSIS/Device/ST/STM32F0xx/Include -I../Drivers/CMSIS/Include -O0 -ffunction-sections -fdata-sections -Wall -fstack-usage -fcyclomatic-complexity -MMD -MP -MF"Core/Src/sct.d" -MT"Core/Src/sct.o" --specs=nano.specs -mfloat-abi=soft -mthumb -o "Core/Src/sct.o"
arm-none-eabi-gcc -o "cv4.elf" @"objects.list"   -mcpu=cortex-m0 -T"C:\Temp\230345\MKS\cv4\cv4\STM32F030R8TX_FLASH.ld" --specs=nosys.specs -Wl,-Map="cv4.map" -Wl,--gc-sections -static --specs=nano.specs -mfloat-abi=soft -mthumb -Wl,--start-group -lc -lm -Wl,--end-group
Finished building target: cv4.elf
 
arm-none-eabi-size   cv4.elf 
arm-none-eabi-objdump -h -S  cv4.elf  > "cv4.list"
   text	   data	    bss	    dec	    hex	filename
  10336	     20	   1772	  12128	   2f60	cv4.elf
Finished building: default.size.stdout
 
Finished building: cv4.list
 
10:55:33 **** Incremental Build of configuration Debug for project cv4 ****
make -j4 all 
arm-none-eabi-size   cv4.elf 
   text	   data	    bss	    dec	    hex	filename
  10336	     20	   1772	  12128	   2f60	cv4.elf
Finished building: default.size.stdout
 
10:57:11 **** Incremental Build of configuration Debug for project cv4 ****
make -j4 all 
arm-none-eabi-gcc "../Core/Src/sct.c" -mcpu=cortex-m0 -std=gnu11 -g3 -DDEBUG -DUSE_HAL_DRIVER -DSTM32F030x8 -c -I../Core/Inc -I../Drivers/STM32F0xx_HAL_Driver/Inc -I../Drivers/STM32F0xx_HAL_Driver/Inc/Legacy -I../Drivers/CMSIS/Device/ST/STM32F0xx/Include -I../Drivers/CMSIS/Include -O0 -ffunction-sections -fdata-sections -Wall -fstack-usage -fcyclomatic-complexity -MMD -MP -MF"Core/Src/sct.d" -MT"Core/Src/sct.o" --specs=nano.specs -mfloat-abi=soft -mthumb -o "Core/Src/sct.o"
arm-none-eabi-gcc -o "cv4.elf" @"objects.list"   -mcpu=cortex-m0 -T"C:\Temp\230345\MKS\cv4\cv4\STM32F030R8TX_FLASH.ld" --specs=nosys.specs -Wl,-Map="cv4.map" -Wl,--gc-sections -static --specs=nano.specs -mfloat-abi=soft -mthumb -Wl,--start-group -lc -lm -Wl,--end-group
Finished building target: cv4.elf
 
arm-none-eabi-size   cv4.elf 
arm-none-eabi-objdump -h -S  cv4.elf  > "cv4.list"
   text	   data	    bss	    dec	    hex	filename
  10456	     20	   1772	  12248	   2fd8	cv4.elf
Finished building: default.size.stdout
 
Finished building: cv4.list
 
11:00:49 **** Incremental Build of configuration Debug for project cv4 ****
make -j4 all 
arm-none-eabi-gcc "../Core/Src/main.c" -mcpu=cortex-m0 -std=gnu11 -g3 -DDEBUG -DUSE_HAL_DRIVER -DSTM32F030x8 -c -I../Core/Inc -I../Drivers/STM32F0xx_HAL_Driver/Inc -I../Drivers/STM32F0xx_HAL_Driver/Inc/Legacy -I../Drivers/CMSIS/Device/ST/STM32F0xx/Include -I../Drivers/CMSIS/Include -O0 -ffunction-sections -fdata-sections -Wall -fstack-usage -fcyclomatic-complexity -MMD -MP -MF"Core/Src/main.d" -MT"Core/Src/main.o" --specs=nano.specs -mfloat-abi=soft -mthumb -o "Core/Src/main.o"
arm-none-eabi-gcc -o "cv4.elf" @"objects.list"   -mcpu=cortex-m0 -T"C:\Temp\230345\MKS\cv4\cv4\STM32F030R8TX_FLASH.ld" --specs=nosys.specs -Wl,-Map="cv4.map" -Wl,--gc-sections -static --specs=nano.specs -mfloat-abi=soft -mthumb -Wl,--start-group -lc -lm -Wl,--end-group
Finished building target: cv4.elf
 
arm-none-eabi-size   cv4.elf 
arm-none-eabi-objdump -h -S  cv4.elf  > "cv4.list"
   text	   data	    bss	    dec	    hex	filename
  10516	     20	   1772	  12308	   3014	cv4.elf
Finished building: default.size.stdout
 
Finished building: cv4.list
 
11:00:53 **** Incremental Build of configuration Debug for project cv4 ****
make -j4 all 
arm-none-eabi-size   cv4.elf 
   text	   data	    bss	    dec	    hex	filename
  10516	     20	   1772	  12308	   3014	cv4.elf
Finished building: default.size.stdout
 
11:01:52 **** Incremental Build of configuration Debug for project cv4 ****
make -j4 all 
arm-none-eabi-gcc "../Core/Src/main.c" -mcpu=cortex-m0 -std=gnu11 -g3 -DDEBUG -DUSE_HAL_DRIVER -DSTM32F030x8 -c -I../Core/Inc -I../Drivers/STM32F0xx_HAL_Driver/Inc -I../Drivers/STM32F0xx_HAL_Driver/Inc/Legacy -I../Drivers/CMSIS/Device/ST/STM32F0xx/Include -I../Drivers/CMSIS/Include -O0 -ffunction-sections -fdata-sections -Wall -fstack-usage -fcyclomatic-complexity -MMD -MP -MF"Core/Src/main.d" -MT"Core/Src/main.o" --specs=nano.specs -mfloat-abi=soft -mthumb -o "Core/Src/main.o"
arm-none-eabi-gcc -o "cv4.elf" @"objects.list"   -mcpu=cortex-m0 -T"C:\Temp\230345\MKS\cv4\cv4\STM32F030R8TX_FLASH.ld" --specs=nosys.specs -Wl,-Map="cv4.map" -Wl,--gc-sections -static --specs=nano.specs -mfloat-abi=soft -mthumb -Wl,--start-group -lc -lm -Wl,--end-group
Finished building target: cv4.elf
 
arm-none-eabi-size   cv4.elf 
arm-none-eabi-objdump -h -S  cv4.elf  > "cv4.list"
   text	   data	    bss	    dec	    hex	filename
  10516	     20	   1772	  12308	   3014	cv4.elf
Finished building: default.size.stdout
 
Finished building: cv4.list
 
11:03:05 **** Incremental Build of configuration Debug for project cv4 ****
make -j4 all 
arm-none-eabi-gcc "../Core/Src/main.c" -mcpu=cortex-m0 -std=gnu11 -g3 -DDEBUG -DUSE_HAL_DRIVER -DSTM32F030x8 -c -I../Core/Inc -I../Drivers/STM32F0xx_HAL_Driver/Inc -I../Drivers/STM32F0xx_HAL_Driver/Inc/Legacy -I../Drivers/CMSIS/Device/ST/STM32F0xx/Include -I../Drivers/CMSIS/Include -O0 -ffunction-sections -fdata-sections -Wall -fstack-usage -fcyclomatic-complexity -MMD -MP -MF"Core/Src/main.d" -MT"Core/Src/main.o" --specs=nano.specs -mfloat-abi=soft -mthumb -o "Core/Src/main.o"
arm-none-eabi-gcc -o "cv4.elf" @"objects.list"   -mcpu=cortex-m0 -T"C:\Temp\230345\MKS\cv4\cv4\STM32F030R8TX_FLASH.ld" --specs=nosys.specs -Wl,-Map="cv4.map" -Wl,--gc-sections -static --specs=nano.specs -mfloat-abi=soft -mthumb -Wl,--start-group -lc -lm -Wl,--end-group
Finished building target: cv4.elf
 
arm-none-eabi-size   cv4.elf 
arm-none-eabi-objdump -h -S  cv4.elf  > "cv4.list"
   text	   data	    bss	    dec	    hex	filename
  10500	     20	   1772	  12292	   3004	cv4.elf
Finished building: default.size.stdout
 
Finished building: cv4.list
 
11:08:40 **** Incremental Build of configuration Debug for project cv4 ****
make -j4 all 
arm-none-eabi-gcc "../Core/Src/main.c" -mcpu=cortex-m0 -std=gnu11 -g3 -DDEBUG -DUSE_HAL_DRIVER -DSTM32F030x8 -c -I../Core/Inc -I../Drivers/STM32F0xx_HAL_Driver/Inc -I../Drivers/STM32F0xx_HAL_Driver/Inc/Legacy -I../Drivers/CMSIS/Device/ST/STM32F0xx/Include -I../Drivers/CMSIS/Include -O0 -ffunction-sections -fdata-sections -Wall -fstack-usage -fcyclomatic-complexity -MMD -MP -MF"Core/Src/main.d" -MT"Core/Src/main.o" --specs=nano.specs -mfloat-abi=soft -mthumb -o "Core/Src/main.o"
arm-none-eabi-gcc "../Core/Src/sct.c" -mcpu=cortex-m0 -std=gnu11 -g3 -DDEBUG -DUSE_HAL_DRIVER -DSTM32F030x8 -c -I../Core/Inc -I../Drivers/STM32F0xx_HAL_Driver/Inc -I../Drivers/STM32F0xx_HAL_Driver/Inc/Legacy -I../Drivers/CMSIS/Device/ST/STM32F0xx/Include -I../Drivers/CMSIS/Include -O0 -ffunction-sections -fdata-sections -Wall -fstack-usage -fcyclomatic-complexity -MMD -MP -MF"Core/Src/sct.d" -MT"Core/Src/sct.o" --specs=nano.specs -mfloat-abi=soft -mthumb -o "Core/Src/sct.o"
arm-none-eabi-gcc "../Core/Src/stm32f0xx_hal_msp.c" -mcpu=cortex-m0 -std=gnu11 -g3 -DDEBUG -DUSE_HAL_DRIVER -DSTM32F030x8 -c -I../Core/Inc -I../Drivers/STM32F0xx_HAL_Driver/Inc -I../Drivers/STM32F0xx_HAL_Driver/Inc/Legacy -I../Drivers/CMSIS/Device/ST/STM32F0xx/Include -I../Drivers/CMSIS/Include -O0 -ffunction-sections -fdata-sections -Wall -fstack-usage -fcyclomatic-complexity -MMD -MP -MF"Core/Src/stm32f0xx_hal_msp.d" -MT"Core/Src/stm32f0xx_hal_msp.o" --specs=nano.specs -mfloat-abi=soft -mthumb -o "Core/Src/stm32f0xx_hal_msp.o"
arm-none-eabi-gcc "../Core/Src/stm32f0xx_it.c" -mcpu=cortex-m0 -std=gnu11 -g3 -DDEBUG -DUSE_HAL_DRIVER -DSTM32F030x8 -c -I../Core/Inc -I../Drivers/STM32F0xx_HAL_Driver/Inc -I../Drivers/STM32F0xx_HAL_Driver/Inc/Legacy -I../Drivers/CMSIS/Device/ST/STM32F0xx/Include -I../Drivers/CMSIS/Include -O0 -ffunction-sections -fdata-sections -Wall -fstack-usage -fcyclomatic-complexity -MMD -MP -MF"Core/Src/stm32f0xx_it.d" -MT"Core/Src/stm32f0xx_it.o" --specs=nano.specs -mfloat-abi=soft -mthumb -o "Core/Src/stm32f0xx_it.o"
arm-none-eabi-gcc -o "cv4.elf" @"objects.list"   -mcpu=cortex-m0 -T"C:\Temp\230345\MKS\cv4\cv4\STM32F030R8TX_FLASH.ld" --specs=nosys.specs -Wl,-Map="cv4.map" -Wl,--gc-sections -static --specs=nano.specs -mfloat-abi=soft -mthumb -Wl,--start-group -lc -lm -Wl,--end-group
Finished building target: cv4.elf
 
arm-none-eabi-size   cv4.elf 
arm-none-eabi-objdump -h -S  cv4.elf  > "cv4.list"
   text	   data	    bss	    dec	    hex	filename
  10004	     20	   1772	  11796	   2e14	cv4.elf
Finished building: default.size.stdout
 
Finished building: cv4.list
 
11:12:14 **** Incremental Build of configuration Debug for project cv4 ****
make -j4 all 
arm-none-eabi-gcc "../Core/Src/main.c" -mcpu=cortex-m0 -std=gnu11 -g3 -DDEBUG -DUSE_HAL_DRIVER -DSTM32F030x8 -c -I../Core/Inc -I../Drivers/STM32F0xx_HAL_Driver/Inc -I../Drivers/STM32F0xx_HAL_Driver/Inc/Legacy -I../Drivers/CMSIS/Device/ST/STM32F0xx/Include -I../Drivers/CMSIS/Include -O0 -ffunction-sections -fdata-sections -Wall -fstack-usage -fcyclomatic-complexity -MMD -MP -MF"Core/Src/main.d" -MT"Core/Src/main.o" --specs=nano.specs -mfloat-abi=soft -mthumb -o "Core/Src/main.o"
arm-none-eabi-gcc -o "cv4.elf" @"objects.list"   -mcpu=cortex-m0 -T"C:\Temp\230345\MKS\cv4\cv4\STM32F030R8TX_FLASH.ld" --specs=nosys.specs -Wl,-Map="cv4.map" -Wl,--gc-sections -static --specs=nano.specs -mfloat-abi=soft -mthumb -Wl,--start-group -lc -lm -Wl,--end-group
Finished building target: cv4.elf
 
arm-none-eabi-size   cv4.elf 
arm-none-eabi-objdump -h -S  cv4.elf  > "cv4.list"
   text	   data	    bss	    dec	    hex	filename
  10580	     20	   1772	  12372	   3054	cv4.elf
Finished building: default.size.stdout
 
Finished building: cv4.list
 
11:24:18 **** Incremental Build of configuration Debug for project cv4 ****
make -j4 all 
arm-none-eabi-gcc "../Core/Src/main.c" -mcpu=cortex-m0 -std=gnu11 -g3 -DDEBUG -DUSE_HAL_DRIVER -DSTM32F030x8 -c -I../Core/Inc -I../Drivers/STM32F0xx_HAL_Driver/Inc -I../Drivers/STM32F0xx_HAL_Driver/Inc/Legacy -I../Drivers/CMSIS/Device/ST/STM32F0xx/Include -I../Drivers/CMSIS/Include -O0 -ffunction-sections -fdata-sections -Wall -fstack-usage -fcyclomatic-complexity -MMD -MP -MF"Core/Src/main.d" -MT"Core/Src/main.o" --specs=nano.specs -mfloat-abi=soft -mthumb -o "Core/Src/main.o"
../Core/Src/main.c: In function 'HAL_ADC_ConvCpltCallback':
../Core/Src/main.c:84:26: warning: unused variable 'voltage' [-Wunused-variable]
   84 |                 uint32_t voltage = 330 * (*VREFINT_CAL_ADDR) / raw_volt;
      |                          ^~~~~~~
arm-none-eabi-gcc -o "cv4.elf" @"objects.list"   -mcpu=cortex-m0 -T"C:\Temp\230345\MKS\cv4\cv4\STM32F030R8TX_FLASH.ld" --specs=nosys.specs -Wl,-Map="cv4.map" -Wl,--gc-sections -static --specs=nano.specs -mfloat-abi=soft -mthumb -Wl,--start-group -lc -lm -Wl,--end-group
Finished building target: cv4.elf
 
arm-none-eabi-size   cv4.elf 
arm-none-eabi-objdump -h -S  cv4.elf  > "cv4.list"
   text	   data	    bss	    dec	    hex	filename
  11220	     20	   1788	  13028	   32e4	cv4.elf
Finished building: default.size.stdout
 
Finished building: cv4.list
 
11:24:33 **** Incremental Build of configuration Debug for project cv4 ****
make -j4 all 
arm-none-eabi-size   cv4.elf 
   text	   data	    bss	    dec	    hex	filename
  11220	     20	   1788	  13028	   32e4	cv4.elf
Finished building: default.size.stdout
 
11:24:52 **** Incremental Build of configuration Debug for project cv4 ****
make -j4 all 
arm-none-eabi-size   cv4.elf 
   text	   data	    bss	    dec	    hex	filename
  11220	     20	   1788	  13028	   32e4	cv4.elf
Finished building: default.size.stdout
 
11:24:58 **** Incremental Build of configuration Debug for project cv4 ****
make -j4 all 
arm-none-eabi-size   cv4.elf 
   text	   data	    bss	    dec	    hex	filename
  11220	     20	   1788	  13028	   32e4	cv4.elf
Finished building: default.size.stdout
 
11:28:18 **** Incremental Build of configuration Debug for project cv4 ****
make -j4 all 
arm-none-eabi-gcc "../Core/Src/main.c" -mcpu=cortex-m0 -std=gnu11 -g3 -DDEBUG -DUSE_HAL_DRIVER -DSTM32F030x8 -c -I../Core/Inc -I../Drivers/STM32F0xx_HAL_Driver/Inc -I../Drivers/STM32F0xx_HAL_Driver/Inc/Legacy -I../Drivers/CMSIS/Device/ST/STM32F0xx/Include -I../Drivers/CMSIS/Include -O0 -ffunction-sections -fdata-sections -Wall -fstack-usage -fcyclomatic-complexity -MMD -MP -MF"Core/Src/main.d" -MT"Core/Src/main.o" --specs=nano.specs -mfloat-abi=soft -mthumb -o "Core/Src/main.o"
../Core/Src/main.c: In function 'HAL_ADC_ConvCpltCallback':
../Core/Src/main.c:84:26: warning: unused variable 'voltage' [-Wunused-variable]
   84 |                 uint32_t voltage = 330 * (*VREFINT_CAL_ADDR) / raw_volt;
      |                          ^~~~~~~
../Core/Src/main.c: In function 'main':
../Core/Src/main.c:127:3: warning: implicit declaration of function 'stc_init'; did you mean 'sct_init'? [-Wimplicit-function-declaration]
  127 |   stc_init();
      |   ^~~~~~~~
      |   sct_init
../Core/Src/main.c:130:50: warning: unused variable 'state' [-Wunused-variable]
  130 |   static enum { SHOW_POT, SHOW_VOLT, SHOW_TEMP } state = SHOW_POT;
      |                                                  ^~~~~
At top level:
../Core/Src/main.c:130:50: warning: 'state' defined but not used [-Wunused-variable]
arm-none-eabi-gcc -o "cv4.elf" @"objects.list"   -mcpu=cortex-m0 -T"C:\Temp\230345\MKS\cv4\cv4\STM32F030R8TX_FLASH.ld" --specs=nosys.specs -Wl,-Map="cv4.map" -Wl,--gc-sections -static --specs=nano.specs -mfloat-abi=soft -mthumb -Wl,--start-group -lc -lm -Wl,--end-group
C:/appz/ST/STM32CubeIDE_1.10.1/STM32CubeIDE/plugins/com.st.stm32cube.ide.mcu.externaltools.gnu-tools-for-stm32.11.3.rel1.win32_1.1.0.202305231506/tools/bin/../lib/gcc/arm-none-eabi/11.3.1/../../../../arm-none-eabi/bin/ld.exe: ./Core/Src/main.o: in function `main':
C:/Temp/230345/MKS/cv4/cv4/Debug/../Core/Src/main.c:127: undefined reference to `stc_init'
collect2.exe: error: ld returned 1 exit status
make: *** [makefile:64: cv4.elf] Error 1
"make -j4 all" terminated with exit code 2. Build might be incomplete.
11:28:35 **** Incremental Build of configuration Debug for project cv4 ****
make -j4 all 
arm-none-eabi-gcc "../Core/Src/main.c" -mcpu=cortex-m0 -std=gnu11 -g3 -DDEBUG -DUSE_HAL_DRIVER -DSTM32F030x8 -c -I../Core/Inc -I../Drivers/STM32F0xx_HAL_Driver/Inc -I../Drivers/STM32F0xx_HAL_Driver/Inc/Legacy -I../Drivers/CMSIS/Device/ST/STM32F0xx/Include -I../Drivers/CMSIS/Include -O0 -ffunction-sections -fdata-sections -Wall -fstack-usage -fcyclomatic-complexity -MMD -MP -MF"Core/Src/main.d" -MT"Core/Src/main.o" --specs=nano.specs -mfloat-abi=soft -mthumb -o "Core/Src/main.o"
../Core/Src/main.c: In function 'HAL_ADC_ConvCpltCallback':
../Core/Src/main.c:84:26: warning: unused variable 'voltage' [-Wunused-variable]
   84 |                 uint32_t voltage = 330 * (*VREFINT_CAL_ADDR) / raw_volt;
      |                          ^~~~~~~
../Core/Src/main.c: In function 'main':
../Core/Src/main.c:130:50: warning: unused variable 'state' [-Wunused-variable]
  130 |   static enum { SHOW_POT, SHOW_VOLT, SHOW_TEMP } state = SHOW_POT;
      |                                                  ^~~~~
At top level:
../Core/Src/main.c:130:50: warning: 'state' defined but not used [-Wunused-variable]
arm-none-eabi-gcc -o "cv4.elf" @"objects.list"   -mcpu=cortex-m0 -T"C:\Temp\230345\MKS\cv4\cv4\STM32F030R8TX_FLASH.ld" --specs=nosys.specs -Wl,-Map="cv4.map" -Wl,--gc-sections -static --specs=nano.specs -mfloat-abi=soft -mthumb -Wl,--start-group -lc -lm -Wl,--end-group
Finished building target: cv4.elf
 
arm-none-eabi-size   cv4.elf 
arm-none-eabi-objdump -h -S  cv4.elf  > "cv4.list"
   text	   data	    bss	    dec	    hex	filename
  11240	     20	   1788	  13048	   32f8	cv4.elf
Finished building: default.size.stdout
 
Finished building: cv4.list
 
11:34:46 **** Incremental Build of configuration Debug for project cv4 ****
make -j4 all 
arm-none-eabi-gcc "../Core/Src/main.c" -mcpu=cortex-m0 -std=gnu11 -g3 -DDEBUG -DUSE_HAL_DRIVER -DSTM32F030x8 -c -I../Core/Inc -I../Drivers/STM32F0xx_HAL_Driver/Inc -I../Drivers/STM32F0xx_HAL_Driver/Inc/Legacy -I../Drivers/CMSIS/Device/ST/STM32F0xx/Include -I../Drivers/CMSIS/Include -O0 -ffunction-sections -fdata-sections -Wall -fstack-usage -fcyclomatic-complexity -MMD -MP -MF"Core/Src/main.d" -MT"Core/Src/main.o" --specs=nano.specs -mfloat-abi=soft -mthumb -o "Core/Src/main.o"
../Core/Src/main.c: In function 'HAL_ADC_ConvCpltCallback':
../Core/Src/main.c:84:26: warning: unused variable 'voltage' [-Wunused-variable]
   84 |                 uint32_t voltage = 330 * (*VREFINT_CAL_ADDR) / raw_volt;
      |                          ^~~~~~~
../Core/Src/main.c: In function 'main':
../Core/Src/main.c:140:32: error: 'S1_GPIO_Port' undeclared (first use in this function); did you mean 's1_GPIO_Port'?
  140 |           if (HAL_GPIO_ReadPin(S1_GPIO_Port, S1_Pin) == GPIO_PIN_RESET) {
      |                                ^~~~~~~~~~~~
      |                                s1_GPIO_Port
../Core/Src/main.c:140:32: note: each undeclared identifier is reported only once for each function it appears in
../Core/Src/main.c:140:46: error: 'S1_Pin' undeclared (first use in this function); did you mean 's1_Pin'?
  140 |           if (HAL_GPIO_ReadPin(S1_GPIO_Port, S1_Pin) == GPIO_PIN_RESET) {
      |                                              ^~~~~~
      |                                              s1_Pin
../Core/Src/main.c:141:19: error: 'current_state' undeclared (first use in this function)
  141 |                   current_state = SHOW_VOLT;
      |                   ^~~~~~~~~~~~~
../Core/Src/main.c:144:32: error: 'S2_GPIO_Port' undeclared (first use in this function); did you mean 's2_GPIO_Port'?
  144 |           if (HAL_GPIO_ReadPin(S2_GPIO_Port, S2_Pin) == GPIO_PIN_RESET) {
      |                                ^~~~~~~~~~~~
      |                                s2_GPIO_Port
../Core/Src/main.c:144:46: error: 'S2_Pin' undeclared (first use in this function); did you mean 's2_Pin'?
  144 |           if (HAL_GPIO_ReadPin(S2_GPIO_Port, S2_Pin) == GPIO_PIN_RESET) {
      |                                              ^~~~~~
      |                                              s2_Pin
../Core/Src/main.c:157:11: error: case label not within a switch statement
  157 |           case SHOW_VOLT:
      |           ^~~~
../Core/Src/main.c:161:11: error: case label not within a switch statement
  161 |           case SHOW_TEMP:
      |           ^~~~
../Core/Src/main.c:130:50: warning: unused variable 'state' [-Wunused-variable]
  130 |   static enum { SHOW_POT, SHOW_VOLT, SHOW_TEMP } state = SHOW_POT;
      |                                                  ^~~~~
At top level:
../Core/Src/main.c:130:50: warning: 'state' defined but not used [-Wunused-variable]
make: *** [Core/Src/subdir.mk:37: Core/Src/main.o] Error 1
"make -j4 all" terminated with exit code 2. Build might be incomplete.
11:35:14 **** Incremental Build of configuration Debug for project cv4 ****
make -j4 all 
arm-none-eabi-gcc "../Core/Src/main.c" -mcpu=cortex-m0 -std=gnu11 -g3 -DDEBUG -DUSE_HAL_DRIVER -DSTM32F030x8 -c -I../Core/Inc -I../Drivers/STM32F0xx_HAL_Driver/Inc -I../Drivers/STM32F0xx_HAL_Driver/Inc/Legacy -I../Drivers/CMSIS/Device/ST/STM32F0xx/Include -I../Drivers/CMSIS/Include -O0 -ffunction-sections -fdata-sections -Wall -fstack-usage -fcyclomatic-complexity -MMD -MP -MF"Core/Src/main.d" -MT"Core/Src/main.o" --specs=nano.specs -mfloat-abi=soft -mthumb -o "Core/Src/main.o"
../Core/Src/main.c: In function 'HAL_ADC_ConvCpltCallback':
../Core/Src/main.c:84:26: warning: unused variable 'voltage' [-Wunused-variable]
   84 |                 uint32_t voltage = 330 * (*VREFINT_CAL_ADDR) / raw_volt;
      |                          ^~~~~~~
../Core/Src/main.c: In function 'main':
../Core/Src/main.c:141:19: error: 'current_state' undeclared (first use in this function)
  141 |                   current_state = SHOW_VOLT;
      |                   ^~~~~~~~~~~~~
../Core/Src/main.c:141:19: note: each undeclared identifier is reported only once for each function it appears in
../Core/Src/main.c:157:11: error: case label not within a switch statement
  157 |           case SHOW_VOLT:
      |           ^~~~
../Core/Src/main.c:161:11: error: case label not within a switch statement
  161 |           case SHOW_TEMP:
      |           ^~~~
../Core/Src/main.c:130:50: warning: unused variable 'state' [-Wunused-variable]
  130 |   static enum { SHOW_POT, SHOW_VOLT, SHOW_TEMP } state = SHOW_POT;
      |                                                  ^~~~~
At top level:
../Core/Src/main.c:130:50: warning: 'state' defined but not used [-Wunused-variable]
make: *** [Core/Src/subdir.mk:37: Core/Src/main.o] Error 1
"make -j4 all" terminated with exit code 2. Build might be incomplete.
11:36:17 **** Incremental Build of configuration Debug for project cv4 ****
make -j4 all 
arm-none-eabi-gcc "../Core/Src/main.c" -mcpu=cortex-m0 -std=gnu11 -g3 -DDEBUG -DUSE_HAL_DRIVER -DSTM32F030x8 -c -I../Core/Inc -I../Drivers/STM32F0xx_HAL_Driver/Inc -I../Drivers/STM32F0xx_HAL_Driver/Inc/Legacy -I../Drivers/CMSIS/Device/ST/STM32F0xx/Include -I../Drivers/CMSIS/Include -O0 -ffunction-sections -fdata-sections -Wall -fstack-usage -fcyclomatic-complexity -MMD -MP -MF"Core/Src/main.d" -MT"Core/Src/main.o" --specs=nano.specs -mfloat-abi=soft -mthumb -o "Core/Src/main.o"
../Core/Src/main.c: In function 'HAL_ADC_ConvCpltCallback':
../Core/Src/main.c:84:26: warning: unused variable 'volt' [-Wunused-variable]
   84 |                 uint32_t volt = 330 * (*VREFINT_CAL_ADDR) / raw_volt;
      |                          ^~~~
../Core/Src/main.c: In function 'main':
../Core/Src/main.c:152:11: warning: enumeration value 'SHOW_VOLT' not handled in switch [-Wswitch]
  152 |           switch(current_state)
      |           ^~~~~~
../Core/Src/main.c:152:11: warning: enumeration value 'SHOW_TEMP' not handled in switch [-Wswitch]
../Core/Src/main.c:157:11: error: case label not within a switch statement
  157 |           case SHOW_VOLT:
      |           ^~~~
../Core/Src/main.c:161:11: error: case label not within a switch statement
  161 |           case SHOW_TEMP:
      |           ^~~~
make: *** [Core/Src/subdir.mk:37: Core/Src/main.o] Error 1
"make -j4 all" terminated with exit code 2. Build might be incomplete.
11:36:45 **** Incremental Build of configuration Debug for project cv4 ****
make -j4 all 
arm-none-eabi-gcc "../Core/Src/main.c" -mcpu=cortex-m0 -std=gnu11 -g3 -DDEBUG -DUSE_HAL_DRIVER -DSTM32F030x8 -c -I../Core/Inc -I../Drivers/STM32F0xx_HAL_Driver/Inc -I../Drivers/STM32F0xx_HAL_Driver/Inc/Legacy -I../Drivers/CMSIS/Device/ST/STM32F0xx/Include -I../Drivers/CMSIS/Include -O0 -ffunction-sections -fdata-sections -Wall -fstack-usage -fcyclomatic-complexity -MMD -MP -MF"Core/Src/main.d" -MT"Core/Src/main.o" --specs=nano.specs -mfloat-abi=soft -mthumb -o "Core/Src/main.o"
../Core/Src/main.c: In function 'HAL_ADC_ConvCpltCallback':
../Core/Src/main.c:84:26: warning: unused variable 'volt' [-Wunused-variable]
   84 |                 uint32_t volt = 330 * (*VREFINT_CAL_ADDR) / raw_volt;
      |                          ^~~~
arm-none-eabi-gcc -o "cv4.elf" @"objects.list"   -mcpu=cortex-m0 -T"C:\Temp\230345\MKS\cv4\cv4\STM32F030R8TX_FLASH.ld" --specs=nosys.specs -Wl,-Map="cv4.map" -Wl,--gc-sections -static --specs=nano.specs -mfloat-abi=soft -mthumb -Wl,--start-group -lc -lm -Wl,--end-group
Finished building target: cv4.elf
 
arm-none-eabi-size   cv4.elf 
arm-none-eabi-objdump -h -S  cv4.elf  > "cv4.list"
   text	   data	    bss	    dec	    hex	filename
  11376	     20	   1796	  13192	   3388	cv4.elf
Finished building: default.size.stdout
 
Finished building: cv4.list
 
11:38:24 **** Incremental Build of configuration Debug for project cv4 ****
make -j4 all 
arm-none-eabi-gcc "../Core/Src/main.c" -mcpu=cortex-m0 -std=gnu11 -g3 -DDEBUG -DUSE_HAL_DRIVER -DSTM32F030x8 -c -I../Core/Inc -I../Drivers/STM32F0xx_HAL_Driver/Inc -I../Drivers/STM32F0xx_HAL_Driver/Inc/Legacy -I../Drivers/CMSIS/Device/ST/STM32F0xx/Include -I../Drivers/CMSIS/Include -O0 -ffunction-sections -fdata-sections -Wall -fstack-usage -fcyclomatic-complexity -MMD -MP -MF"Core/Src/main.d" -MT"Core/Src/main.o" --specs=nano.specs -mfloat-abi=soft -mthumb -o "Core/Src/main.o"
arm-none-eabi-gcc -o "cv4.elf" @"objects.list"   -mcpu=cortex-m0 -T"C:\Temp\230345\MKS\cv4\cv4\STM32F030R8TX_FLASH.ld" --specs=nosys.specs -Wl,-Map="cv4.map" -Wl,--gc-sections -static --specs=nano.specs -mfloat-abi=soft -mthumb -Wl,--start-group -lc -lm -Wl,--end-group
Finished building target: cv4.elf
 
arm-none-eabi-size   cv4.elf 
arm-none-eabi-objdump -h -S  cv4.elf  > "cv4.list"
   text	   data	    bss	    dec	    hex	filename
  11384	     20	   1796	  13200	   3390	cv4.elf
Finished building: default.size.stdout
 
Finished building: cv4.list
 
11:38:32 **** Incremental Build of configuration Debug for project cv4 ****
make -j4 all 
arm-none-eabi-size   cv4.elf 
   text	   data	    bss	    dec	    hex	filename
  11384	     20	   1796	  13200	   3390	cv4.elf
Finished building: default.size.stdout
 
11:46:51 **** Incremental Build of configuration Debug for project cv4 ****
make -j4 all 
arm-none-eabi-gcc "../Core/Src/main.c" -mcpu=cortex-m0 -std=gnu11 -g3 -DDEBUG -DUSE_HAL_DRIVER -DSTM32F030x8 -c -I../Core/Inc -I../Drivers/STM32F0xx_HAL_Driver/Inc -I../Drivers/STM32F0xx_HAL_Driver/Inc/Legacy -I../Drivers/CMSIS/Device/ST/STM32F0xx/Include -I../Drivers/CMSIS/Include -O0 -ffunction-sections -fdata-sections -Wall -fstack-usage -fcyclomatic-complexity -MMD -MP -MF"Core/Src/main.d" -MT"Core/Src/main.o" --specs=nano.specs -mfloat-abi=soft -mthumb -o "Core/Src/main.o"
../Core/Src/main.c: In function 'main':
../Core/Src/main.c:162:35: error: 'raw_temp' undeclared (first use in this function)
  162 |                   int32_t temp = (raw_temp - (int32_t)(*TEMP30_CAL_ADDR));
      |                                   ^~~~~~~~
../Core/Src/main.c:162:35: note: each undeclared identifier is reported only once for each function it appears in
../Core/Src/main.c:164:26: error: 'tem' undeclared (first use in this function); did you mean 'temp'?
  164 |                   temp = tem / (int32_t)(*TEMP110_CAL_ADDR - *TEMP30_CAL_ADDR);
      |                          ^~~
      |                          temp
make: *** [Core/Src/subdir.mk:37: Core/Src/main.o] Error 1
"make -j4 all" terminated with exit code 2. Build might be incomplete.
11:47:16 **** Incremental Build of configuration Debug for project cv4 ****
make -j4 all 
arm-none-eabi-gcc "../Core/Src/main.c" -mcpu=cortex-m0 -std=gnu11 -g3 -DDEBUG -DUSE_HAL_DRIVER -DSTM32F030x8 -c -I../Core/Inc -I../Drivers/STM32F0xx_HAL_Driver/Inc -I../Drivers/STM32F0xx_HAL_Driver/Inc/Legacy -I../Drivers/CMSIS/Device/ST/STM32F0xx/Include -I../Drivers/CMSIS/Include -O0 -ffunction-sections -fdata-sections -Wall -fstack-usage -fcyclomatic-complexity -MMD -MP -MF"Core/Src/main.d" -MT"Core/Src/main.o" --specs=nano.specs -mfloat-abi=soft -mthumb -o "Core/Src/main.o"
arm-none-eabi-gcc -o "cv4.elf" @"objects.list"   -mcpu=cortex-m0 -T"C:\Temp\230345\MKS\cv4\cv4\STM32F030R8TX_FLASH.ld" --specs=nosys.specs -Wl,-Map="cv4.map" -Wl,--gc-sections -static --specs=nano.specs -mfloat-abi=soft -mthumb -Wl,--start-group -lc -lm -Wl,--end-group
Finished building target: cv4.elf
 
arm-none-eabi-size   cv4.elf 
arm-none-eabi-objdump -h -S  cv4.elf  > "cv4.list"
   text	   data	    bss	    dec	    hex	filename
  11384	     20	   1796	  13200	   3390	cv4.elf
Finished building: default.size.stdout
 
Finished building: cv4.list
 
11:47:31 **** Incremental Build of configuration Debug for project cv4 ****
make -j4 all 
arm-none-eabi-size   cv4.elf 
   text	   data	    bss	    dec	    hex	filename
  11384	     20	   1796	  13200	   3390	cv4.elf
Finished building: default.size.stdout
 
11:51:11 **** Incremental Build of configuration Debug for project cv4 ****
make -j4 all 
arm-none-eabi-gcc "../Core/Src/main.c" -mcpu=cortex-m0 -std=gnu11 -g3 -DDEBUG -DUSE_HAL_DRIVER -DSTM32F030x8 -c -I../Core/Inc -I../Drivers/STM32F0xx_HAL_Driver/Inc -I../Drivers/STM32F0xx_HAL_Driver/Inc/Legacy -I../Drivers/CMSIS/Device/ST/STM32F0xx/Include -I../Drivers/CMSIS/Include -O0 -ffunction-sections -fdata-sections -Wall -fstack-usage -fcyclomatic-complexity -MMD -MP -MF"Core/Src/main.d" -MT"Core/Src/main.o" --specs=nano.specs -mfloat-abi=soft -mthumb -o "Core/Src/main.o"
../Core/Src/main.c: In function 'HAL_ADC_ConvCpltCallback':
../Core/Src/main.c:81:52: error: 'raw_volt' undeclared (first use in this function); did you mean 'raw_pot'?
   81 |                 volt = 330 * (*VREFINT_CAL_ADDR) / raw_volt;
      |                                                    ^~~~~~~~
      |                                                    raw_pot
../Core/Src/main.c:81:52: note: each undeclared identifier is reported only once for each function it appears in
../Core/Src/main.c: In function 'main':
../Core/Src/main.c:154:57: error: 'raw_volt' undeclared (first use in this function); did you mean 'raw_pot'?
  154 |                   sct_value(330 * (*VREFINT_CAL_ADDR) / raw_volt, 0);
      |                                                         ^~~~~~~~
      |                                                         raw_pot
../Core/Src/main.c:162:19: error: too few arguments to function 'sct_value'
  162 |                   sct_value(temperature)
      |                   ^~~~~~~~~
In file included from ../Core/Src/main.c:24:
../Core/Inc/sct.h:13:6: note: declared here
   13 | void sct_value(uint16_t value, uint8_t led);
      |      ^~~~~~~~~
../Core/Src/main.c:162:41: error: expected ';' before 'break'
  162 |                   sct_value(temperature)
      |                                         ^
      |                                         ;
  163 |                   break;
      |                   ~~~~~                  
make: *** [Core/Src/subdir.mk:37: Core/Src/main.o] Error 1
"make -j4 all" terminated with exit code 2. Build might be incomplete.
11:51:31 **** Incremental Build of configuration Debug for project cv4 ****
make -j4 all 
arm-none-eabi-gcc "../Core/Src/main.c" -mcpu=cortex-m0 -std=gnu11 -g3 -DDEBUG -DUSE_HAL_DRIVER -DSTM32F030x8 -c -I../Core/Inc -I../Drivers/STM32F0xx_HAL_Driver/Inc -I../Drivers/STM32F0xx_HAL_Driver/Inc/Legacy -I../Drivers/CMSIS/Device/ST/STM32F0xx/Include -I../Drivers/CMSIS/Include -O0 -ffunction-sections -fdata-sections -Wall -fstack-usage -fcyclomatic-complexity -MMD -MP -MF"Core/Src/main.d" -MT"Core/Src/main.o" --specs=nano.specs -mfloat-abi=soft -mthumb -o "Core/Src/main.o"
../Core/Src/main.c: In function 'HAL_ADC_ConvCpltCallback':
../Core/Src/main.c:81:52: error: 'raw_volt' undeclared (first use in this function); did you mean 'raw_pot'?
   81 |                 volt = 330 * (*VREFINT_CAL_ADDR) / raw_volt;
      |                                                    ^~~~~~~~
      |                                                    raw_pot
../Core/Src/main.c:81:52: note: each undeclared identifier is reported only once for each function it appears in
../Core/Src/main.c: In function 'main':
../Core/Src/main.c:154:57: error: 'raw_volt' undeclared (first use in this function); did you mean 'raw_pot'?
  154 |                   sct_value(330 * (*VREFINT_CAL_ADDR) / raw_volt, 0);
      |                                                         ^~~~~~~~
      |                                                         raw_pot
make: *** [Core/Src/subdir.mk:37: Core/Src/main.o] Error 1
"make -j4 all" terminated with exit code 2. Build might be incomplete.
11:52:16 **** Incremental Build of configuration Debug for project cv4 ****
make -j4 all 
arm-none-eabi-gcc "../Core/Src/main.c" -mcpu=cortex-m0 -std=gnu11 -g3 -DDEBUG -DUSE_HAL_DRIVER -DSTM32F030x8 -c -I../Core/Inc -I../Drivers/STM32F0xx_HAL_Driver/Inc -I../Drivers/STM32F0xx_HAL_Driver/Inc/Legacy -I../Drivers/CMSIS/Device/ST/STM32F0xx/Include -I../Drivers/CMSIS/Include -O0 -ffunction-sections -fdata-sections -Wall -fstack-usage -fcyclomatic-complexity -MMD -MP -MF"Core/Src/main.d" -MT"Core/Src/main.o" --specs=nano.specs -mfloat-abi=soft -mthumb -o "Core/Src/main.o"
../Core/Src/main.c: In function 'HAL_ADC_ConvCpltCallback':
../Core/Src/main.c:80:17: error: 'raw_volt' undeclared (first use in this function); did you mean 'raw_pot'?
   80 |                 raw_volt = HAL_ADC_GetValue(hadc);
      |                 ^~~~~~~~
      |                 raw_pot
../Core/Src/main.c:80:17: note: each undeclared identifier is reported only once for each function it appears in
../Core/Src/main.c: In function 'main':
../Core/Src/main.c:153:57: error: 'raw_volt' undeclared (first use in this function); did you mean 'raw_pot'?
  153 |                   sct_value(330 * (*VREFINT_CAL_ADDR) / raw_volt, 0);
      |                                                         ^~~~~~~~
      |                                                         raw_pot
make: *** [Core/Src/subdir.mk:37: Core/Src/main.o] Error 1
"make -j4 all" terminated with exit code 2. Build might be incomplete.
11:52:31 **** Incremental Build of configuration Debug for project cv4 ****
make -j4 all 
arm-none-eabi-gcc "../Core/Src/main.c" -mcpu=cortex-m0 -std=gnu11 -g3 -DDEBUG -DUSE_HAL_DRIVER -DSTM32F030x8 -c -I../Core/Inc -I../Drivers/STM32F0xx_HAL_Driver/Inc -I../Drivers/STM32F0xx_HAL_Driver/Inc/Legacy -I../Drivers/CMSIS/Device/ST/STM32F0xx/Include -I../Drivers/CMSIS/Include -O0 -ffunction-sections -fdata-sections -Wall -fstack-usage -fcyclomatic-complexity -MMD -MP -MF"Core/Src/main.d" -MT"Core/Src/main.o" --specs=nano.specs -mfloat-abi=soft -mthumb -o "Core/Src/main.o"
arm-none-eabi-gcc -o "cv4.elf" @"objects.list"   -mcpu=cortex-m0 -T"C:\Temp\230345\MKS\cv4\cv4\STM32F030R8TX_FLASH.ld" --specs=nosys.specs -Wl,-Map="cv4.map" -Wl,--gc-sections -static --specs=nano.specs -mfloat-abi=soft -mthumb -Wl,--start-group -lc -lm -Wl,--end-group
Finished building target: cv4.elf
 
arm-none-eabi-size   cv4.elf 
arm-none-eabi-objdump -h -S  cv4.elf  > "cv4.list"
   text	   data	    bss	    dec	    hex	filename
  11392	     20	   1788	  13200	   3390	cv4.elf
Finished building: default.size.stdout
 
Finished building: cv4.list
 
11:52:46 **** Incremental Build of configuration Debug for project cv4 ****
make -j4 all 
arm-none-eabi-size   cv4.elf 
   text	   data	    bss	    dec	    hex	filename
  11392	     20	   1788	  13200	   3390	cv4.elf
Finished building: default.size.stdout
 
11:59:38 **** Incremental Build of configuration Debug for project cv4 ****
make -j4 all 
arm-none-eabi-gcc "../Core/Src/main.c" -mcpu=cortex-m0 -std=gnu11 -g3 -DDEBUG -DUSE_HAL_DRIVER -DSTM32F030x8 -c -I../Core/Inc -I../Drivers/STM32F0xx_HAL_Driver/Inc -I../Drivers/STM32F0xx_HAL_Driver/Inc/Legacy -I../Drivers/CMSIS/Device/ST/STM32F0xx/Include -I../Drivers/CMSIS/Include -O0 -ffunction-sections -fdata-sections -Wall -fstack-usage -fcyclomatic-complexity -MMD -MP -MF"Core/Src/main.d" -MT"Core/Src/main.o" --specs=nano.specs -mfloat-abi=soft -mthumb -o "Core/Src/main.o"
../Core/Src/main.c: In function 'HAL_ADC_ConvCpltCallback':
../Core/Src/main.c:74:38: error: 'ADC_Q' undeclared (first use in this function)
   74 |                 raw_pot = avg_pot >> ADC_Q;
      |                                      ^~~~~
../Core/Src/main.c:74:38: note: each undeclared identifier is reported only once for each function it appears in
make: *** [Core/Src/subdir.mk:37: Core/Src/main.o] Error 1
"make -j4 all" terminated with exit code 2. Build might be incomplete.
11:59:59 **** Incremental Build of configuration Debug for project cv4 ****
make -j4 all 
arm-none-eabi-gcc "../Core/Src/main.c" -mcpu=cortex-m0 -std=gnu11 -g3 -DDEBUG -DUSE_HAL_DRIVER -DSTM32F030x8 -c -I../Core/Inc -I../Drivers/STM32F0xx_HAL_Driver/Inc -I../Drivers/STM32F0xx_HAL_Driver/Inc/Legacy -I../Drivers/CMSIS/Device/ST/STM32F0xx/Include -I../Drivers/CMSIS/Include -O0 -ffunction-sections -fdata-sections -Wall -fstack-usage -fcyclomatic-complexity -MMD -MP -MF"Core/Src/main.d" -MT"Core/Src/main.o" --specs=nano.specs -mfloat-abi=soft -mthumb -o "Core/Src/main.o"
arm-none-eabi-gcc -o "cv4.elf" @"objects.list"   -mcpu=cortex-m0 -T"C:\Temp\230345\MKS\cv4\cv4\STM32F030R8TX_FLASH.ld" --specs=nosys.specs -Wl,-Map="cv4.map" -Wl,--gc-sections -static --specs=nano.specs -mfloat-abi=soft -mthumb -Wl,--start-group -lc -lm -Wl,--end-group
Finished building target: cv4.elf
 
arm-none-eabi-size   cv4.elf 
arm-none-eabi-objdump -h -S  cv4.elf  > "cv4.list"
   text	   data	    bss	    dec	    hex	filename
  11472	     20	   1788	  13280	   33e0	cv4.elf
Finished building: default.size.stdout
 
Finished building: cv4.list
 
12:00:19 **** Incremental Build of configuration Debug for project cv4 ****
make -j4 all 
arm-none-eabi-size   cv4.elf 
   text	   data	    bss	    dec	    hex	filename
  11472	     20	   1788	  13280	   33e0	cv4.elf
Finished building: default.size.stdout
 
