10:29:31 **** Build of configuration Debug for project cv31 ****
make -j4 all 
arm-none-eabi-gcc "../Drivers/STM32F0xx_HAL_Driver/Src/stm32f0xx_hal.c" -mcpu=cortex-m0 -std=gnu11 -g3 -DDEBUG -DUSE_HAL_DRIVER -DSTM32F030x8 -c -I../Core/Inc -I../Drivers/STM32F0xx_HAL_Driver/Inc -I../Drivers/STM32F0xx_HAL_Driver/Inc/Legacy -I../Drivers/CMSIS/Device/ST/STM32F0xx/Include -I../Drivers/CMSIS/Include -O0 -ffunction-sections -fdata-sections -Wall -fstack-usage -fcyclomatic-complexity -MMD -MP -MF"Drivers/STM32F0xx_HAL_Driver/Src/stm32f0xx_hal.d" -MT"Drivers/STM32F0xx_HAL_Driver/Src/stm32f0xx_hal.o" --specs=nano.specs -mfloat-abi=soft -mthumb -o "Drivers/STM32F0xx_HAL_Driver/Src/stm32f0xx_hal.o"
arm-none-eabi-gcc "../Drivers/STM32F0xx_HAL_Driver/Src/stm32f0xx_hal_cortex.c" -mcpu=cortex-m0 -std=gnu11 -g3 -DDEBUG -DUSE_HAL_DRIVER -DSTM32F030x8 -c -I../Core/Inc -I../Drivers/STM32F0xx_HAL_Driver/Inc -I../Drivers/STM32F0xx_HAL_Driver/Inc/Legacy -I../Drivers/CMSIS/Device/ST/STM32F0xx/Include -I../Drivers/CMSIS/Include -O0 -ffunction-sections -fdata-sections -Wall -fstack-usage -fcyclomatic-complexity -MMD -MP -MF"Drivers/STM32F0xx_HAL_Driver/Src/stm32f0xx_hal_cortex.d" -MT"Drivers/STM32F0xx_HAL_Driver/Src/stm32f0xx_hal_cortex.o" --specs=nano.specs -mfloat-abi=soft -mthumb -o "Drivers/STM32F0xx_HAL_Driver/Src/stm32f0xx_hal_cortex.o"
arm-none-eabi-gcc "../Drivers/STM32F0xx_HAL_Driver/Src/stm32f0xx_hal_dma.c" -mcpu=cortex-m0 -std=gnu11 -g3 -DDEBUG -DUSE_HAL_DRIVER -DSTM32F030x8 -c -I../Core/Inc -I../Drivers/STM32F0xx_HAL_Driver/Inc -I../Drivers/STM32F0xx_HAL_Driver/Inc/Legacy -I../Drivers/CMSIS/Device/ST/STM32F0xx/Include -I../Drivers/CMSIS/Include -O0 -ffunction-sections -fdata-sections -Wall -fstack-usage -fcyclomatic-complexity -MMD -MP -MF"Drivers/STM32F0xx_HAL_Driver/Src/stm32f0xx_hal_dma.d" -MT"Drivers/STM32F0xx_HAL_Driver/Src/stm32f0xx_hal_dma.o" --specs=nano.specs -mfloat-abi=soft -mthumb -o "Drivers/STM32F0xx_HAL_Driver/Src/stm32f0xx_hal_dma.o"
arm-none-eabi-gcc "../Drivers/STM32F0xx_HAL_Driver/Src/stm32f0xx_hal_exti.c" -mcpu=cortex-m0 -std=gnu11 -g3 -DDEBUG -DUSE_HAL_DRIVER -DSTM32F030x8 -c -I../Core/Inc -I../Drivers/STM32F0xx_HAL_Driver/Inc -I../Drivers/STM32F0xx_HAL_Driver/Inc/Legacy -I../Drivers/CMSIS/Device/ST/STM32F0xx/Include -I../Drivers/CMSIS/Include -O0 -ffunction-sections -fdata-sections -Wall -fstack-usage -fcyclomatic-complexity -MMD -MP -MF"Drivers/STM32F0xx_HAL_Driver/Src/stm32f0xx_hal_exti.d" -MT"Drivers/STM32F0xx_HAL_Driver/Src/stm32f0xx_hal_exti.o" --specs=nano.specs -mfloat-abi=soft -mthumb -o "Drivers/STM32F0xx_HAL_Driver/Src/stm32f0xx_hal_exti.o"
arm-none-eabi-gcc "../Drivers/STM32F0xx_HAL_Driver/Src/stm32f0xx_hal_flash.c" -mcpu=cortex-m0 -std=gnu11 -g3 -DDEBUG -DUSE_HAL_DRIVER -DSTM32F030x8 -c -I../Core/Inc -I../Drivers/STM32F0xx_HAL_Driver/Inc -I../Drivers/STM32F0xx_HAL_Driver/Inc/Legacy -I../Drivers/CMSIS/Device/ST/STM32F0xx/Include -I../Drivers/CMSIS/Include -O0 -ffunction-sections -fdata-sections -Wall -fstack-usage -fcyclomatic-complexity -MMD -MP -MF"Drivers/STM32F0xx_HAL_Driver/Src/stm32f0xx_hal_flash.d" -MT"Drivers/STM32F0xx_HAL_Driver/Src/stm32f0xx_hal_flash.o" --specs=nano.specs -mfloat-abi=soft -mthumb -o "Drivers/STM32F0xx_HAL_Driver/Src/stm32f0xx_hal_flash.o"
arm-none-eabi-gcc "../Drivers/STM32F0xx_HAL_Driver/Src/stm32f0xx_hal_flash_ex.c" -mcpu=cortex-m0 -std=gnu11 -g3 -DDEBUG -DUSE_HAL_DRIVER -DSTM32F030x8 -c -I../Core/Inc -I../Drivers/STM32F0xx_HAL_Driver/Inc -I../Drivers/STM32F0xx_HAL_Driver/Inc/Legacy -I../Drivers/CMSIS/Device/ST/STM32F0xx/Include -I../Drivers/CMSIS/Include -O0 -ffunction-sections -fdata-sections -Wall -fstack-usage -fcyclomatic-complexity -MMD -MP -MF"Drivers/STM32F0xx_HAL_Driver/Src/stm32f0xx_hal_flash_ex.d" -MT"Drivers/STM32F0xx_HAL_Driver/Src/stm32f0xx_hal_flash_ex.o" --specs=nano.specs -mfloat-abi=soft -mthumb -o "Drivers/STM32F0xx_HAL_Driver/Src/stm32f0xx_hal_flash_ex.o"
arm-none-eabi-gcc "../Drivers/STM32F0xx_HAL_Driver/Src/stm32f0xx_hal_gpio.c" -mcpu=cortex-m0 -std=gnu11 -g3 -DDEBUG -DUSE_HAL_DRIVER -DSTM32F030x8 -c -I../Core/Inc -I../Drivers/STM32F0xx_HAL_Driver/Inc -I../Drivers/STM32F0xx_HAL_Driver/Inc/Legacy -I../Drivers/CMSIS/Device/ST/STM32F0xx/Include -I../Drivers/CMSIS/Include -O0 -ffunction-sections -fdata-sections -Wall -fstack-usage -fcyclomatic-complexity -MMD -MP -MF"Drivers/STM32F0xx_HAL_Driver/Src/stm32f0xx_hal_gpio.d" -MT"Drivers/STM32F0xx_HAL_Driver/Src/stm32f0xx_hal_gpio.o" --specs=nano.specs -mfloat-abi=soft -mthumb -o "Drivers/STM32F0xx_HAL_Driver/Src/stm32f0xx_hal_gpio.o"
arm-none-eabi-gcc "../Drivers/STM32F0xx_HAL_Driver/Src/stm32f0xx_hal_i2c.c" -mcpu=cortex-m0 -std=gnu11 -g3 -DDEBUG -DUSE_HAL_DRIVER -DSTM32F030x8 -c -I../Core/Inc -I../Drivers/STM32F0xx_HAL_Driver/Inc -I../Drivers/STM32F0xx_HAL_Driver/Inc/Legacy -I../Drivers/CMSIS/Device/ST/STM32F0xx/Include -I../Drivers/CMSIS/Include -O0 -ffunction-sections -fdata-sections -Wall -fstack-usage -fcyclomatic-complexity -MMD -MP -MF"Drivers/STM32F0xx_HAL_Driver/Src/stm32f0xx_hal_i2c.d" -MT"Drivers/STM32F0xx_HAL_Driver/Src/stm32f0xx_hal_i2c.o" --specs=nano.specs -mfloat-abi=soft -mthumb -o "Drivers/STM32F0xx_HAL_Driver/Src/stm32f0xx_hal_i2c.o"
arm-none-eabi-gcc "../Drivers/STM32F0xx_HAL_Driver/Src/stm32f0xx_hal_i2c_ex.c" -mcpu=cortex-m0 -std=gnu11 -g3 -DDEBUG -DUSE_HAL_DRIVER -DSTM32F030x8 -c -I../Core/Inc -I../Drivers/STM32F0xx_HAL_Driver/Inc -I../Drivers/STM32F0xx_HAL_Driver/Inc/Legacy -I../Drivers/CMSIS/Device/ST/STM32F0xx/Include -I../Drivers/CMSIS/Include -O0 -ffunction-sections -fdata-sections -Wall -fstack-usage -fcyclomatic-complexity -MMD -MP -MF"Drivers/STM32F0xx_HAL_Driver/Src/stm32f0xx_hal_i2c_ex.d" -MT"Drivers/STM32F0xx_HAL_Driver/Src/stm32f0xx_hal_i2c_ex.o" --specs=nano.specs -mfloat-abi=soft -mthumb -o "Drivers/STM32F0xx_HAL_Driver/Src/stm32f0xx_hal_i2c_ex.o"
arm-none-eabi-gcc "../Drivers/STM32F0xx_HAL_Driver/Src/stm32f0xx_hal_pwr.c" -mcpu=cortex-m0 -std=gnu11 -g3 -DDEBUG -DUSE_HAL_DRIVER -DSTM32F030x8 -c -I../Core/Inc -I../Drivers/STM32F0xx_HAL_Driver/Inc -I../Drivers/STM32F0xx_HAL_Driver/Inc/Legacy -I../Drivers/CMSIS/Device/ST/STM32F0xx/Include -I../Drivers/CMSIS/Include -O0 -ffunction-sections -fdata-sections -Wall -fstack-usage -fcyclomatic-complexity -MMD -MP -MF"Drivers/STM32F0xx_HAL_Driver/Src/stm32f0xx_hal_pwr.d" -MT"Drivers/STM32F0xx_HAL_Driver/Src/stm32f0xx_hal_pwr.o" --specs=nano.specs -mfloat-abi=soft -mthumb -o "Drivers/STM32F0xx_HAL_Driver/Src/stm32f0xx_hal_pwr.o"
arm-none-eabi-gcc "../Drivers/STM32F0xx_HAL_Driver/Src/stm32f0xx_hal_pwr_ex.c" -mcpu=cortex-m0 -std=gnu11 -g3 -DDEBUG -DUSE_HAL_DRIVER -DSTM32F030x8 -c -I../Core/Inc -I../Drivers/STM32F0xx_HAL_Driver/Inc -I../Drivers/STM32F0xx_HAL_Driver/Inc/Legacy -I../Drivers/CMSIS/Device/ST/STM32F0xx/Include -I../Drivers/CMSIS/Include -O0 -ffunction-sections -fdata-sections -Wall -fstack-usage -fcyclomatic-complexity -MMD -MP -MF"Drivers/STM32F0xx_HAL_Driver/Src/stm32f0xx_hal_pwr_ex.d" -MT"Drivers/STM32F0xx_HAL_Driver/Src/stm32f0xx_hal_pwr_ex.o" --specs=nano.specs -mfloat-abi=soft -mthumb -o "Drivers/STM32F0xx_HAL_Driver/Src/stm32f0xx_hal_pwr_ex.o"
arm-none-eabi-gcc "../Drivers/STM32F0xx_HAL_Driver/Src/stm32f0xx_hal_rcc.c" -mcpu=cortex-m0 -std=gnu11 -g3 -DDEBUG -DUSE_HAL_DRIVER -DSTM32F030x8 -c -I../Core/Inc -I../Drivers/STM32F0xx_HAL_Driver/Inc -I../Drivers/STM32F0xx_HAL_Driver/Inc/Legacy -I../Drivers/CMSIS/Device/ST/STM32F0xx/Include -I../Drivers/CMSIS/Include -O0 -ffunction-sections -fdata-sections -Wall -fstack-usage -fcyclomatic-complexity -MMD -MP -MF"Drivers/STM32F0xx_HAL_Driver/Src/stm32f0xx_hal_rcc.d" -MT"Drivers/STM32F0xx_HAL_Driver/Src/stm32f0xx_hal_rcc.o" --specs=nano.specs -mfloat-abi=soft -mthumb -o "Drivers/STM32F0xx_HAL_Driver/Src/stm32f0xx_hal_rcc.o"
arm-none-eabi-gcc "../Drivers/STM32F0xx_HAL_Driver/Src/stm32f0xx_hal_rcc_ex.c" -mcpu=cortex-m0 -std=gnu11 -g3 -DDEBUG -DUSE_HAL_DRIVER -DSTM32F030x8 -c -I../Core/Inc -I../Drivers/STM32F0xx_HAL_Driver/Inc -I../Drivers/STM32F0xx_HAL_Driver/Inc/Legacy -I../Drivers/CMSIS/Device/ST/STM32F0xx/Include -I../Drivers/CMSIS/Include -O0 -ffunction-sections -fdata-sections -Wall -fstack-usage -fcyclomatic-complexity -MMD -MP -MF"Drivers/STM32F0xx_HAL_Driver/Src/stm32f0xx_hal_rcc_ex.d" -MT"Drivers/STM32F0xx_HAL_Driver/Src/stm32f0xx_hal_rcc_ex.o" --specs=nano.specs -mfloat-abi=soft -mthumb -o "Drivers/STM32F0xx_HAL_Driver/Src/stm32f0xx_hal_rcc_ex.o"
arm-none-eabi-gcc "../Drivers/STM32F0xx_HAL_Driver/Src/stm32f0xx_hal_tim.c" -mcpu=cortex-m0 -std=gnu11 -g3 -DDEBUG -DUSE_HAL_DRIVER -DSTM32F030x8 -c -I../Core/Inc -I../Drivers/STM32F0xx_HAL_Driver/Inc -I../Drivers/STM32F0xx_HAL_Driver/Inc/Legacy -I../Drivers/CMSIS/Device/ST/STM32F0xx/Include -I../Drivers/CMSIS/Include -O0 -ffunction-sections -fdata-sections -Wall -fstack-usage -fcyclomatic-complexity -MMD -MP -MF"Drivers/STM32F0xx_HAL_Driver/Src/stm32f0xx_hal_tim.d" -MT"Drivers/STM32F0xx_HAL_Driver/Src/stm32f0xx_hal_tim.o" --specs=nano.specs -mfloat-abi=soft -mthumb -o "Drivers/STM32F0xx_HAL_Driver/Src/stm32f0xx_hal_tim.o"
arm-none-eabi-gcc "../Drivers/STM32F0xx_HAL_Driver/Src/stm32f0xx_hal_tim_ex.c" -mcpu=cortex-m0 -std=gnu11 -g3 -DDEBUG -DUSE_HAL_DRIVER -DSTM32F030x8 -c -I../Core/Inc -I../Drivers/STM32F0xx_HAL_Driver/Inc -I../Drivers/STM32F0xx_HAL_Driver/Inc/Legacy -I../Drivers/CMSIS/Device/ST/STM32F0xx/Include -I../Drivers/CMSIS/Include -O0 -ffunction-sections -fdata-sections -Wall -fstack-usage -fcyclomatic-complexity -MMD -MP -MF"Drivers/STM32F0xx_HAL_Driver/Src/stm32f0xx_hal_tim_ex.d" -MT"Drivers/STM32F0xx_HAL_Driver/Src/stm32f0xx_hal_tim_ex.o" --specs=nano.specs -mfloat-abi=soft -mthumb -o "Drivers/STM32F0xx_HAL_Driver/Src/stm32f0xx_hal_tim_ex.o"
arm-none-eabi-gcc "../Drivers/STM32F0xx_HAL_Driver/Src/stm32f0xx_hal_uart.c" -mcpu=cortex-m0 -std=gnu11 -g3 -DDEBUG -DUSE_HAL_DRIVER -DSTM32F030x8 -c -I../Core/Inc -I../Drivers/STM32F0xx_HAL_Driver/Inc -I../Drivers/STM32F0xx_HAL_Driver/Inc/Legacy -I../Drivers/CMSIS/Device/ST/STM32F0xx/Include -I../Drivers/CMSIS/Include -O0 -ffunction-sections -fdata-sections -Wall -fstack-usage -fcyclomatic-complexity -MMD -MP -MF"Drivers/STM32F0xx_HAL_Driver/Src/stm32f0xx_hal_uart.d" -MT"Drivers/STM32F0xx_HAL_Driver/Src/stm32f0xx_hal_uart.o" --specs=nano.specs -mfloat-abi=soft -mthumb -o "Drivers/STM32F0xx_HAL_Driver/Src/stm32f0xx_hal_uart.o"
arm-none-eabi-gcc "../Drivers/STM32F0xx_HAL_Driver/Src/stm32f0xx_hal_uart_ex.c" -mcpu=cortex-m0 -std=gnu11 -g3 -DDEBUG -DUSE_HAL_DRIVER -DSTM32F030x8 -c -I../Core/Inc -I../Drivers/STM32F0xx_HAL_Driver/Inc -I../Drivers/STM32F0xx_HAL_Driver/Inc/Legacy -I../Drivers/CMSIS/Device/ST/STM32F0xx/Include -I../Drivers/CMSIS/Include -O0 -ffunction-sections -fdata-sections -Wall -fstack-usage -fcyclomatic-complexity -MMD -MP -MF"Drivers/STM32F0xx_HAL_Driver/Src/stm32f0xx_hal_uart_ex.d" -MT"Drivers/STM32F0xx_HAL_Driver/Src/stm32f0xx_hal_uart_ex.o" --specs=nano.specs -mfloat-abi=soft -mthumb -o "Drivers/STM32F0xx_HAL_Driver/Src/stm32f0xx_hal_uart_ex.o"
arm-none-eabi-gcc -mcpu=cortex-m0 -g3 -DDEBUG -c -x assembler-with-cpp -MMD -MP -MF"Core/Startup/startup_stm32f030r8tx.d" -MT"Core/Startup/startup_stm32f030r8tx.o" --specs=nano.specs -mfloat-abi=soft -mthumb -o "Core/Startup/startup_stm32f030r8tx.o" "../Core/Startup/startup_stm32f030r8tx.s"
arm-none-eabi-gcc "../Core/Src/main.c" -mcpu=cortex-m0 -std=gnu11 -g3 -DDEBUG -DUSE_HAL_DRIVER -DSTM32F030x8 -c -I../Core/Inc -I../Drivers/STM32F0xx_HAL_Driver/Inc -I../Drivers/STM32F0xx_HAL_Driver/Inc/Legacy -I../Drivers/CMSIS/Device/ST/STM32F0xx/Include -I../Drivers/CMSIS/Include -O0 -ffunction-sections -fdata-sections -Wall -fstack-usage -fcyclomatic-complexity -MMD -MP -MF"Core/Src/main.d" -MT"Core/Src/main.o" --specs=nano.specs -mfloat-abi=soft -mthumb -o "Core/Src/main.o"
arm-none-eabi-gcc "../Core/Src/sct.c" -mcpu=cortex-m0 -std=gnu11 -g3 -DDEBUG -DUSE_HAL_DRIVER -DSTM32F030x8 -c -I../Core/Inc -I../Drivers/STM32F0xx_HAL_Driver/Inc -I../Drivers/STM32F0xx_HAL_Driver/Inc/Legacy -I../Drivers/CMSIS/Device/ST/STM32F0xx/Include -I../Drivers/CMSIS/Include -O0 -ffunction-sections -fdata-sections -Wall -fstack-usage -fcyclomatic-complexity -MMD -MP -MF"Core/Src/sct.d" -MT"Core/Src/sct.o" --specs=nano.specs -mfloat-abi=soft -mthumb -o "Core/Src/sct.o"
../Core/Src/main.c: In function 'main':
../Core/Src/main.c:93:3: warning: implicit declaration of function 'sct_init' [-Wimplicit-function-declaration]
   93 |   sct_init();
      |   ^~~~~~~~
../Core/Src/main.c:94:3: warning: implicit declaration of function 'sct_led' [-Wimplicit-function-declaration]
   94 |   sct_led(0x7A5C36DE);
      |   ^~~~~~~
arm-none-eabi-gcc "../Core/Src/stm32f0xx_hal_msp.c" -mcpu=cortex-m0 -std=gnu11 -g3 -DDEBUG -DUSE_HAL_DRIVER -DSTM32F030x8 -c -I../Core/Inc -I../Drivers/STM32F0xx_HAL_Driver/Inc -I../Drivers/STM32F0xx_HAL_Driver/Inc/Legacy -I../Drivers/CMSIS/Device/ST/STM32F0xx/Include -I../Drivers/CMSIS/Include -O0 -ffunction-sections -fdata-sections -Wall -fstack-usage -fcyclomatic-complexity -MMD -MP -MF"Core/Src/stm32f0xx_hal_msp.d" -MT"Core/Src/stm32f0xx_hal_msp.o" --specs=nano.specs -mfloat-abi=soft -mthumb -o "Core/Src/stm32f0xx_hal_msp.o"
arm-none-eabi-gcc "../Core/Src/stm32f0xx_it.c" -mcpu=cortex-m0 -std=gnu11 -g3 -DDEBUG -DUSE_HAL_DRIVER -DSTM32F030x8 -c -I../Core/Inc -I../Drivers/STM32F0xx_HAL_Driver/Inc -I../Drivers/STM32F0xx_HAL_Driver/Inc/Legacy -I../Drivers/CMSIS/Device/ST/STM32F0xx/Include -I../Drivers/CMSIS/Include -O0 -ffunction-sections -fdata-sections -Wall -fstack-usage -fcyclomatic-complexity -MMD -MP -MF"Core/Src/stm32f0xx_it.d" -MT"Core/Src/stm32f0xx_it.o" --specs=nano.specs -mfloat-abi=soft -mthumb -o "Core/Src/stm32f0xx_it.o"
../Core/Src/sct.c:10:1: warning: return type defaults to 'int' [-Wimplicit-int]
   10 | sct_innit(){
      | ^~~~~~~~~
../Core/Src/sct.c: In function 'sct_innit':
../Core/Src/sct.c:11:9: warning: implicit declaration of function 'sct_led' [-Wimplicit-function-declaration]
   11 |         sct_led(0);
      |         ^~~~~~~
../Core/Src/sct.c: At top level:
../Core/Src/sct.c:14:6: warning: conflicting types for 'sct_led'; have 'void(uint32_t)' {aka 'void(long unsigned int)'}
   14 | void sct_led(uint32_t value) {
      |      ^~~~~~~
../Core/Src/sct.c:11:9: note: previous implicit declaration of 'sct_led' with type 'void(uint32_t)' {aka 'void(long unsigned int)'}
   11 |         sct_led(0);
      |         ^~~~~~~
../Core/Src/sct.c: In function 'sct_led':
../Core/Src/sct.c:18:80: error: expected ')' before ';' token
   18 |                   HAL_GPIO_WritePin(sct_noe_GPIO_Port, sct_noe_Pin, (value & 1);
      |                                    ~                                           ^
      |                                                                                )
../Core/Src/sct.c:21:72: error: expected ';' before '}' token
   21 |                   HAL_GPIO_WritePin(sct_clk_GPIO_Port, sct_clk_Pin, 0);
      |                                                                        ^
      |                                                                        ;
   22 |           }
      |           ~                                                             
../Core/Src/sct.c: In function 'sct_innit':
../Core/Src/sct.c:12:1: warning: control reaches end of non-void function [-Wreturn-type]
   12 | }
      | ^
arm-none-eabi-gcc "../Core/Src/syscalls.c" -mcpu=cortex-m0 -std=gnu11 -g3 -DDEBUG -DUSE_HAL_DRIVER -DSTM32F030x8 -c -I../Core/Inc -I../Drivers/STM32F0xx_HAL_Driver/Inc -I../Drivers/STM32F0xx_HAL_Driver/Inc/Legacy -I../Drivers/CMSIS/Device/ST/STM32F0xx/Include -I../Drivers/CMSIS/Include -O0 -ffunction-sections -fdata-sections -Wall -fstack-usage -fcyclomatic-complexity -MMD -MP -MF"Core/Src/syscalls.d" -MT"Core/Src/syscalls.o" --specs=nano.specs -mfloat-abi=soft -mthumb -o "Core/Src/syscalls.o"
make: *** [Core/Src/subdir.mk:37: Core/Src/sct.o] Error 1
make: *** Waiting for unfinished jobs....
"make -j4 all" terminated with exit code 2. Build might be incomplete.
10:29:39 **** Incremental Build of configuration Debug for project cv31 ****
make -j4 all 
arm-none-eabi-gcc "../Core/Src/sct.c" -mcpu=cortex-m0 -std=gnu11 -g3 -DDEBUG -DUSE_HAL_DRIVER -DSTM32F030x8 -c -I../Core/Inc -I../Drivers/STM32F0xx_HAL_Driver/Inc -I../Drivers/STM32F0xx_HAL_Driver/Inc/Legacy -I../Drivers/CMSIS/Device/ST/STM32F0xx/Include -I../Drivers/CMSIS/Include -O0 -ffunction-sections -fdata-sections -Wall -fstack-usage -fcyclomatic-complexity -MMD -MP -MF"Core/Src/sct.d" -MT"Core/Src/sct.o" --specs=nano.specs -mfloat-abi=soft -mthumb -o "Core/Src/sct.o"
arm-none-eabi-gcc "../Core/Src/sysmem.c" -mcpu=cortex-m0 -std=gnu11 -g3 -DDEBUG -DUSE_HAL_DRIVER -DSTM32F030x8 -c -I../Core/Inc -I../Drivers/STM32F0xx_HAL_Driver/Inc -I../Drivers/STM32F0xx_HAL_Driver/Inc/Legacy -I../Drivers/CMSIS/Device/ST/STM32F0xx/Include -I../Drivers/CMSIS/Include -O0 -ffunction-sections -fdata-sections -Wall -fstack-usage -fcyclomatic-complexity -MMD -MP -MF"Core/Src/sysmem.d" -MT"Core/Src/sysmem.o" --specs=nano.specs -mfloat-abi=soft -mthumb -o "Core/Src/sysmem.o"
arm-none-eabi-gcc "../Core/Src/system_stm32f0xx.c" -mcpu=cortex-m0 -std=gnu11 -g3 -DDEBUG -DUSE_HAL_DRIVER -DSTM32F030x8 -c -I../Core/Inc -I../Drivers/STM32F0xx_HAL_Driver/Inc -I../Drivers/STM32F0xx_HAL_Driver/Inc/Legacy -I../Drivers/CMSIS/Device/ST/STM32F0xx/Include -I../Drivers/CMSIS/Include -O0 -ffunction-sections -fdata-sections -Wall -fstack-usage -fcyclomatic-complexity -MMD -MP -MF"Core/Src/system_stm32f0xx.d" -MT"Core/Src/system_stm32f0xx.o" --specs=nano.specs -mfloat-abi=soft -mthumb -o "Core/Src/system_stm32f0xx.o"
../Core/Src/sct.c:10:1: warning: return type defaults to 'int' [-Wimplicit-int]
   10 | sct_innit(){
      | ^~~~~~~~~
../Core/Src/sct.c: In function 'sct_innit':
../Core/Src/sct.c:11:9: warning: implicit declaration of function 'sct_led' [-Wimplicit-function-declaration]
   11 |         sct_led(0);
      |         ^~~~~~~
../Core/Src/sct.c: At top level:
../Core/Src/sct.c:14:6: warning: conflicting types for 'sct_led'; have 'void(uint32_t)' {aka 'void(long unsigned int)'}
   14 | void sct_led(uint32_t value) {
      |      ^~~~~~~
../Core/Src/sct.c:11:9: note: previous implicit declaration of 'sct_led' with type 'void(uint32_t)' {aka 'void(long unsigned int)'}
   11 |         sct_led(0);
      |         ^~~~~~~
../Core/Src/sct.c: In function 'sct_led':
../Core/Src/sct.c:18:80: error: expected ')' before ';' token
   18 |                   HAL_GPIO_WritePin(sct_noe_GPIO_Port, sct_noe_Pin, (value & 1);
      |                                    ~                                           ^
      |                                                                                )
../Core/Src/sct.c:21:72: error: expected ';' before '}' token
   21 |                   HAL_GPIO_WritePin(sct_clk_GPIO_Port, sct_clk_Pin, 0);
      |                                                                        ^
      |                                                                        ;
   22 |           }
      |           ~                                                             
../Core/Src/sct.c: In function 'sct_innit':
../Core/Src/sct.c:12:1: warning: control reaches end of non-void function [-Wreturn-type]
   12 | }
      | ^
make: *** [Core/Src/subdir.mk:37: Core/Src/sct.o] Error 1
make: *** Waiting for unfinished jobs....
"make -j4 all" terminated with exit code 2. Build might be incomplete.
10:30:09 **** Incremental Build of configuration Debug for project cv31 ****
make -j4 all 
arm-none-eabi-gcc "../Core/Src/sct.c" -mcpu=cortex-m0 -std=gnu11 -g3 -DDEBUG -DUSE_HAL_DRIVER -DSTM32F030x8 -c -I../Core/Inc -I../Drivers/STM32F0xx_HAL_Driver/Inc -I../Drivers/STM32F0xx_HAL_Driver/Inc/Legacy -I../Drivers/CMSIS/Device/ST/STM32F0xx/Include -I../Drivers/CMSIS/Include -O0 -ffunction-sections -fdata-sections -Wall -fstack-usage -fcyclomatic-complexity -MMD -MP -MF"Core/Src/sct.d" -MT"Core/Src/sct.o" --specs=nano.specs -mfloat-abi=soft -mthumb -o "Core/Src/sct.o"
../Core/Src/sct.c:10:1: warning: return type defaults to 'int' [-Wimplicit-int]
   10 | sct_innit(void)
      | ^~~~~~~~~
../Core/Src/sct.c: In function 'sct_innit':
../Core/Src/sct.c:12:9: warning: implicit declaration of function 'sct_led' [-Wimplicit-function-declaration]
   12 |         sct_led(0);
      |         ^~~~~~~
../Core/Src/sct.c: At top level:
../Core/Src/sct.c:15:6: warning: conflicting types for 'sct_led'; have 'void(uint32_t)' {aka 'void(long unsigned int)'}
   15 | void sct_led(uint32_t value) {
      |      ^~~~~~~
../Core/Src/sct.c:12:9: note: previous implicit declaration of 'sct_led' with type 'void(uint32_t)' {aka 'void(long unsigned int)'}
   12 |         sct_led(0);
      |         ^~~~~~~
../Core/Src/sct.c: In function 'sct_led':
../Core/Src/sct.c:19:80: error: expected ')' before ';' token
   19 |                   HAL_GPIO_WritePin(sct_noe_GPIO_Port, sct_noe_Pin, (value & 1);
      |                                    ~                                           ^
      |                                                                                )
../Core/Src/sct.c:22:72: error: expected ';' before '}' token
   22 |                   HAL_GPIO_WritePin(sct_clk_GPIO_Port, sct_clk_Pin, 0);
      |                                                                        ^
      |                                                                        ;
   23 |           }
      |           ~                                                             
../Core/Src/sct.c: In function 'sct_innit':
../Core/Src/sct.c:13:1: warning: control reaches end of non-void function [-Wreturn-type]
   13 | }
      | ^
make: *** [Core/Src/subdir.mk:37: Core/Src/sct.o] Error 1
"make -j4 all" terminated with exit code 2. Build might be incomplete.
10:30:19 **** Incremental Build of configuration Debug for project cv31 ****
make -j4 all 
arm-none-eabi-gcc "../Core/Src/sct.c" -mcpu=cortex-m0 -std=gnu11 -g3 -DDEBUG -DUSE_HAL_DRIVER -DSTM32F030x8 -c -I../Core/Inc -I../Drivers/STM32F0xx_HAL_Driver/Inc -I../Drivers/STM32F0xx_HAL_Driver/Inc/Legacy -I../Drivers/CMSIS/Device/ST/STM32F0xx/Include -I../Drivers/CMSIS/Include -O0 -ffunction-sections -fdata-sections -Wall -fstack-usage -fcyclomatic-complexity -MMD -MP -MF"Core/Src/sct.d" -MT"Core/Src/sct.o" --specs=nano.specs -mfloat-abi=soft -mthumb -o "Core/Src/sct.o"
../Core/Src/sct.c:10:1: warning: return type defaults to 'int' [-Wimplicit-int]
   10 | sct_innit(void)
      | ^~~~~~~~~
../Core/Src/sct.c: In function 'sct_innit':
../Core/Src/sct.c:12:9: warning: implicit declaration of function 'sct_led' [-Wimplicit-function-declaration]
   12 |         sct_led(0);
      |         ^~~~~~~
../Core/Src/sct.c: At top level:
../Core/Src/sct.c:15:6: warning: conflicting types for 'sct_led'; have 'void(uint32_t)' {aka 'void(long unsigned int)'}
   15 | void sct_led(uint32_t value) {
      |      ^~~~~~~
../Core/Src/sct.c:12:9: note: previous implicit declaration of 'sct_led' with type 'void(uint32_t)' {aka 'void(long unsigned int)'}
   12 |         sct_led(0);
      |         ^~~~~~~
../Core/Src/sct.c: In function 'sct_led':
../Core/Src/sct.c:19:80: error: expected ')' before ';' token
   19 |                   HAL_GPIO_WritePin(sct_noe_GPIO_Port, sct_noe_Pin, (value & 1);
      |                                    ~                                           ^
      |                                                                                )
../Core/Src/sct.c:22:72: error: expected ';' before '}' token
   22 |                   HAL_GPIO_WritePin(sct_clk_GPIO_Port, sct_clk_Pin, 0);
      |                                                                        ^
      |                                                                        ;
   23 |           }
      |           ~                                                             
../Core/Src/sct.c: In function 'sct_innit':
../Core/Src/sct.c:13:1: warning: control reaches end of non-void function [-Wreturn-type]
   13 | }
      | ^
make: *** [Core/Src/subdir.mk:37: Core/Src/sct.o] Error 1
"make -j4 all" terminated with exit code 2. Build might be incomplete.
10:30:24 **** Incremental Build of configuration Debug for project cv31 ****
make -j4 all 
arm-none-eabi-gcc "../Core/Src/sct.c" -mcpu=cortex-m0 -std=gnu11 -g3 -DDEBUG -DUSE_HAL_DRIVER -DSTM32F030x8 -c -I../Core/Inc -I../Drivers/STM32F0xx_HAL_Driver/Inc -I../Drivers/STM32F0xx_HAL_Driver/Inc/Legacy -I../Drivers/CMSIS/Device/ST/STM32F0xx/Include -I../Drivers/CMSIS/Include -O0 -ffunction-sections -fdata-sections -Wall -fstack-usage -fcyclomatic-complexity -MMD -MP -MF"Core/Src/sct.d" -MT"Core/Src/sct.o" --specs=nano.specs -mfloat-abi=soft -mthumb -o "Core/Src/sct.o"
../Core/Src/sct.c:10:1: warning: return type defaults to 'int' [-Wimplicit-int]
   10 | sct_init(void)
      | ^~~~~~~~
../Core/Src/sct.c: In function 'sct_init':
../Core/Src/sct.c:12:9: warning: implicit declaration of function 'sct_led' [-Wimplicit-function-declaration]
   12 |         sct_led(0);
      |         ^~~~~~~
../Core/Src/sct.c: At top level:
../Core/Src/sct.c:15:6: warning: conflicting types for 'sct_led'; have 'void(uint32_t)' {aka 'void(long unsigned int)'}
   15 | void sct_led(uint32_t value) {
      |      ^~~~~~~
../Core/Src/sct.c:12:9: note: previous implicit declaration of 'sct_led' with type 'void(uint32_t)' {aka 'void(long unsigned int)'}
   12 |         sct_led(0);
      |         ^~~~~~~
../Core/Src/sct.c: In function 'sct_led':
../Core/Src/sct.c:19:80: error: expected ')' before ';' token
   19 |                   HAL_GPIO_WritePin(sct_noe_GPIO_Port, sct_noe_Pin, (value & 1);
      |                                    ~                                           ^
      |                                                                                )
../Core/Src/sct.c:22:72: error: expected ';' before '}' token
   22 |                   HAL_GPIO_WritePin(sct_clk_GPIO_Port, sct_clk_Pin, 0);
      |                                                                        ^
      |                                                                        ;
   23 |           }
      |           ~                                                             
../Core/Src/sct.c: In function 'sct_init':
../Core/Src/sct.c:13:1: warning: control reaches end of non-void function [-Wreturn-type]
   13 | }
      | ^
make: *** [Core/Src/subdir.mk:37: Core/Src/sct.o] Error 1
"make -j4 all" terminated with exit code 2. Build might be incomplete.
10:31:50 **** Incremental Build of configuration Debug for project cv31 ****
make -j4 all 
arm-none-eabi-gcc "../Core/Src/sct.c" -mcpu=cortex-m0 -std=gnu11 -g3 -DDEBUG -DUSE_HAL_DRIVER -DSTM32F030x8 -c -I../Core/Inc -I../Drivers/STM32F0xx_HAL_Driver/Inc -I../Drivers/STM32F0xx_HAL_Driver/Inc/Legacy -I../Drivers/CMSIS/Device/ST/STM32F0xx/Include -I../Drivers/CMSIS/Include -O0 -ffunction-sections -fdata-sections -Wall -fstack-usage -fcyclomatic-complexity -MMD -MP -MF"Core/Src/sct.d" -MT"Core/Src/sct.o" --specs=nano.specs -mfloat-abi=soft -mthumb -o "Core/Src/sct.o"
../Core/Src/sct.c:10:1: warning: return type defaults to 'int' [-Wimplicit-int]
   10 | sct_init(void)
      | ^~~~~~~~
../Core/Src/sct.c: In function 'sct_init':
../Core/Src/sct.c:12:9: warning: implicit declaration of function 'sct_led' [-Wimplicit-function-declaration]
   12 |         sct_led(0);
      |         ^~~~~~~
../Core/Src/sct.c: At top level:
../Core/Src/sct.c:15:6: warning: conflicting types for 'sct_led'; have 'void(uint32_t)' {aka 'void(long unsigned int)'}
   15 | void sct_led(uint32_t value) {
      |      ^~~~~~~
../Core/Src/sct.c:12:9: note: previous implicit declaration of 'sct_led' with type 'void(uint32_t)' {aka 'void(long unsigned int)'}
   12 |         sct_led(0);
      |         ^~~~~~~
../Core/Src/sct.c: In function 'sct_led':
../Core/Src/sct.c:19:80: error: expected ')' before ';' token
   19 |                   HAL_GPIO_WritePin(sct_noe_GPIO_Port, sct_noe_Pin, (value & 1);
      |                                    ~                                           ^
      |                                                                                )
../Core/Src/sct.c:22:72: error: expected ';' before '}' token
   22 |                   HAL_GPIO_WritePin(sct_clk_GPIO_Port, sct_clk_Pin, 0);
      |                                                                        ^
      |                                                                        ;
   23 |           }
      |           ~                                                             
../Core/Src/sct.c: In function 'sct_init':
../Core/Src/sct.c:13:1: warning: control reaches end of non-void function [-Wreturn-type]
   13 | }
      | ^
make: *** [Core/Src/subdir.mk:37: Core/Src/sct.o] Error 1
"make -j4 all" terminated with exit code 2. Build might be incomplete.
10:33:30 **** Incremental Build of configuration Debug for project cv31 ****
make -j4 all 
arm-none-eabi-gcc "../Core/Src/sct.c" -mcpu=cortex-m0 -std=gnu11 -g3 -DDEBUG -DUSE_HAL_DRIVER -DSTM32F030x8 -c -I../Core/Inc -I../Drivers/STM32F0xx_HAL_Driver/Inc -I../Drivers/STM32F0xx_HAL_Driver/Inc/Legacy -I../Drivers/CMSIS/Device/ST/STM32F0xx/Include -I../Drivers/CMSIS/Include -O0 -ffunction-sections -fdata-sections -Wall -fstack-usage -fcyclomatic-complexity -MMD -MP -MF"Core/Src/sct.d" -MT"Core/Src/sct.o" --specs=nano.specs -mfloat-abi=soft -mthumb -o "Core/Src/sct.o"
../Core/Src/sct.c:10:1: warning: return type defaults to 'int' [-Wimplicit-int]
   10 | sct_init(void)
      | ^~~~~~~~
../Core/Src/sct.c: In function 'sct_init':
../Core/Src/sct.c:12:9: warning: implicit declaration of function 'sct_led' [-Wimplicit-function-declaration]
   12 |         sct_led(0);
      |         ^~~~~~~
../Core/Src/sct.c: At top level:
../Core/Src/sct.c:15:6: warning: conflicting types for 'sct_led'; have 'void(uint32_t)' {aka 'void(long unsigned int)'}
   15 | void sct_led(uint32_t value) {
      |      ^~~~~~~
../Core/Src/sct.c:12:9: note: previous implicit declaration of 'sct_led' with type 'void(uint32_t)' {aka 'void(long unsigned int)'}
   12 |         sct_led(0);
      |         ^~~~~~~
../Core/Src/sct.c: In function 'sct_led':
../Core/Src/sct.c:18:29: error: 'sct_sdi_Port' undeclared (first use in this function); did you mean 'sct_sdi_Pin'?
   18 |           HAL_GPIO_WritePin(sct_sdi_Port, sct_noe_Pin, 0);
      |                             ^~~~~~~~~~~~
      |                             sct_sdi_Pin
../Core/Src/sct.c:18:29: note: each undeclared identifier is reported only once for each function it appears in
../Core/Src/sct.c:21:80: error: expected ')' before ';' token
   21 |                   HAL_GPIO_WritePin(sct_noe_GPIO_Port, sct_noe_Pin, (value & 1);
      |                                    ~                                           ^
      |                                                                                )
../Core/Src/sct.c:24:72: error: expected ';' before '}' token
   24 |                   HAL_GPIO_WritePin(sct_clk_GPIO_Port, sct_clk_Pin, 0);
      |                                                                        ^
      |                                                                        ;
   25 |           }
      |           ~                                                             
../Core/Src/sct.c: In function 'sct_init':
../Core/Src/sct.c:13:1: warning: control reaches end of non-void function [-Wreturn-type]
   13 | }
      | ^
make: *** [Core/Src/subdir.mk:37: Core/Src/sct.o] Error 1
"make -j4 all" terminated with exit code 2. Build might be incomplete.
10:33:54 **** Incremental Build of configuration Debug for project cv31 ****
make -j4 all 
arm-none-eabi-gcc "../Core/Src/sct.c" -mcpu=cortex-m0 -std=gnu11 -g3 -DDEBUG -DUSE_HAL_DRIVER -DSTM32F030x8 -c -I../Core/Inc -I../Drivers/STM32F0xx_HAL_Driver/Inc -I../Drivers/STM32F0xx_HAL_Driver/Inc/Legacy -I../Drivers/CMSIS/Device/ST/STM32F0xx/Include -I../Drivers/CMSIS/Include -O0 -ffunction-sections -fdata-sections -Wall -fstack-usage -fcyclomatic-complexity -MMD -MP -MF"Core/Src/sct.d" -MT"Core/Src/sct.o" --specs=nano.specs -mfloat-abi=soft -mthumb -o "Core/Src/sct.o"
../Core/Src/sct.c:10:1: warning: return type defaults to 'int' [-Wimplicit-int]
   10 | sct_init(void)
      | ^~~~~~~~
../Core/Src/sct.c: In function 'sct_init':
../Core/Src/sct.c:12:9: warning: implicit declaration of function 'sct_led' [-Wimplicit-function-declaration]
   12 |         sct_led(0);
      |         ^~~~~~~
../Core/Src/sct.c: At top level:
../Core/Src/sct.c:15:6: warning: conflicting types for 'sct_led'; have 'void(uint32_t)' {aka 'void(long unsigned int)'}
   15 | void sct_led(uint32_t value) {
      |      ^~~~~~~
../Core/Src/sct.c:12:9: note: previous implicit declaration of 'sct_led' with type 'void(uint32_t)' {aka 'void(long unsigned int)'}
   12 |         sct_led(0);
      |         ^~~~~~~
../Core/Src/sct.c: In function 'sct_led':
../Core/Src/sct.c:20:80: error: expected ')' before ';' token
   20 |                   HAL_GPIO_WritePin(sct_noe_GPIO_Port, sct_noe_Pin, (value & 1);
      |                                    ~                                           ^
      |                                                                                )
../Core/Src/sct.c:23:72: error: expected ';' before '}' token
   23 |                   HAL_GPIO_WritePin(sct_clk_GPIO_Port, sct_clk_Pin, 0);
      |                                                                        ^
      |                                                                        ;
   24 |           }
      |           ~                                                             
../Core/Src/sct.c: In function 'sct_init':
../Core/Src/sct.c:13:1: warning: control reaches end of non-void function [-Wreturn-type]
   13 | }
      | ^
make: *** [Core/Src/subdir.mk:37: Core/Src/sct.o] Error 1
"make -j4 all" terminated with exit code 2. Build might be incomplete.
10:34:21 **** Incremental Build of configuration Debug for project cv31 ****
make -j4 all 
arm-none-eabi-gcc "../Core/Src/sct.c" -mcpu=cortex-m0 -std=gnu11 -g3 -DDEBUG -DUSE_HAL_DRIVER -DSTM32F030x8 -c -I../Core/Inc -I../Drivers/STM32F0xx_HAL_Driver/Inc -I../Drivers/STM32F0xx_HAL_Driver/Inc/Legacy -I../Drivers/CMSIS/Device/ST/STM32F0xx/Include -I../Drivers/CMSIS/Include -O0 -ffunction-sections -fdata-sections -Wall -fstack-usage -fcyclomatic-complexity -MMD -MP -MF"Core/Src/sct.d" -MT"Core/Src/sct.o" --specs=nano.specs -mfloat-abi=soft -mthumb -o "Core/Src/sct.o"
../Core/Src/sct.c:10:1: warning: return type defaults to 'int' [-Wimplicit-int]
   10 | sct_init(void)
      | ^~~~~~~~
../Core/Src/sct.c: In function 'sct_init':
../Core/Src/sct.c:12:9: warning: implicit declaration of function 'sct_led' [-Wimplicit-function-declaration]
   12 |         sct_led(0);
      |         ^~~~~~~
../Core/Src/sct.c: At top level:
../Core/Src/sct.c:15:6: warning: conflicting types for 'sct_led'; have 'void(uint32_t)' {aka 'void(long unsigned int)'}
   15 | void sct_led(uint32_t value) {
      |      ^~~~~~~
../Core/Src/sct.c:12:9: note: previous implicit declaration of 'sct_led' with type 'void(uint32_t)' {aka 'void(long unsigned int)'}
   12 |         sct_led(0);
      |         ^~~~~~~
../Core/Src/sct.c: In function 'sct_led':
../Core/Src/sct.c:20:80: error: expected ')' before ';' token
   20 |                   HAL_GPIO_WritePin(sct_noe_GPIO_Port, sct_noe_Pin, (value & 1);
      |                                    ~                                           ^
      |                                                                                )
../Core/Src/sct.c:23:72: error: expected ';' before '}' token
   23 |                   HAL_GPIO_WritePin(sct_clk_GPIO_Port, sct_clk_Pin, 0);
      |                                                                        ^
      |                                                                        ;
   24 |           }
      |           ~                                                             
../Core/Src/sct.c: In function 'sct_init':
../Core/Src/sct.c:13:1: warning: control reaches end of non-void function [-Wreturn-type]
   13 | }
      | ^
make: *** [Core/Src/subdir.mk:37: Core/Src/sct.o] Error 1
"make -j4 all" terminated with exit code 2. Build might be incomplete.
10:36:19 **** Incremental Build of configuration Debug for project cv31 ****
make -j4 all 
arm-none-eabi-gcc "../Core/Src/main.c" -mcpu=cortex-m0 -std=gnu11 -g3 -DDEBUG -DUSE_HAL_DRIVER -DSTM32F030x8 -c -I../Core/Inc -I../Drivers/STM32F0xx_HAL_Driver/Inc -I../Drivers/STM32F0xx_HAL_Driver/Inc/Legacy -I../Drivers/CMSIS/Device/ST/STM32F0xx/Include -I../Drivers/CMSIS/Include -O0 -ffunction-sections -fdata-sections -Wall -fstack-usage -fcyclomatic-complexity -MMD -MP -MF"Core/Src/main.d" -MT"Core/Src/main.o" --specs=nano.specs -mfloat-abi=soft -mthumb -o "Core/Src/main.o"
arm-none-eabi-gcc "../Core/Src/sct.c" -mcpu=cortex-m0 -std=gnu11 -g3 -DDEBUG -DUSE_HAL_DRIVER -DSTM32F030x8 -c -I../Core/Inc -I../Drivers/STM32F0xx_HAL_Driver/Inc -I../Drivers/STM32F0xx_HAL_Driver/Inc/Legacy -I../Drivers/CMSIS/Device/ST/STM32F0xx/Include -I../Drivers/CMSIS/Include -O0 -ffunction-sections -fdata-sections -Wall -fstack-usage -fcyclomatic-complexity -MMD -MP -MF"Core/Src/sct.d" -MT"Core/Src/sct.o" --specs=nano.specs -mfloat-abi=soft -mthumb -o "Core/Src/sct.o"
../Core/Src/main.c: In function 'main':
../Core/Src/main.c:94:3: warning: implicit declaration of function 'sct_init' [-Wimplicit-function-declaration]
   94 |   sct_init();
      |   ^~~~~~~~
../Core/Src/main.c:95:3: warning: implicit declaration of function 'sct_led' [-Wimplicit-function-declaration]
   95 |   sct_led(0x7A5C36DE);
      |   ^~~~~~~
../Core/Src/sct.c: In function 'sct_init':
../Core/Src/sct.c:12:9: warning: implicit declaration of function 'sct_led' [-Wimplicit-function-declaration]
   12 |         sct_led(0);
      |         ^~~~~~~
../Core/Src/sct.c: At top level:
../Core/Src/sct.c:15:6: warning: conflicting types for 'sct_led'; have 'void(uint32_t)' {aka 'void(long unsigned int)'}
   15 | void sct_led(uint32_t value) {
      |      ^~~~~~~
../Core/Src/sct.c:12:9: note: previous implicit declaration of 'sct_led' with type 'void(uint32_t)' {aka 'void(long unsigned int)'}
   12 |         sct_led(0);
      |         ^~~~~~~
../Core/Src/sct.c: In function 'sct_led':
../Core/Src/sct.c:20:80: error: expected ')' before ';' token
   20 |                   HAL_GPIO_WritePin(sct_noe_GPIO_Port, sct_noe_Pin, (value & 1);
      |                                    ~                                           ^
      |                                                                                )
../Core/Src/sct.c:23:72: error: expected ';' before '}' token
   23 |                   HAL_GPIO_WritePin(sct_clk_GPIO_Port, sct_clk_Pin, 0);
      |                                                                        ^
      |                                                                        ;
   24 |           }
      |           ~                                                             
make: *** [Core/Src/subdir.mk:37: Core/Src/sct.o] Error 1
make: *** Waiting for unfinished jobs....
"make -j4 all" terminated with exit code 2. Build might be incomplete.
10:37:27 **** Incremental Build of configuration Debug for project cv31 ****
make -j4 all 
arm-none-eabi-gcc "../Core/Src/sct.c" -mcpu=cortex-m0 -std=gnu11 -g3 -DDEBUG -DUSE_HAL_DRIVER -DSTM32F030x8 -c -I../Core/Inc -I../Drivers/STM32F0xx_HAL_Driver/Inc -I../Drivers/STM32F0xx_HAL_Driver/Inc/Legacy -I../Drivers/CMSIS/Device/ST/STM32F0xx/Include -I../Drivers/CMSIS/Include -O0 -ffunction-sections -fdata-sections -Wall -fstack-usage -fcyclomatic-complexity -MMD -MP -MF"Core/Src/sct.d" -MT"Core/Src/sct.o" --specs=nano.specs -mfloat-abi=soft -mthumb -o "Core/Src/sct.o"
../Core/Src/sct.c: In function 'sct_init':
../Core/Src/sct.c:12:9: warning: implicit declaration of function 'sct_led' [-Wimplicit-function-declaration]
   12 |         sct_led(0);
      |         ^~~~~~~
../Core/Src/sct.c: At top level:
../Core/Src/sct.c:15:6: warning: conflicting types for 'sct_led'; have 'void(uint32_t)' {aka 'void(long unsigned int)'}
   15 | void sct_led(uint32_t value) {
      |      ^~~~~~~
../Core/Src/sct.c:12:9: note: previous implicit declaration of 'sct_led' with type 'void(uint32_t)' {aka 'void(long unsigned int)'}
   12 |         sct_led(0);
      |         ^~~~~~~
../Core/Src/sct.c: In function 'sct_led':
../Core/Src/sct.c:20:80: error: expected ')' before ';' token
   20 |                   HAL_GPIO_WritePin(sct_noe_GPIO_Port, sct_noe_Pin, (value & 1);
      |                                    ~                                           ^
      |                                                                                )
../Core/Src/sct.c:23:72: error: expected ';' before '}' token
   23 |                   HAL_GPIO_WritePin(sct_clk_GPIO_Port, sct_clk_Pin, 0);
      |                                                                        ^
      |                                                                        ;
   24 |           }
      |           ~                                                             
make: *** [Core/Src/subdir.mk:37: Core/Src/sct.o] Error 1
"make -j4 all" terminated with exit code 2. Build might be incomplete.
10:39:32 **** Incremental Build of configuration Debug for project cv31 ****
make -j4 all 
arm-none-eabi-gcc "../Core/Src/main.c" -mcpu=cortex-m0 -std=gnu11 -g3 -DDEBUG -DUSE_HAL_DRIVER -DSTM32F030x8 -c -I../Core/Inc -I../Drivers/STM32F0xx_HAL_Driver/Inc -I../Drivers/STM32F0xx_HAL_Driver/Inc/Legacy -I../Drivers/CMSIS/Device/ST/STM32F0xx/Include -I../Drivers/CMSIS/Include -O0 -ffunction-sections -fdata-sections -Wall -fstack-usage -fcyclomatic-complexity -MMD -MP -MF"Core/Src/main.d" -MT"Core/Src/main.o" --specs=nano.specs -mfloat-abi=soft -mthumb -o "Core/Src/main.o"
arm-none-eabi-gcc "../Core/Src/sct.c" -mcpu=cortex-m0 -std=gnu11 -g3 -DDEBUG -DUSE_HAL_DRIVER -DSTM32F030x8 -c -I../Core/Inc -I../Drivers/STM32F0xx_HAL_Driver/Inc -I../Drivers/STM32F0xx_HAL_Driver/Inc/Legacy -I../Drivers/CMSIS/Device/ST/STM32F0xx/Include -I../Drivers/CMSIS/Include -O0 -ffunction-sections -fdata-sections -Wall -fstack-usage -fcyclomatic-complexity -MMD -MP -MF"Core/Src/sct.d" -MT"Core/Src/sct.o" --specs=nano.specs -mfloat-abi=soft -mthumb -o "Core/Src/sct.o"
arm-none-eabi-gcc -o "cv31.elf" @"objects.list"   -mcpu=cortex-m0 -T"C:\Temp\230345\MKS\cv3\cv31\STM32F030R8TX_FLASH.ld" --specs=nosys.specs -Wl,-Map="cv31.map" -Wl,--gc-sections -static --specs=nano.specs -mfloat-abi=soft -mthumb -Wl,--start-group -lc -lm -Wl,--end-group
Finished building target: cv31.elf
 
arm-none-eabi-size   cv31.elf 
arm-none-eabi-objdump -h -S  cv31.elf  > "cv31.list"
   text	   data	    bss	    dec	    hex	filename
   7208	     20	   1700	   8928	   22e0	cv31.elf
Finished building: default.size.stdout
 
Finished building: cv31.list
 
10:39:54 **** Incremental Build of configuration Debug for project cv31 ****
make -j4 all 
arm-none-eabi-size   cv31.elf 
   text	   data	    bss	    dec	    hex	filename
   7208	     20	   1700	   8928	   22e0	cv31.elf
Finished building: default.size.stdout
 
10:40:20 **** Incremental Build of configuration Debug for project cv31 ****
make -j4 all 
arm-none-eabi-size   cv31.elf 
   text	   data	    bss	    dec	    hex	filename
   7208	     20	   1700	   8928	   22e0	cv31.elf
Finished building: default.size.stdout
 
10:42:31 **** Incremental Build of configuration Debug for project cv31 ****
make -j4 all 
arm-none-eabi-gcc "../Core/Src/sct.c" -mcpu=cortex-m0 -std=gnu11 -g3 -DDEBUG -DUSE_HAL_DRIVER -DSTM32F030x8 -c -I../Core/Inc -I../Drivers/STM32F0xx_HAL_Driver/Inc -I../Drivers/STM32F0xx_HAL_Driver/Inc/Legacy -I../Drivers/CMSIS/Device/ST/STM32F0xx/Include -I../Drivers/CMSIS/Include -O0 -ffunction-sections -fdata-sections -Wall -fstack-usage -fcyclomatic-complexity -MMD -MP -MF"Core/Src/sct.d" -MT"Core/Src/sct.o" --specs=nano.specs -mfloat-abi=soft -mthumb -o "Core/Src/sct.o"
../Core/Src/sct.c: In function 'sct_led':
../Core/Src/sct.c:25:29: error: 'SCT_NLA_GPIO_Port' undeclared (first use in this function); did you mean 'sct_nla_GPIO_Port'?
   25 |           HAL_GPIO_WritePin(SCT_NLA_GPIO_Port, SCT_NLA_Pin, 1);
      |                             ^~~~~~~~~~~~~~~~~
      |                             sct_nla_GPIO_Port
../Core/Src/sct.c:25:29: note: each undeclared identifier is reported only once for each function it appears in
../Core/Src/sct.c:25:48: error: 'SCT_NLA_Pin' undeclared (first use in this function); did you mean 'sct_nla_Pin'?
   25 |           HAL_GPIO_WritePin(SCT_NLA_GPIO_Port, SCT_NLA_Pin, 1);
      |                                                ^~~~~~~~~~~
      |                                                sct_nla_Pin
make: *** [Core/Src/subdir.mk:37: Core/Src/sct.o] Error 1
"make -j4 all" terminated with exit code 2. Build might be incomplete.
10:44:14 **** Incremental Build of configuration Debug for project cv31 ****
make -j4 all 
arm-none-eabi-gcc "../Core/Src/sct.c" -mcpu=cortex-m0 -std=gnu11 -g3 -DDEBUG -DUSE_HAL_DRIVER -DSTM32F030x8 -c -I../Core/Inc -I../Drivers/STM32F0xx_HAL_Driver/Inc -I../Drivers/STM32F0xx_HAL_Driver/Inc/Legacy -I../Drivers/CMSIS/Device/ST/STM32F0xx/Include -I../Drivers/CMSIS/Include -O0 -ffunction-sections -fdata-sections -Wall -fstack-usage -fcyclomatic-complexity -MMD -MP -MF"Core/Src/sct.d" -MT"Core/Src/sct.o" --specs=nano.specs -mfloat-abi=soft -mthumb -o "Core/Src/sct.o"
arm-none-eabi-gcc -o "cv31.elf" @"objects.list"   -mcpu=cortex-m0 -T"C:\Temp\230345\MKS\cv3\cv31\STM32F030R8TX_FLASH.ld" --specs=nosys.specs -Wl,-Map="cv31.map" -Wl,--gc-sections -static --specs=nano.specs -mfloat-abi=soft -mthumb -Wl,--start-group -lc -lm -Wl,--end-group
Finished building target: cv31.elf
 
arm-none-eabi-size   cv31.elf 
arm-none-eabi-objdump -h -S  cv31.elf  > "cv31.list"
   text	   data	    bss	    dec	    hex	filename
   7228	     20	   1700	   8948	   22f4	cv31.elf
Finished building: default.size.stdout
 
Finished building: cv31.list
 
10:44:20 **** Incremental Build of configuration Debug for project cv31 ****
make -j4 all 
arm-none-eabi-size   cv31.elf 
   text	   data	    bss	    dec	    hex	filename
   7228	     20	   1700	   8948	   22f4	cv31.elf
Finished building: default.size.stdout
 
10:44:37 **** Incremental Build of configuration Debug for project cv31 ****
make -j4 all 
arm-none-eabi-gcc "../Core/Src/main.c" -mcpu=cortex-m0 -std=gnu11 -g3 -DDEBUG -DUSE_HAL_DRIVER -DSTM32F030x8 -c -I../Core/Inc -I../Drivers/STM32F0xx_HAL_Driver/Inc -I../Drivers/STM32F0xx_HAL_Driver/Inc/Legacy -I../Drivers/CMSIS/Device/ST/STM32F0xx/Include -I../Drivers/CMSIS/Include -O0 -ffunction-sections -fdata-sections -Wall -fstack-usage -fcyclomatic-complexity -MMD -MP -MF"Core/Src/main.d" -MT"Core/Src/main.o" --specs=nano.specs -mfloat-abi=soft -mthumb -o "Core/Src/main.o"
arm-none-eabi-gcc -o "cv31.elf" @"objects.list"   -mcpu=cortex-m0 -T"C:\Temp\230345\MKS\cv3\cv31\STM32F030R8TX_FLASH.ld" --specs=nosys.specs -Wl,-Map="cv31.map" -Wl,--gc-sections -static --specs=nano.specs -mfloat-abi=soft -mthumb -Wl,--start-group -lc -lm -Wl,--end-group
Finished building target: cv31.elf
 
arm-none-eabi-size   cv31.elf 
arm-none-eabi-objdump -h -S  cv31.elf  > "cv31.list"
   text	   data	    bss	    dec	    hex	filename
   7232	     20	   1700	   8952	   22f8	cv31.elf
Finished building: default.size.stdout
 
Finished building: cv31.list
 
10:44:58 **** Incremental Build of configuration Debug for project cv31 ****
make -j4 all 
arm-none-eabi-gcc "../Core/Src/main.c" -mcpu=cortex-m0 -std=gnu11 -g3 -DDEBUG -DUSE_HAL_DRIVER -DSTM32F030x8 -c -I../Core/Inc -I../Drivers/STM32F0xx_HAL_Driver/Inc -I../Drivers/STM32F0xx_HAL_Driver/Inc/Legacy -I../Drivers/CMSIS/Device/ST/STM32F0xx/Include -I../Drivers/CMSIS/Include -O0 -ffunction-sections -fdata-sections -Wall -fstack-usage -fcyclomatic-complexity -MMD -MP -MF"Core/Src/main.d" -MT"Core/Src/main.o" --specs=nano.specs -mfloat-abi=soft -mthumb -o "Core/Src/main.o"
arm-none-eabi-gcc -o "cv31.elf" @"objects.list"   -mcpu=cortex-m0 -T"C:\Temp\230345\MKS\cv3\cv31\STM32F030R8TX_FLASH.ld" --specs=nosys.specs -Wl,-Map="cv31.map" -Wl,--gc-sections -static --specs=nano.specs -mfloat-abi=soft -mthumb -Wl,--start-group -lc -lm -Wl,--end-group
Finished building target: cv31.elf
 
arm-none-eabi-size   cv31.elf 
arm-none-eabi-objdump -h -S  cv31.elf  > "cv31.list"
   text	   data	    bss	    dec	    hex	filename
   7228	     20	   1700	   8948	   22f4	cv31.elf
Finished building: default.size.stdout
 
Finished building: cv31.list
 
10:45:33 **** Incremental Build of configuration Debug for project cv31 ****
make -j4 all 
arm-none-eabi-gcc "../Core/Src/sct.c" -mcpu=cortex-m0 -std=gnu11 -g3 -DDEBUG -DUSE_HAL_DRIVER -DSTM32F030x8 -c -I../Core/Inc -I../Drivers/STM32F0xx_HAL_Driver/Inc -I../Drivers/STM32F0xx_HAL_Driver/Inc/Legacy -I../Drivers/CMSIS/Device/ST/STM32F0xx/Include -I../Drivers/CMSIS/Include -O0 -ffunction-sections -fdata-sections -Wall -fstack-usage -fcyclomatic-complexity -MMD -MP -MF"Core/Src/sct.d" -MT"Core/Src/sct.o" --specs=nano.specs -mfloat-abi=soft -mthumb -o "Core/Src/sct.o"
arm-none-eabi-gcc -o "cv31.elf" @"objects.list"   -mcpu=cortex-m0 -T"C:\Temp\230345\MKS\cv3\cv31\STM32F030R8TX_FLASH.ld" --specs=nosys.specs -Wl,-Map="cv31.map" -Wl,--gc-sections -static --specs=nano.specs -mfloat-abi=soft -mthumb -Wl,--start-group -lc -lm -Wl,--end-group
Finished building target: cv31.elf
 
arm-none-eabi-size   cv31.elf 
arm-none-eabi-objdump -h -S  cv31.elf  > "cv31.list"
   text	   data	    bss	    dec	    hex	filename
   7204	     20	   1700	   8924	   22dc	cv31.elf
Finished building: default.size.stdout
 
Finished building: cv31.list
 
10:46:28 **** Incremental Build of configuration Debug for project cv31 ****
make -j4 all 
arm-none-eabi-gcc "../Core/Src/main.c" -mcpu=cortex-m0 -std=gnu11 -g3 -DDEBUG -DUSE_HAL_DRIVER -DSTM32F030x8 -c -I../Core/Inc -I../Drivers/STM32F0xx_HAL_Driver/Inc -I../Drivers/STM32F0xx_HAL_Driver/Inc/Legacy -I../Drivers/CMSIS/Device/ST/STM32F0xx/Include -I../Drivers/CMSIS/Include -O0 -ffunction-sections -fdata-sections -Wall -fstack-usage -fcyclomatic-complexity -MMD -MP -MF"Core/Src/main.d" -MT"Core/Src/main.o" --specs=nano.specs -mfloat-abi=soft -mthumb -o "Core/Src/main.o"
arm-none-eabi-gcc -o "cv31.elf" @"objects.list"   -mcpu=cortex-m0 -T"C:\Temp\230345\MKS\cv3\cv31\STM32F030R8TX_FLASH.ld" --specs=nosys.specs -Wl,-Map="cv31.map" -Wl,--gc-sections -static --specs=nano.specs -mfloat-abi=soft -mthumb -Wl,--start-group -lc -lm -Wl,--end-group
Finished building target: cv31.elf
 
arm-none-eabi-size   cv31.elf 
arm-none-eabi-objdump -h -S  cv31.elf  > "cv31.list"
   text	   data	    bss	    dec	    hex	filename
   7184	     20	   1700	   8904	   22c8	cv31.elf
Finished building: default.size.stdout
 
Finished building: cv31.list
 
10:47:00 **** Incremental Build of configuration Debug for project cv31 ****
make -j4 all 
arm-none-eabi-size   cv31.elf 
   text	   data	    bss	    dec	    hex	filename
   7184	     20	   1700	   8904	   22c8	cv31.elf
Finished building: default.size.stdout
 
10:48:13 **** Incremental Build of configuration Debug for project cv31 ****
make -j4 all 
arm-none-eabi-gcc "../Core/Src/sct.c" -mcpu=cortex-m0 -std=gnu11 -g3 -DDEBUG -DUSE_HAL_DRIVER -DSTM32F030x8 -c -I../Core/Inc -I../Drivers/STM32F0xx_HAL_Driver/Inc -I../Drivers/STM32F0xx_HAL_Driver/Inc/Legacy -I../Drivers/CMSIS/Device/ST/STM32F0xx/Include -I../Drivers/CMSIS/Include -O0 -ffunction-sections -fdata-sections -Wall -fstack-usage -fcyclomatic-complexity -MMD -MP -MF"Core/Src/sct.d" -MT"Core/Src/sct.o" --specs=nano.specs -mfloat-abi=soft -mthumb -o "Core/Src/sct.o"
arm-none-eabi-gcc -o "cv31.elf" @"objects.list"   -mcpu=cortex-m0 -T"C:\Temp\230345\MKS\cv3\cv31\STM32F030R8TX_FLASH.ld" --specs=nosys.specs -Wl,-Map="cv31.map" -Wl,--gc-sections -static --specs=nano.specs -mfloat-abi=soft -mthumb -Wl,--start-group -lc -lm -Wl,--end-group
Finished building target: cv31.elf
 
arm-none-eabi-size   cv31.elf 
arm-none-eabi-objdump -h -S  cv31.elf  > "cv31.list"
   text	   data	    bss	    dec	    hex	filename
   7180	     20	   1700	   8900	   22c4	cv31.elf
Finished building: default.size.stdout
 
Finished building: cv31.list
 
10:55:31 **** Incremental Build of configuration Debug for project cv31 ****
make -j4 all 
arm-none-eabi-gcc "../Core/Src/main.c" -mcpu=cortex-m0 -std=gnu11 -g3 -DDEBUG -DUSE_HAL_DRIVER -DSTM32F030x8 -c -I../Core/Inc -I../Drivers/STM32F0xx_HAL_Driver/Inc -I../Drivers/STM32F0xx_HAL_Driver/Inc/Legacy -I../Drivers/CMSIS/Device/ST/STM32F0xx/Include -I../Drivers/CMSIS/Include -O0 -ffunction-sections -fdata-sections -Wall -fstack-usage -fcyclomatic-complexity -MMD -MP -MF"Core/Src/main.d" -MT"Core/Src/main.o" --specs=nano.specs -mfloat-abi=soft -mthumb -o "Core/Src/main.o"
arm-none-eabi-gcc "../Core/Src/sct.c" -mcpu=cortex-m0 -std=gnu11 -g3 -DDEBUG -DUSE_HAL_DRIVER -DSTM32F030x8 -c -I../Core/Inc -I../Drivers/STM32F0xx_HAL_Driver/Inc -I../Drivers/STM32F0xx_HAL_Driver/Inc/Legacy -I../Drivers/CMSIS/Device/ST/STM32F0xx/Include -I../Drivers/CMSIS/Include -O0 -ffunction-sections -fdata-sections -Wall -fstack-usage -fcyclomatic-complexity -MMD -MP -MF"Core/Src/sct.d" -MT"Core/Src/sct.o" --specs=nano.specs -mfloat-abi=soft -mthumb -o "Core/Src/sct.o"
arm-none-eabi-gcc -o "cv31.elf" @"objects.list"   -mcpu=cortex-m0 -T"C:\Temp\230345\MKS\cv3\cv31\STM32F030R8TX_FLASH.ld" --specs=nosys.specs -Wl,-Map="cv31.map" -Wl,--gc-sections -static --specs=nano.specs -mfloat-abi=soft -mthumb -Wl,--start-group -lc -lm -Wl,--end-group
Finished building target: cv31.elf
 
arm-none-eabi-size   cv31.elf 
arm-none-eabi-objdump -h -S  cv31.elf  > "cv31.list"
   text	   data	    bss	    dec	    hex	filename
   7188	     20	   1700	   8908	   22cc	cv31.elf
Finished building: default.size.stdout
 
Finished building: cv31.list
 
10:55:36 **** Incremental Build of configuration Debug for project cv31 ****
make -j4 all 
arm-none-eabi-size   cv31.elf 
   text	   data	    bss	    dec	    hex	filename
   7188	     20	   1700	   8908	   22cc	cv31.elf
Finished building: default.size.stdout
 
10:56:50 **** Incremental Build of configuration Debug for project cv31 ****
make -j4 all 
arm-none-eabi-gcc "../Core/Src/main.c" -mcpu=cortex-m0 -std=gnu11 -g3 -DDEBUG -DUSE_HAL_DRIVER -DSTM32F030x8 -c -I../Core/Inc -I../Drivers/STM32F0xx_HAL_Driver/Inc -I../Drivers/STM32F0xx_HAL_Driver/Inc/Legacy -I../Drivers/CMSIS/Device/ST/STM32F0xx/Include -I../Drivers/CMSIS/Include -O0 -ffunction-sections -fdata-sections -Wall -fstack-usage -fcyclomatic-complexity -MMD -MP -MF"Core/Src/main.d" -MT"Core/Src/main.o" --specs=nano.specs -mfloat-abi=soft -mthumb -o "Core/Src/main.o"
arm-none-eabi-gcc -o "cv31.elf" @"objects.list"   -mcpu=cortex-m0 -T"C:\Temp\230345\MKS\cv3\cv31\STM32F030R8TX_FLASH.ld" --specs=nosys.specs -Wl,-Map="cv31.map" -Wl,--gc-sections -static --specs=nano.specs -mfloat-abi=soft -mthumb -Wl,--start-group -lc -lm -Wl,--end-group
Finished building target: cv31.elf
 
arm-none-eabi-size   cv31.elf 
arm-none-eabi-objdump -h -S  cv31.elf  > "cv31.list"
   text	   data	    bss	    dec	    hex	filename
   7192	     20	   1700	   8912	   22d0	cv31.elf
Finished building: default.size.stdout
 
Finished building: cv31.list
 
11:03:16 **** Incremental Build of configuration Debug for project cv31 ****
make -j4 all 
arm-none-eabi-gcc "../Core/Src/main.c" -mcpu=cortex-m0 -std=gnu11 -g3 -DDEBUG -DUSE_HAL_DRIVER -DSTM32F030x8 -c -I../Core/Inc -I../Drivers/STM32F0xx_HAL_Driver/Inc -I../Drivers/STM32F0xx_HAL_Driver/Inc/Legacy -I../Drivers/CMSIS/Device/ST/STM32F0xx/Include -I../Drivers/CMSIS/Include -O0 -ffunction-sections -fdata-sections -Wall -fstack-usage -fcyclomatic-complexity -MMD -MP -MF"Core/Src/main.d" -MT"Core/Src/main.o" --specs=nano.specs -mfloat-abi=soft -mthumb -o "Core/Src/main.o"
../Core/Src/main.c: In function 'main':
../Core/Src/main.c:107:16: error: 'i' undeclared (first use in this function)
  107 |           for (i = 111; i < 999; i+111) {
      |                ^
../Core/Src/main.c:107:16: note: each undeclared identifier is reported only once for each function it appears in
make: *** [Core/Src/subdir.mk:37: Core/Src/main.o] Error 1
"make -j4 all" terminated with exit code 2. Build might be incomplete.
11:03:57 **** Incremental Build of configuration Debug for project cv31 ****
make -j4 all 
arm-none-eabi-gcc "../Core/Src/main.c" -mcpu=cortex-m0 -std=gnu11 -g3 -DDEBUG -DUSE_HAL_DRIVER -DSTM32F030x8 -c -I../Core/Inc -I../Drivers/STM32F0xx_HAL_Driver/Inc -I../Drivers/STM32F0xx_HAL_Driver/Inc/Legacy -I../Drivers/CMSIS/Device/ST/STM32F0xx/Include -I../Drivers/CMSIS/Include -O0 -ffunction-sections -fdata-sections -Wall -fstack-usage -fcyclomatic-complexity -MMD -MP -MF"Core/Src/main.d" -MT"Core/Src/main.o" --specs=nano.specs -mfloat-abi=soft -mthumb -o "Core/Src/main.o"
../Core/Src/main.c: In function 'main':
../Core/Src/main.c:107:44: warning: statement with no effect [-Wunused-value]
  107 |           for (uint32_t i = 111; i < 999; i+111) {
      |                                           ~^~~~
arm-none-eabi-gcc -o "cv31.elf" @"objects.list"   -mcpu=cortex-m0 -T"C:\Temp\230345\MKS\cv3\cv31\STM32F030R8TX_FLASH.ld" --specs=nosys.specs -Wl,-Map="cv31.map" -Wl,--gc-sections -static --specs=nano.specs -mfloat-abi=soft -mthumb -Wl,--start-group -lc -lm -Wl,--end-group
Finished building target: cv31.elf
 
arm-none-eabi-size   cv31.elf 
arm-none-eabi-objdump -h -S  cv31.elf  > "cv31.list"
   text	   data	    bss	    dec	    hex	filename
   7388	     20	   1700	   9108	   2394	cv31.elf
Finished building: default.size.stdout
 
Finished building: cv31.list
 
11:04:55 **** Incremental Build of configuration Debug for project cv31 ****
make -j4 all 
arm-none-eabi-gcc "../Core/Src/main.c" -mcpu=cortex-m0 -std=gnu11 -g3 -DDEBUG -DUSE_HAL_DRIVER -DSTM32F030x8 -c -I../Core/Inc -I../Drivers/STM32F0xx_HAL_Driver/Inc -I../Drivers/STM32F0xx_HAL_Driver/Inc/Legacy -I../Drivers/CMSIS/Device/ST/STM32F0xx/Include -I../Drivers/CMSIS/Include -O0 -ffunction-sections -fdata-sections -Wall -fstack-usage -fcyclomatic-complexity -MMD -MP -MF"Core/Src/main.d" -MT"Core/Src/main.o" --specs=nano.specs -mfloat-abi=soft -mthumb -o "Core/Src/main.o"
../Core/Src/main.c: In function 'main':
../Core/Src/main.c:107:45: warning: statement with no effect [-Wunused-value]
  107 |           for (uint32_t i = 111; i <= 999; i+111) {
      |                                            ~^~~~
arm-none-eabi-gcc -o "cv31.elf" @"objects.list"   -mcpu=cortex-m0 -T"C:\Temp\230345\MKS\cv3\cv31\STM32F030R8TX_FLASH.ld" --specs=nosys.specs -Wl,-Map="cv31.map" -Wl,--gc-sections -static --specs=nano.specs -mfloat-abi=soft -mthumb -Wl,--start-group -lc -lm -Wl,--end-group
Finished building target: cv31.elf
 
arm-none-eabi-size   cv31.elf 
arm-none-eabi-objdump -h -S  cv31.elf  > "cv31.list"
   text	   data	    bss	    dec	    hex	filename
   7388	     20	   1700	   9108	   2394	cv31.elf
Finished building: default.size.stdout
 
Finished building: cv31.list
 
11:07:10 **** Incremental Build of configuration Debug for project cv31 ****
make -j4 all 
arm-none-eabi-gcc "../Core/Src/main.c" -mcpu=cortex-m0 -std=gnu11 -g3 -DDEBUG -DUSE_HAL_DRIVER -DSTM32F030x8 -c -I../Core/Inc -I../Drivers/STM32F0xx_HAL_Driver/Inc -I../Drivers/STM32F0xx_HAL_Driver/Inc/Legacy -I../Drivers/CMSIS/Device/ST/STM32F0xx/Include -I../Drivers/CMSIS/Include -O0 -ffunction-sections -fdata-sections -Wall -fstack-usage -fcyclomatic-complexity -MMD -MP -MF"Core/Src/main.d" -MT"Core/Src/main.o" --specs=nano.specs -mfloat-abi=soft -mthumb -o "Core/Src/main.o"
arm-none-eabi-gcc -o "cv31.elf" @"objects.list"   -mcpu=cortex-m0 -T"C:\Temp\230345\MKS\cv3\cv31\STM32F030R8TX_FLASH.ld" --specs=nosys.specs -Wl,-Map="cv31.map" -Wl,--gc-sections -static --specs=nano.specs -mfloat-abi=soft -mthumb -Wl,--start-group -lc -lm -Wl,--end-group
Finished building target: cv31.elf
 
arm-none-eabi-size   cv31.elf 
arm-none-eabi-objdump -h -S  cv31.elf  > "cv31.list"
   text	   data	    bss	    dec	    hex	filename
   7476	     20	   1700	   9196	   23ec	cv31.elf
Finished building: default.size.stdout
 
Finished building: cv31.list
 
11:08:25 **** Incremental Build of configuration Debug for project cv31 ****
make -j4 all 
arm-none-eabi-gcc "../Core/Src/sct.c" -mcpu=cortex-m0 -std=gnu11 -g3 -DDEBUG -DUSE_HAL_DRIVER -DSTM32F030x8 -c -I../Core/Inc -I../Drivers/STM32F0xx_HAL_Driver/Inc -I../Drivers/STM32F0xx_HAL_Driver/Inc/Legacy -I../Drivers/CMSIS/Device/ST/STM32F0xx/Include -I../Drivers/CMSIS/Include -O0 -ffunction-sections -fdata-sections -Wall -fstack-usage -fcyclomatic-complexity -MMD -MP -MF"Core/Src/sct.d" -MT"Core/Src/sct.o" --specs=nano.specs -mfloat-abi=soft -mthumb -o "Core/Src/sct.o"
arm-none-eabi-gcc -o "cv31.elf" @"objects.list"   -mcpu=cortex-m0 -T"C:\Temp\230345\MKS\cv3\cv31\STM32F030R8TX_FLASH.ld" --specs=nosys.specs -Wl,-Map="cv31.map" -Wl,--gc-sections -static --specs=nano.specs -mfloat-abi=soft -mthumb -Wl,--start-group -lc -lm -Wl,--end-group
Finished building target: cv31.elf
 
arm-none-eabi-size   cv31.elf 
arm-none-eabi-objdump -h -S  cv31.elf  > "cv31.list"
   text	   data	    bss	    dec	    hex	filename
   7480	     20	   1700	   9200	   23f0	cv31.elf
Finished building: default.size.stdout
 
Finished building: cv31.list
 
11:08:29 **** Incremental Build of configuration Debug for project cv31 ****
make -j4 all 
arm-none-eabi-size   cv31.elf 
   text	   data	    bss	    dec	    hex	filename
   7480	     20	   1700	   9200	   23f0	cv31.elf
Finished building: default.size.stdout
 
11:23:05 **** Incremental Build of configuration Debug for project cv31 ****
make -j4 all 
arm-none-eabi-gcc "../Drivers/STM32F0xx_HAL_Driver/Src/stm32f0xx_hal.c" -mcpu=cortex-m0 -std=gnu11 -g3 -DDEBUG -DUSE_HAL_DRIVER -DSTM32F030x8 -c -I../Core/Inc -I../Drivers/STM32F0xx_HAL_Driver/Inc -I../Drivers/STM32F0xx_HAL_Driver/Inc/Legacy -I../Drivers/CMSIS/Device/ST/STM32F0xx/Include -I../Drivers/CMSIS/Include -O0 -ffunction-sections -fdata-sections -Wall -fstack-usage -fcyclomatic-complexity -MMD -MP -MF"Drivers/STM32F0xx_HAL_Driver/Src/stm32f0xx_hal.d" -MT"Drivers/STM32F0xx_HAL_Driver/Src/stm32f0xx_hal.o" --specs=nano.specs -mfloat-abi=soft -mthumb -o "Drivers/STM32F0xx_HAL_Driver/Src/stm32f0xx_hal.o"
arm-none-eabi-gcc "../Drivers/STM32F0xx_HAL_Driver/Src/stm32f0xx_hal_cortex.c" -mcpu=cortex-m0 -std=gnu11 -g3 -DDEBUG -DUSE_HAL_DRIVER -DSTM32F030x8 -c -I../Core/Inc -I../Drivers/STM32F0xx_HAL_Driver/Inc -I../Drivers/STM32F0xx_HAL_Driver/Inc/Legacy -I../Drivers/CMSIS/Device/ST/STM32F0xx/Include -I../Drivers/CMSIS/Include -O0 -ffunction-sections -fdata-sections -Wall -fstack-usage -fcyclomatic-complexity -MMD -MP -MF"Drivers/STM32F0xx_HAL_Driver/Src/stm32f0xx_hal_cortex.d" -MT"Drivers/STM32F0xx_HAL_Driver/Src/stm32f0xx_hal_cortex.o" --specs=nano.specs -mfloat-abi=soft -mthumb -o "Drivers/STM32F0xx_HAL_Driver/Src/stm32f0xx_hal_cortex.o"
arm-none-eabi-gcc "../Drivers/STM32F0xx_HAL_Driver/Src/stm32f0xx_hal_dma.c" -mcpu=cortex-m0 -std=gnu11 -g3 -DDEBUG -DUSE_HAL_DRIVER -DSTM32F030x8 -c -I../Core/Inc -I../Drivers/STM32F0xx_HAL_Driver/Inc -I../Drivers/STM32F0xx_HAL_Driver/Inc/Legacy -I../Drivers/CMSIS/Device/ST/STM32F0xx/Include -I../Drivers/CMSIS/Include -O0 -ffunction-sections -fdata-sections -Wall -fstack-usage -fcyclomatic-complexity -MMD -MP -MF"Drivers/STM32F0xx_HAL_Driver/Src/stm32f0xx_hal_dma.d" -MT"Drivers/STM32F0xx_HAL_Driver/Src/stm32f0xx_hal_dma.o" --specs=nano.specs -mfloat-abi=soft -mthumb -o "Drivers/STM32F0xx_HAL_Driver/Src/stm32f0xx_hal_dma.o"
arm-none-eabi-gcc "../Drivers/STM32F0xx_HAL_Driver/Src/stm32f0xx_hal_exti.c" -mcpu=cortex-m0 -std=gnu11 -g3 -DDEBUG -DUSE_HAL_DRIVER -DSTM32F030x8 -c -I../Core/Inc -I../Drivers/STM32F0xx_HAL_Driver/Inc -I../Drivers/STM32F0xx_HAL_Driver/Inc/Legacy -I../Drivers/CMSIS/Device/ST/STM32F0xx/Include -I../Drivers/CMSIS/Include -O0 -ffunction-sections -fdata-sections -Wall -fstack-usage -fcyclomatic-complexity -MMD -MP -MF"Drivers/STM32F0xx_HAL_Driver/Src/stm32f0xx_hal_exti.d" -MT"Drivers/STM32F0xx_HAL_Driver/Src/stm32f0xx_hal_exti.o" --specs=nano.specs -mfloat-abi=soft -mthumb -o "Drivers/STM32F0xx_HAL_Driver/Src/stm32f0xx_hal_exti.o"
arm-none-eabi-gcc "../Drivers/STM32F0xx_HAL_Driver/Src/stm32f0xx_hal_flash.c" -mcpu=cortex-m0 -std=gnu11 -g3 -DDEBUG -DUSE_HAL_DRIVER -DSTM32F030x8 -c -I../Core/Inc -I../Drivers/STM32F0xx_HAL_Driver/Inc -I../Drivers/STM32F0xx_HAL_Driver/Inc/Legacy -I../Drivers/CMSIS/Device/ST/STM32F0xx/Include -I../Drivers/CMSIS/Include -O0 -ffunction-sections -fdata-sections -Wall -fstack-usage -fcyclomatic-complexity -MMD -MP -MF"Drivers/STM32F0xx_HAL_Driver/Src/stm32f0xx_hal_flash.d" -MT"Drivers/STM32F0xx_HAL_Driver/Src/stm32f0xx_hal_flash.o" --specs=nano.specs -mfloat-abi=soft -mthumb -o "Drivers/STM32F0xx_HAL_Driver/Src/stm32f0xx_hal_flash.o"
arm-none-eabi-gcc "../Drivers/STM32F0xx_HAL_Driver/Src/stm32f0xx_hal_flash_ex.c" -mcpu=cortex-m0 -std=gnu11 -g3 -DDEBUG -DUSE_HAL_DRIVER -DSTM32F030x8 -c -I../Core/Inc -I../Drivers/STM32F0xx_HAL_Driver/Inc -I../Drivers/STM32F0xx_HAL_Driver/Inc/Legacy -I../Drivers/CMSIS/Device/ST/STM32F0xx/Include -I../Drivers/CMSIS/Include -O0 -ffunction-sections -fdata-sections -Wall -fstack-usage -fcyclomatic-complexity -MMD -MP -MF"Drivers/STM32F0xx_HAL_Driver/Src/stm32f0xx_hal_flash_ex.d" -MT"Drivers/STM32F0xx_HAL_Driver/Src/stm32f0xx_hal_flash_ex.o" --specs=nano.specs -mfloat-abi=soft -mthumb -o "Drivers/STM32F0xx_HAL_Driver/Src/stm32f0xx_hal_flash_ex.o"
arm-none-eabi-gcc "../Drivers/STM32F0xx_HAL_Driver/Src/stm32f0xx_hal_gpio.c" -mcpu=cortex-m0 -std=gnu11 -g3 -DDEBUG -DUSE_HAL_DRIVER -DSTM32F030x8 -c -I../Core/Inc -I../Drivers/STM32F0xx_HAL_Driver/Inc -I../Drivers/STM32F0xx_HAL_Driver/Inc/Legacy -I../Drivers/CMSIS/Device/ST/STM32F0xx/Include -I../Drivers/CMSIS/Include -O0 -ffunction-sections -fdata-sections -Wall -fstack-usage -fcyclomatic-complexity -MMD -MP -MF"Drivers/STM32F0xx_HAL_Driver/Src/stm32f0xx_hal_gpio.d" -MT"Drivers/STM32F0xx_HAL_Driver/Src/stm32f0xx_hal_gpio.o" --specs=nano.specs -mfloat-abi=soft -mthumb -o "Drivers/STM32F0xx_HAL_Driver/Src/stm32f0xx_hal_gpio.o"
arm-none-eabi-gcc "../Drivers/STM32F0xx_HAL_Driver/Src/stm32f0xx_hal_i2c.c" -mcpu=cortex-m0 -std=gnu11 -g3 -DDEBUG -DUSE_HAL_DRIVER -DSTM32F030x8 -c -I../Core/Inc -I../Drivers/STM32F0xx_HAL_Driver/Inc -I../Drivers/STM32F0xx_HAL_Driver/Inc/Legacy -I../Drivers/CMSIS/Device/ST/STM32F0xx/Include -I../Drivers/CMSIS/Include -O0 -ffunction-sections -fdata-sections -Wall -fstack-usage -fcyclomatic-complexity -MMD -MP -MF"Drivers/STM32F0xx_HAL_Driver/Src/stm32f0xx_hal_i2c.d" -MT"Drivers/STM32F0xx_HAL_Driver/Src/stm32f0xx_hal_i2c.o" --specs=nano.specs -mfloat-abi=soft -mthumb -o "Drivers/STM32F0xx_HAL_Driver/Src/stm32f0xx_hal_i2c.o"
arm-none-eabi-gcc "../Drivers/STM32F0xx_HAL_Driver/Src/stm32f0xx_hal_i2c_ex.c" -mcpu=cortex-m0 -std=gnu11 -g3 -DDEBUG -DUSE_HAL_DRIVER -DSTM32F030x8 -c -I../Core/Inc -I../Drivers/STM32F0xx_HAL_Driver/Inc -I../Drivers/STM32F0xx_HAL_Driver/Inc/Legacy -I../Drivers/CMSIS/Device/ST/STM32F0xx/Include -I../Drivers/CMSIS/Include -O0 -ffunction-sections -fdata-sections -Wall -fstack-usage -fcyclomatic-complexity -MMD -MP -MF"Drivers/STM32F0xx_HAL_Driver/Src/stm32f0xx_hal_i2c_ex.d" -MT"Drivers/STM32F0xx_HAL_Driver/Src/stm32f0xx_hal_i2c_ex.o" --specs=nano.specs -mfloat-abi=soft -mthumb -o "Drivers/STM32F0xx_HAL_Driver/Src/stm32f0xx_hal_i2c_ex.o"
arm-none-eabi-gcc "../Drivers/STM32F0xx_HAL_Driver/Src/stm32f0xx_hal_pwr.c" -mcpu=cortex-m0 -std=gnu11 -g3 -DDEBUG -DUSE_HAL_DRIVER -DSTM32F030x8 -c -I../Core/Inc -I../Drivers/STM32F0xx_HAL_Driver/Inc -I../Drivers/STM32F0xx_HAL_Driver/Inc/Legacy -I../Drivers/CMSIS/Device/ST/STM32F0xx/Include -I../Drivers/CMSIS/Include -O0 -ffunction-sections -fdata-sections -Wall -fstack-usage -fcyclomatic-complexity -MMD -MP -MF"Drivers/STM32F0xx_HAL_Driver/Src/stm32f0xx_hal_pwr.d" -MT"Drivers/STM32F0xx_HAL_Driver/Src/stm32f0xx_hal_pwr.o" --specs=nano.specs -mfloat-abi=soft -mthumb -o "Drivers/STM32F0xx_HAL_Driver/Src/stm32f0xx_hal_pwr.o"
arm-none-eabi-gcc "../Drivers/STM32F0xx_HAL_Driver/Src/stm32f0xx_hal_pwr_ex.c" -mcpu=cortex-m0 -std=gnu11 -g3 -DDEBUG -DUSE_HAL_DRIVER -DSTM32F030x8 -c -I../Core/Inc -I../Drivers/STM32F0xx_HAL_Driver/Inc -I../Drivers/STM32F0xx_HAL_Driver/Inc/Legacy -I../Drivers/CMSIS/Device/ST/STM32F0xx/Include -I../Drivers/CMSIS/Include -O0 -ffunction-sections -fdata-sections -Wall -fstack-usage -fcyclomatic-complexity -MMD -MP -MF"Drivers/STM32F0xx_HAL_Driver/Src/stm32f0xx_hal_pwr_ex.d" -MT"Drivers/STM32F0xx_HAL_Driver/Src/stm32f0xx_hal_pwr_ex.o" --specs=nano.specs -mfloat-abi=soft -mthumb -o "Drivers/STM32F0xx_HAL_Driver/Src/stm32f0xx_hal_pwr_ex.o"
arm-none-eabi-gcc "../Drivers/STM32F0xx_HAL_Driver/Src/stm32f0xx_hal_rcc.c" -mcpu=cortex-m0 -std=gnu11 -g3 -DDEBUG -DUSE_HAL_DRIVER -DSTM32F030x8 -c -I../Core/Inc -I../Drivers/STM32F0xx_HAL_Driver/Inc -I../Drivers/STM32F0xx_HAL_Driver/Inc/Legacy -I../Drivers/CMSIS/Device/ST/STM32F0xx/Include -I../Drivers/CMSIS/Include -O0 -ffunction-sections -fdata-sections -Wall -fstack-usage -fcyclomatic-complexity -MMD -MP -MF"Drivers/STM32F0xx_HAL_Driver/Src/stm32f0xx_hal_rcc.d" -MT"Drivers/STM32F0xx_HAL_Driver/Src/stm32f0xx_hal_rcc.o" --specs=nano.specs -mfloat-abi=soft -mthumb -o "Drivers/STM32F0xx_HAL_Driver/Src/stm32f0xx_hal_rcc.o"
arm-none-eabi-gcc "../Drivers/STM32F0xx_HAL_Driver/Src/stm32f0xx_hal_rcc_ex.c" -mcpu=cortex-m0 -std=gnu11 -g3 -DDEBUG -DUSE_HAL_DRIVER -DSTM32F030x8 -c -I../Core/Inc -I../Drivers/STM32F0xx_HAL_Driver/Inc -I../Drivers/STM32F0xx_HAL_Driver/Inc/Legacy -I../Drivers/CMSIS/Device/ST/STM32F0xx/Include -I../Drivers/CMSIS/Include -O0 -ffunction-sections -fdata-sections -Wall -fstack-usage -fcyclomatic-complexity -MMD -MP -MF"Drivers/STM32F0xx_HAL_Driver/Src/stm32f0xx_hal_rcc_ex.d" -MT"Drivers/STM32F0xx_HAL_Driver/Src/stm32f0xx_hal_rcc_ex.o" --specs=nano.specs -mfloat-abi=soft -mthumb -o "Drivers/STM32F0xx_HAL_Driver/Src/stm32f0xx_hal_rcc_ex.o"
arm-none-eabi-gcc "../Drivers/STM32F0xx_HAL_Driver/Src/stm32f0xx_hal_tim.c" -mcpu=cortex-m0 -std=gnu11 -g3 -DDEBUG -DUSE_HAL_DRIVER -DSTM32F030x8 -c -I../Core/Inc -I../Drivers/STM32F0xx_HAL_Driver/Inc -I../Drivers/STM32F0xx_HAL_Driver/Inc/Legacy -I../Drivers/CMSIS/Device/ST/STM32F0xx/Include -I../Drivers/CMSIS/Include -O0 -ffunction-sections -fdata-sections -Wall -fstack-usage -fcyclomatic-complexity -MMD -MP -MF"Drivers/STM32F0xx_HAL_Driver/Src/stm32f0xx_hal_tim.d" -MT"Drivers/STM32F0xx_HAL_Driver/Src/stm32f0xx_hal_tim.o" --specs=nano.specs -mfloat-abi=soft -mthumb -o "Drivers/STM32F0xx_HAL_Driver/Src/stm32f0xx_hal_tim.o"
arm-none-eabi-gcc "../Drivers/STM32F0xx_HAL_Driver/Src/stm32f0xx_hal_tim_ex.c" -mcpu=cortex-m0 -std=gnu11 -g3 -DDEBUG -DUSE_HAL_DRIVER -DSTM32F030x8 -c -I../Core/Inc -I../Drivers/STM32F0xx_HAL_Driver/Inc -I../Drivers/STM32F0xx_HAL_Driver/Inc/Legacy -I../Drivers/CMSIS/Device/ST/STM32F0xx/Include -I../Drivers/CMSIS/Include -O0 -ffunction-sections -fdata-sections -Wall -fstack-usage -fcyclomatic-complexity -MMD -MP -MF"Drivers/STM32F0xx_HAL_Driver/Src/stm32f0xx_hal_tim_ex.d" -MT"Drivers/STM32F0xx_HAL_Driver/Src/stm32f0xx_hal_tim_ex.o" --specs=nano.specs -mfloat-abi=soft -mthumb -o "Drivers/STM32F0xx_HAL_Driver/Src/stm32f0xx_hal_tim_ex.o"
arm-none-eabi-gcc "../Drivers/STM32F0xx_HAL_Driver/Src/stm32f0xx_hal_uart.c" -mcpu=cortex-m0 -std=gnu11 -g3 -DDEBUG -DUSE_HAL_DRIVER -DSTM32F030x8 -c -I../Core/Inc -I../Drivers/STM32F0xx_HAL_Driver/Inc -I../Drivers/STM32F0xx_HAL_Driver/Inc/Legacy -I../Drivers/CMSIS/Device/ST/STM32F0xx/Include -I../Drivers/CMSIS/Include -O0 -ffunction-sections -fdata-sections -Wall -fstack-usage -fcyclomatic-complexity -MMD -MP -MF"Drivers/STM32F0xx_HAL_Driver/Src/stm32f0xx_hal_uart.d" -MT"Drivers/STM32F0xx_HAL_Driver/Src/stm32f0xx_hal_uart.o" --specs=nano.specs -mfloat-abi=soft -mthumb -o "Drivers/STM32F0xx_HAL_Driver/Src/stm32f0xx_hal_uart.o"
arm-none-eabi-gcc "../Drivers/STM32F0xx_HAL_Driver/Src/stm32f0xx_hal_uart_ex.c" -mcpu=cortex-m0 -std=gnu11 -g3 -DDEBUG -DUSE_HAL_DRIVER -DSTM32F030x8 -c -I../Core/Inc -I../Drivers/STM32F0xx_HAL_Driver/Inc -I../Drivers/STM32F0xx_HAL_Driver/Inc/Legacy -I../Drivers/CMSIS/Device/ST/STM32F0xx/Include -I../Drivers/CMSIS/Include -O0 -ffunction-sections -fdata-sections -Wall -fstack-usage -fcyclomatic-complexity -MMD -MP -MF"Drivers/STM32F0xx_HAL_Driver/Src/stm32f0xx_hal_uart_ex.d" -MT"Drivers/STM32F0xx_HAL_Driver/Src/stm32f0xx_hal_uart_ex.o" --specs=nano.specs -mfloat-abi=soft -mthumb -o "Drivers/STM32F0xx_HAL_Driver/Src/stm32f0xx_hal_uart_ex.o"
arm-none-eabi-gcc "../Core/Src/main.c" -mcpu=cortex-m0 -std=gnu11 -g3 -DDEBUG -DUSE_HAL_DRIVER -DSTM32F030x8 -c -I../Core/Inc -I../Drivers/STM32F0xx_HAL_Driver/Inc -I../Drivers/STM32F0xx_HAL_Driver/Inc/Legacy -I../Drivers/CMSIS/Device/ST/STM32F0xx/Include -I../Drivers/CMSIS/Include -O0 -ffunction-sections -fdata-sections -Wall -fstack-usage -fcyclomatic-complexity -MMD -MP -MF"Core/Src/main.d" -MT"Core/Src/main.o" --specs=nano.specs -mfloat-abi=soft -mthumb -o "Core/Src/main.o"
arm-none-eabi-gcc "../Core/Src/sct.c" -mcpu=cortex-m0 -std=gnu11 -g3 -DDEBUG -DUSE_HAL_DRIVER -DSTM32F030x8 -c -I../Core/Inc -I../Drivers/STM32F0xx_HAL_Driver/Inc -I../Drivers/STM32F0xx_HAL_Driver/Inc/Legacy -I../Drivers/CMSIS/Device/ST/STM32F0xx/Include -I../Drivers/CMSIS/Include -O0 -ffunction-sections -fdata-sections -Wall -fstack-usage -fcyclomatic-complexity -MMD -MP -MF"Core/Src/sct.d" -MT"Core/Src/sct.o" --specs=nano.specs -mfloat-abi=soft -mthumb -o "Core/Src/sct.o"
../Core/Src/main.c: In function 'main':
../Core/Src/main.c:114:10: warning: implicit declaration of function 'sct_value' [-Wimplicit-function-declaration]
  114 |          sct_value(_HAL_TIM_GET_COUNTER(&htim1);
      |          ^~~~~~~~~
../Core/Src/main.c:114:20: warning: implicit declaration of function '_HAL_TIM_GET_COUNTER' [-Wimplicit-function-declaration]
  114 |          sct_value(_HAL_TIM_GET_COUNTER(&htim1);
      |                    ^~~~~~~~~~~~~~~~~~~~
../Core/Src/main.c:114:48: error: expected ')' before ';' token
  114 |          sct_value(_HAL_TIM_GET_COUNTER(&htim1);
      |                   ~                            ^
      |                                                )
../Core/Src/main.c:115:24: error: expected ';' before '}' token
  115 |          HAL_Delay(50);
      |                        ^
      |                        ;
  116 |   }
      |   ~                     
make: *** [Core/Src/subdir.mk:37: Core/Src/main.o] Error 1
make: *** Waiting for unfinished jobs....
"make -j4 all" terminated with exit code 2. Build might be incomplete.
11:23:19 **** Incremental Build of configuration Debug for project cv31 ****
make -j4 all 
arm-none-eabi-gcc "../Core/Src/main.c" -mcpu=cortex-m0 -std=gnu11 -g3 -DDEBUG -DUSE_HAL_DRIVER -DSTM32F030x8 -c -I../Core/Inc -I../Drivers/STM32F0xx_HAL_Driver/Inc -I../Drivers/STM32F0xx_HAL_Driver/Inc/Legacy -I../Drivers/CMSIS/Device/ST/STM32F0xx/Include -I../Drivers/CMSIS/Include -O0 -ffunction-sections -fdata-sections -Wall -fstack-usage -fcyclomatic-complexity -MMD -MP -MF"Core/Src/main.d" -MT"Core/Src/main.o" --specs=nano.specs -mfloat-abi=soft -mthumb -o "Core/Src/main.o"
arm-none-eabi-gcc "../Core/Src/stm32f0xx_hal_msp.c" -mcpu=cortex-m0 -std=gnu11 -g3 -DDEBUG -DUSE_HAL_DRIVER -DSTM32F030x8 -c -I../Core/Inc -I../Drivers/STM32F0xx_HAL_Driver/Inc -I../Drivers/STM32F0xx_HAL_Driver/Inc/Legacy -I../Drivers/CMSIS/Device/ST/STM32F0xx/Include -I../Drivers/CMSIS/Include -O0 -ffunction-sections -fdata-sections -Wall -fstack-usage -fcyclomatic-complexity -MMD -MP -MF"Core/Src/stm32f0xx_hal_msp.d" -MT"Core/Src/stm32f0xx_hal_msp.o" --specs=nano.specs -mfloat-abi=soft -mthumb -o "Core/Src/stm32f0xx_hal_msp.o"
arm-none-eabi-gcc "../Core/Src/stm32f0xx_it.c" -mcpu=cortex-m0 -std=gnu11 -g3 -DDEBUG -DUSE_HAL_DRIVER -DSTM32F030x8 -c -I../Core/Inc -I../Drivers/STM32F0xx_HAL_Driver/Inc -I../Drivers/STM32F0xx_HAL_Driver/Inc/Legacy -I../Drivers/CMSIS/Device/ST/STM32F0xx/Include -I../Drivers/CMSIS/Include -O0 -ffunction-sections -fdata-sections -Wall -fstack-usage -fcyclomatic-complexity -MMD -MP -MF"Core/Src/stm32f0xx_it.d" -MT"Core/Src/stm32f0xx_it.o" --specs=nano.specs -mfloat-abi=soft -mthumb -o "Core/Src/stm32f0xx_it.o"
arm-none-eabi-gcc "../Core/Src/system_stm32f0xx.c" -mcpu=cortex-m0 -std=gnu11 -g3 -DDEBUG -DUSE_HAL_DRIVER -DSTM32F030x8 -c -I../Core/Inc -I../Drivers/STM32F0xx_HAL_Driver/Inc -I../Drivers/STM32F0xx_HAL_Driver/Inc/Legacy -I../Drivers/CMSIS/Device/ST/STM32F0xx/Include -I../Drivers/CMSIS/Include -O0 -ffunction-sections -fdata-sections -Wall -fstack-usage -fcyclomatic-complexity -MMD -MP -MF"Core/Src/system_stm32f0xx.d" -MT"Core/Src/system_stm32f0xx.o" --specs=nano.specs -mfloat-abi=soft -mthumb -o "Core/Src/system_stm32f0xx.o"
../Core/Src/main.c: In function 'main':
../Core/Src/main.c:114:10: warning: implicit declaration of function 'sct_value' [-Wimplicit-function-declaration]
  114 |          sct_value(_HAL_TIM_GET_COUNTER(&htim1));
      |          ^~~~~~~~~
../Core/Src/main.c:114:20: warning: implicit declaration of function '_HAL_TIM_GET_COUNTER' [-Wimplicit-function-declaration]
  114 |          sct_value(_HAL_TIM_GET_COUNTER(&htim1));
      |                    ^~~~~~~~~~~~~~~~~~~~
arm-none-eabi-gcc -o "cv31.elf" @"objects.list"   -mcpu=cortex-m0 -T"C:\Temp\230345\MKS\cv3\cv31\STM32F030R8TX_FLASH.ld" --specs=nosys.specs -Wl,-Map="cv31.map" -Wl,--gc-sections -static --specs=nano.specs -mfloat-abi=soft -mthumb -Wl,--start-group -lc -lm -Wl,--end-group
C:/appz/ST/STM32CubeIDE_1.10.1/STM32CubeIDE/plugins/com.st.stm32cube.ide.mcu.externaltools.gnu-tools-for-stm32.11.3.rel1.win32_1.1.0.202305231506/tools/bin/../lib/gcc/arm-none-eabi/11.3.1/../../../../arm-none-eabi/bin/ld.exe: ./Core/Src/main.o: in function `main':
C:/Temp/230345/MKS/cv3/cv31/Debug/../Core/Src/main.c:114: undefined reference to `_HAL_TIM_GET_COUNTER'
collect2.exe: error: ld returned 1 exit status
make: *** [makefile:64: cv31.elf] Error 1
"make -j4 all" terminated with exit code 2. Build might be incomplete.
11:23:57 **** Incremental Build of configuration Debug for project cv31 ****
make -j4 all 
arm-none-eabi-gcc "../Core/Src/main.c" -mcpu=cortex-m0 -std=gnu11 -g3 -DDEBUG -DUSE_HAL_DRIVER -DSTM32F030x8 -c -I../Core/Inc -I../Drivers/STM32F0xx_HAL_Driver/Inc -I../Drivers/STM32F0xx_HAL_Driver/Inc/Legacy -I../Drivers/CMSIS/Device/ST/STM32F0xx/Include -I../Drivers/CMSIS/Include -O0 -ffunction-sections -fdata-sections -Wall -fstack-usage -fcyclomatic-complexity -MMD -MP -MF"Core/Src/main.d" -MT"Core/Src/main.o" --specs=nano.specs -mfloat-abi=soft -mthumb -o "Core/Src/main.o"
../Core/Src/main.c: In function 'main':
../Core/Src/main.c:114:10: warning: implicit declaration of function 'sct_value' [-Wimplicit-function-declaration]
  114 |          sct_value(__HAL_TIM_GET_COUNTER(&htim1));
      |          ^~~~~~~~~
arm-none-eabi-gcc -o "cv31.elf" @"objects.list"   -mcpu=cortex-m0 -T"C:\Temp\230345\MKS\cv3\cv31\STM32F030R8TX_FLASH.ld" --specs=nosys.specs -Wl,-Map="cv31.map" -Wl,--gc-sections -static --specs=nano.specs -mfloat-abi=soft -mthumb -Wl,--start-group -lc -lm -Wl,--end-group
Finished building target: cv31.elf
 
arm-none-eabi-size   cv31.elf 
arm-none-eabi-objdump -h -S  cv31.elf  > "cv31.list"
   text	   data	    bss	    dec	    hex	filename
   8984	     20	   1772	  10776	   2a18	cv31.elf
Finished building: default.size.stdout
 
Finished building: cv31.list
 
11:24:13 **** Incremental Build of configuration Debug for project cv31 ****
make -j4 all 
arm-none-eabi-size   cv31.elf 
   text	   data	    bss	    dec	    hex	filename
   8984	     20	   1772	  10776	   2a18	cv31.elf
Finished building: default.size.stdout
 
11:24:40 **** Incremental Build of configuration Debug for project cv31 ****
make -j4 all 
arm-none-eabi-size   cv31.elf 
   text	   data	    bss	    dec	    hex	filename
   8984	     20	   1772	  10776	   2a18	cv31.elf
Finished building: default.size.stdout
 
11:24:56 **** Incremental Build of configuration Debug for project cv31 ****
make -j4 all 
arm-none-eabi-size   cv31.elf 
   text	   data	    bss	    dec	    hex	filename
   8984	     20	   1772	  10776	   2a18	cv31.elf
Finished building: default.size.stdout
 
11:25:25 **** Incremental Build of configuration Debug for project cv31 ****
make -j4 all 
arm-none-eabi-size   cv31.elf 
   text	   data	    bss	    dec	    hex	filename
   8984	     20	   1772	  10776	   2a18	cv31.elf
Finished building: default.size.stdout
 
11:25:37 **** Incremental Build of configuration Debug for project cv31 ****
make -j4 all 
arm-none-eabi-size   cv31.elf 
   text	   data	    bss	    dec	    hex	filename
   8984	     20	   1772	  10776	   2a18	cv31.elf
Finished building: default.size.stdout
 
