09:51:58 **** Build of configuration Debug for project cv5 ****
make -j4 all 
arm-none-eabi-gcc "../Drivers/STM32F0xx_HAL_Driver/Src/stm32f0xx_hal.c" -mcpu=cortex-m0 -std=gnu11 -g3 -DDEBUG -DUSE_HAL_DRIVER -DSTM32F030x8 -c -I../Core/Inc -I../Drivers/STM32F0xx_HAL_Driver/Inc -I../Drivers/STM32F0xx_HAL_Driver/Inc/Legacy -I../Drivers/CMSIS/Device/ST/STM32F0xx/Include -I../Drivers/CMSIS/Include -O0 -ffunction-sections -fdata-sections -Wall -fstack-usage -fcyclomatic-complexity -MMD -MP -MF"Drivers/STM32F0xx_HAL_Driver/Src/stm32f0xx_hal.d" -MT"Drivers/STM32F0xx_HAL_Driver/Src/stm32f0xx_hal.o" --specs=nano.specs -mfloat-abi=soft -mthumb -o "Drivers/STM32F0xx_HAL_Driver/Src/stm32f0xx_hal.o"
arm-none-eabi-gcc "../Drivers/STM32F0xx_HAL_Driver/Src/stm32f0xx_hal_cortex.c" -mcpu=cortex-m0 -std=gnu11 -g3 -DDEBUG -DUSE_HAL_DRIVER -DSTM32F030x8 -c -I../Core/Inc -I../Drivers/STM32F0xx_HAL_Driver/Inc -I../Drivers/STM32F0xx_HAL_Driver/Inc/Legacy -I../Drivers/CMSIS/Device/ST/STM32F0xx/Include -I../Drivers/CMSIS/Include -O0 -ffunction-sections -fdata-sections -Wall -fstack-usage -fcyclomatic-complexity -MMD -MP -MF"Drivers/STM32F0xx_HAL_Driver/Src/stm32f0xx_hal_cortex.d" -MT"Drivers/STM32F0xx_HAL_Driver/Src/stm32f0xx_hal_cortex.o" --specs=nano.specs -mfloat-abi=soft -mthumb -o "Drivers/STM32F0xx_HAL_Driver/Src/stm32f0xx_hal_cortex.o"
arm-none-eabi-gcc "../Drivers/STM32F0xx_HAL_Driver/Src/stm32f0xx_hal_dma.c" -mcpu=cortex-m0 -std=gnu11 -g3 -DDEBUG -DUSE_HAL_DRIVER -DSTM32F030x8 -c -I../Core/Inc -I../Drivers/STM32F0xx_HAL_Driver/Inc -I../Drivers/STM32F0xx_HAL_Driver/Inc/Legacy -I../Drivers/CMSIS/Device/ST/STM32F0xx/Include -I../Drivers/CMSIS/Include -O0 -ffunction-sections -fdata-sections -Wall -fstack-usage -fcyclomatic-complexity -MMD -MP -MF"Drivers/STM32F0xx_HAL_Driver/Src/stm32f0xx_hal_dma.d" -MT"Drivers/STM32F0xx_HAL_Driver/Src/stm32f0xx_hal_dma.o" --specs=nano.specs -mfloat-abi=soft -mthumb -o "Drivers/STM32F0xx_HAL_Driver/Src/stm32f0xx_hal_dma.o"
arm-none-eabi-gcc "../Drivers/STM32F0xx_HAL_Driver/Src/stm32f0xx_hal_exti.c" -mcpu=cortex-m0 -std=gnu11 -g3 -DDEBUG -DUSE_HAL_DRIVER -DSTM32F030x8 -c -I../Core/Inc -I../Drivers/STM32F0xx_HAL_Driver/Inc -I../Drivers/STM32F0xx_HAL_Driver/Inc/Legacy -I../Drivers/CMSIS/Device/ST/STM32F0xx/Include -I../Drivers/CMSIS/Include -O0 -ffunction-sections -fdata-sections -Wall -fstack-usage -fcyclomatic-complexity -MMD -MP -MF"Drivers/STM32F0xx_HAL_Driver/Src/stm32f0xx_hal_exti.d" -MT"Drivers/STM32F0xx_HAL_Driver/Src/stm32f0xx_hal_exti.o" --specs=nano.specs -mfloat-abi=soft -mthumb -o "Drivers/STM32F0xx_HAL_Driver/Src/stm32f0xx_hal_exti.o"
arm-none-eabi-gcc "../Drivers/STM32F0xx_HAL_Driver/Src/stm32f0xx_hal_flash.c" -mcpu=cortex-m0 -std=gnu11 -g3 -DDEBUG -DUSE_HAL_DRIVER -DSTM32F030x8 -c -I../Core/Inc -I../Drivers/STM32F0xx_HAL_Driver/Inc -I../Drivers/STM32F0xx_HAL_Driver/Inc/Legacy -I../Drivers/CMSIS/Device/ST/STM32F0xx/Include -I../Drivers/CMSIS/Include -O0 -ffunction-sections -fdata-sections -Wall -fstack-usage -fcyclomatic-complexity -MMD -MP -MF"Drivers/STM32F0xx_HAL_Driver/Src/stm32f0xx_hal_flash.d" -MT"Drivers/STM32F0xx_HAL_Driver/Src/stm32f0xx_hal_flash.o" --specs=nano.specs -mfloat-abi=soft -mthumb -o "Drivers/STM32F0xx_HAL_Driver/Src/stm32f0xx_hal_flash.o"
arm-none-eabi-gcc "../Drivers/STM32F0xx_HAL_Driver/Src/stm32f0xx_hal_flash_ex.c" -mcpu=cortex-m0 -std=gnu11 -g3 -DDEBUG -DUSE_HAL_DRIVER -DSTM32F030x8 -c -I../Core/Inc -I../Drivers/STM32F0xx_HAL_Driver/Inc -I../Drivers/STM32F0xx_HAL_Driver/Inc/Legacy -I../Drivers/CMSIS/Device/ST/STM32F0xx/Include -I../Drivers/CMSIS/Include -O0 -ffunction-sections -fdata-sections -Wall -fstack-usage -fcyclomatic-complexity -MMD -MP -MF"Drivers/STM32F0xx_HAL_Driver/Src/stm32f0xx_hal_flash_ex.d" -MT"Drivers/STM32F0xx_HAL_Driver/Src/stm32f0xx_hal_flash_ex.o" --specs=nano.specs -mfloat-abi=soft -mthumb -o "Drivers/STM32F0xx_HAL_Driver/Src/stm32f0xx_hal_flash_ex.o"
arm-none-eabi-gcc "../Drivers/STM32F0xx_HAL_Driver/Src/stm32f0xx_hal_gpio.c" -mcpu=cortex-m0 -std=gnu11 -g3 -DDEBUG -DUSE_HAL_DRIVER -DSTM32F030x8 -c -I../Core/Inc -I../Drivers/STM32F0xx_HAL_Driver/Inc -I../Drivers/STM32F0xx_HAL_Driver/Inc/Legacy -I../Drivers/CMSIS/Device/ST/STM32F0xx/Include -I../Drivers/CMSIS/Include -O0 -ffunction-sections -fdata-sections -Wall -fstack-usage -fcyclomatic-complexity -MMD -MP -MF"Drivers/STM32F0xx_HAL_Driver/Src/stm32f0xx_hal_gpio.d" -MT"Drivers/STM32F0xx_HAL_Driver/Src/stm32f0xx_hal_gpio.o" --specs=nano.specs -mfloat-abi=soft -mthumb -o "Drivers/STM32F0xx_HAL_Driver/Src/stm32f0xx_hal_gpio.o"
arm-none-eabi-gcc "../Drivers/STM32F0xx_HAL_Driver/Src/stm32f0xx_hal_i2c.c" -mcpu=cortex-m0 -std=gnu11 -g3 -DDEBUG -DUSE_HAL_DRIVER -DSTM32F030x8 -c -I../Core/Inc -I../Drivers/STM32F0xx_HAL_Driver/Inc -I../Drivers/STM32F0xx_HAL_Driver/Inc/Legacy -I../Drivers/CMSIS/Device/ST/STM32F0xx/Include -I../Drivers/CMSIS/Include -O0 -ffunction-sections -fdata-sections -Wall -fstack-usage -fcyclomatic-complexity -MMD -MP -MF"Drivers/STM32F0xx_HAL_Driver/Src/stm32f0xx_hal_i2c.d" -MT"Drivers/STM32F0xx_HAL_Driver/Src/stm32f0xx_hal_i2c.o" --specs=nano.specs -mfloat-abi=soft -mthumb -o "Drivers/STM32F0xx_HAL_Driver/Src/stm32f0xx_hal_i2c.o"
arm-none-eabi-gcc "../Drivers/STM32F0xx_HAL_Driver/Src/stm32f0xx_hal_i2c_ex.c" -mcpu=cortex-m0 -std=gnu11 -g3 -DDEBUG -DUSE_HAL_DRIVER -DSTM32F030x8 -c -I../Core/Inc -I../Drivers/STM32F0xx_HAL_Driver/Inc -I../Drivers/STM32F0xx_HAL_Driver/Inc/Legacy -I../Drivers/CMSIS/Device/ST/STM32F0xx/Include -I../Drivers/CMSIS/Include -O0 -ffunction-sections -fdata-sections -Wall -fstack-usage -fcyclomatic-complexity -MMD -MP -MF"Drivers/STM32F0xx_HAL_Driver/Src/stm32f0xx_hal_i2c_ex.d" -MT"Drivers/STM32F0xx_HAL_Driver/Src/stm32f0xx_hal_i2c_ex.o" --specs=nano.specs -mfloat-abi=soft -mthumb -o "Drivers/STM32F0xx_HAL_Driver/Src/stm32f0xx_hal_i2c_ex.o"
arm-none-eabi-gcc "../Drivers/STM32F0xx_HAL_Driver/Src/stm32f0xx_hal_pwr.c" -mcpu=cortex-m0 -std=gnu11 -g3 -DDEBUG -DUSE_HAL_DRIVER -DSTM32F030x8 -c -I../Core/Inc -I../Drivers/STM32F0xx_HAL_Driver/Inc -I../Drivers/STM32F0xx_HAL_Driver/Inc/Legacy -I../Drivers/CMSIS/Device/ST/STM32F0xx/Include -I../Drivers/CMSIS/Include -O0 -ffunction-sections -fdata-sections -Wall -fstack-usage -fcyclomatic-complexity -MMD -MP -MF"Drivers/STM32F0xx_HAL_Driver/Src/stm32f0xx_hal_pwr.d" -MT"Drivers/STM32F0xx_HAL_Driver/Src/stm32f0xx_hal_pwr.o" --specs=nano.specs -mfloat-abi=soft -mthumb -o "Drivers/STM32F0xx_HAL_Driver/Src/stm32f0xx_hal_pwr.o"
arm-none-eabi-gcc "../Drivers/STM32F0xx_HAL_Driver/Src/stm32f0xx_hal_pwr_ex.c" -mcpu=cortex-m0 -std=gnu11 -g3 -DDEBUG -DUSE_HAL_DRIVER -DSTM32F030x8 -c -I../Core/Inc -I../Drivers/STM32F0xx_HAL_Driver/Inc -I../Drivers/STM32F0xx_HAL_Driver/Inc/Legacy -I../Drivers/CMSIS/Device/ST/STM32F0xx/Include -I../Drivers/CMSIS/Include -O0 -ffunction-sections -fdata-sections -Wall -fstack-usage -fcyclomatic-complexity -MMD -MP -MF"Drivers/STM32F0xx_HAL_Driver/Src/stm32f0xx_hal_pwr_ex.d" -MT"Drivers/STM32F0xx_HAL_Driver/Src/stm32f0xx_hal_pwr_ex.o" --specs=nano.specs -mfloat-abi=soft -mthumb -o "Drivers/STM32F0xx_HAL_Driver/Src/stm32f0xx_hal_pwr_ex.o"
arm-none-eabi-gcc "../Drivers/STM32F0xx_HAL_Driver/Src/stm32f0xx_hal_rcc.c" -mcpu=cortex-m0 -std=gnu11 -g3 -DDEBUG -DUSE_HAL_DRIVER -DSTM32F030x8 -c -I../Core/Inc -I../Drivers/STM32F0xx_HAL_Driver/Inc -I../Drivers/STM32F0xx_HAL_Driver/Inc/Legacy -I../Drivers/CMSIS/Device/ST/STM32F0xx/Include -I../Drivers/CMSIS/Include -O0 -ffunction-sections -fdata-sections -Wall -fstack-usage -fcyclomatic-complexity -MMD -MP -MF"Drivers/STM32F0xx_HAL_Driver/Src/stm32f0xx_hal_rcc.d" -MT"Drivers/STM32F0xx_HAL_Driver/Src/stm32f0xx_hal_rcc.o" --specs=nano.specs -mfloat-abi=soft -mthumb -o "Drivers/STM32F0xx_HAL_Driver/Src/stm32f0xx_hal_rcc.o"
arm-none-eabi-gcc "../Drivers/STM32F0xx_HAL_Driver/Src/stm32f0xx_hal_rcc_ex.c" -mcpu=cortex-m0 -std=gnu11 -g3 -DDEBUG -DUSE_HAL_DRIVER -DSTM32F030x8 -c -I../Core/Inc -I../Drivers/STM32F0xx_HAL_Driver/Inc -I../Drivers/STM32F0xx_HAL_Driver/Inc/Legacy -I../Drivers/CMSIS/Device/ST/STM32F0xx/Include -I../Drivers/CMSIS/Include -O0 -ffunction-sections -fdata-sections -Wall -fstack-usage -fcyclomatic-complexity -MMD -MP -MF"Drivers/STM32F0xx_HAL_Driver/Src/stm32f0xx_hal_rcc_ex.d" -MT"Drivers/STM32F0xx_HAL_Driver/Src/stm32f0xx_hal_rcc_ex.o" --specs=nano.specs -mfloat-abi=soft -mthumb -o "Drivers/STM32F0xx_HAL_Driver/Src/stm32f0xx_hal_rcc_ex.o"
arm-none-eabi-gcc "../Drivers/STM32F0xx_HAL_Driver/Src/stm32f0xx_hal_tim.c" -mcpu=cortex-m0 -std=gnu11 -g3 -DDEBUG -DUSE_HAL_DRIVER -DSTM32F030x8 -c -I../Core/Inc -I../Drivers/STM32F0xx_HAL_Driver/Inc -I../Drivers/STM32F0xx_HAL_Driver/Inc/Legacy -I../Drivers/CMSIS/Device/ST/STM32F0xx/Include -I../Drivers/CMSIS/Include -O0 -ffunction-sections -fdata-sections -Wall -fstack-usage -fcyclomatic-complexity -MMD -MP -MF"Drivers/STM32F0xx_HAL_Driver/Src/stm32f0xx_hal_tim.d" -MT"Drivers/STM32F0xx_HAL_Driver/Src/stm32f0xx_hal_tim.o" --specs=nano.specs -mfloat-abi=soft -mthumb -o "Drivers/STM32F0xx_HAL_Driver/Src/stm32f0xx_hal_tim.o"
arm-none-eabi-gcc "../Drivers/STM32F0xx_HAL_Driver/Src/stm32f0xx_hal_tim_ex.c" -mcpu=cortex-m0 -std=gnu11 -g3 -DDEBUG -DUSE_HAL_DRIVER -DSTM32F030x8 -c -I../Core/Inc -I../Drivers/STM32F0xx_HAL_Driver/Inc -I../Drivers/STM32F0xx_HAL_Driver/Inc/Legacy -I../Drivers/CMSIS/Device/ST/STM32F0xx/Include -I../Drivers/CMSIS/Include -O0 -ffunction-sections -fdata-sections -Wall -fstack-usage -fcyclomatic-complexity -MMD -MP -MF"Drivers/STM32F0xx_HAL_Driver/Src/stm32f0xx_hal_tim_ex.d" -MT"Drivers/STM32F0xx_HAL_Driver/Src/stm32f0xx_hal_tim_ex.o" --specs=nano.specs -mfloat-abi=soft -mthumb -o "Drivers/STM32F0xx_HAL_Driver/Src/stm32f0xx_hal_tim_ex.o"
arm-none-eabi-gcc "../Drivers/STM32F0xx_HAL_Driver/Src/stm32f0xx_hal_uart.c" -mcpu=cortex-m0 -std=gnu11 -g3 -DDEBUG -DUSE_HAL_DRIVER -DSTM32F030x8 -c -I../Core/Inc -I../Drivers/STM32F0xx_HAL_Driver/Inc -I../Drivers/STM32F0xx_HAL_Driver/Inc/Legacy -I../Drivers/CMSIS/Device/ST/STM32F0xx/Include -I../Drivers/CMSIS/Include -O0 -ffunction-sections -fdata-sections -Wall -fstack-usage -fcyclomatic-complexity -MMD -MP -MF"Drivers/STM32F0xx_HAL_Driver/Src/stm32f0xx_hal_uart.d" -MT"Drivers/STM32F0xx_HAL_Driver/Src/stm32f0xx_hal_uart.o" --specs=nano.specs -mfloat-abi=soft -mthumb -o "Drivers/STM32F0xx_HAL_Driver/Src/stm32f0xx_hal_uart.o"
arm-none-eabi-gcc "../Drivers/STM32F0xx_HAL_Driver/Src/stm32f0xx_hal_uart_ex.c" -mcpu=cortex-m0 -std=gnu11 -g3 -DDEBUG -DUSE_HAL_DRIVER -DSTM32F030x8 -c -I../Core/Inc -I../Drivers/STM32F0xx_HAL_Driver/Inc -I../Drivers/STM32F0xx_HAL_Driver/Inc/Legacy -I../Drivers/CMSIS/Device/ST/STM32F0xx/Include -I../Drivers/CMSIS/Include -O0 -ffunction-sections -fdata-sections -Wall -fstack-usage -fcyclomatic-complexity -MMD -MP -MF"Drivers/STM32F0xx_HAL_Driver/Src/stm32f0xx_hal_uart_ex.d" -MT"Drivers/STM32F0xx_HAL_Driver/Src/stm32f0xx_hal_uart_ex.o" --specs=nano.specs -mfloat-abi=soft -mthumb -o "Drivers/STM32F0xx_HAL_Driver/Src/stm32f0xx_hal_uart_ex.o"
arm-none-eabi-gcc -mcpu=cortex-m0 -g3 -DDEBUG -c -x assembler-with-cpp -MMD -MP -MF"Core/Startup/startup_stm32f030r8tx.d" -MT"Core/Startup/startup_stm32f030r8tx.o" --specs=nano.specs -mfloat-abi=soft -mthumb -o "Core/Startup/startup_stm32f030r8tx.o" "../Core/Startup/startup_stm32f030r8tx.s"
arm-none-eabi-gcc "../Core/Src/main.c" -mcpu=cortex-m0 -std=gnu11 -g3 -DDEBUG -DUSE_HAL_DRIVER -DSTM32F030x8 -c -I../Core/Inc -I../Drivers/STM32F0xx_HAL_Driver/Inc -I../Drivers/STM32F0xx_HAL_Driver/Inc/Legacy -I../Drivers/CMSIS/Device/ST/STM32F0xx/Include -I../Drivers/CMSIS/Include -O0 -ffunction-sections -fdata-sections -Wall -fstack-usage -fcyclomatic-complexity -MMD -MP -MF"Core/Src/main.d" -MT"Core/Src/main.o" --specs=nano.specs -mfloat-abi=soft -mthumb -o "Core/Src/main.o"
arm-none-eabi-gcc "../Core/Src/stm32f0xx_hal_msp.c" -mcpu=cortex-m0 -std=gnu11 -g3 -DDEBUG -DUSE_HAL_DRIVER -DSTM32F030x8 -c -I../Core/Inc -I../Drivers/STM32F0xx_HAL_Driver/Inc -I../Drivers/STM32F0xx_HAL_Driver/Inc/Legacy -I../Drivers/CMSIS/Device/ST/STM32F0xx/Include -I../Drivers/CMSIS/Include -O0 -ffunction-sections -fdata-sections -Wall -fstack-usage -fcyclomatic-complexity -MMD -MP -MF"Core/Src/stm32f0xx_hal_msp.d" -MT"Core/Src/stm32f0xx_hal_msp.o" --specs=nano.specs -mfloat-abi=soft -mthumb -o "Core/Src/stm32f0xx_hal_msp.o"
arm-none-eabi-gcc "../Core/Src/stm32f0xx_it.c" -mcpu=cortex-m0 -std=gnu11 -g3 -DDEBUG -DUSE_HAL_DRIVER -DSTM32F030x8 -c -I../Core/Inc -I../Drivers/STM32F0xx_HAL_Driver/Inc -I../Drivers/STM32F0xx_HAL_Driver/Inc/Legacy -I../Drivers/CMSIS/Device/ST/STM32F0xx/Include -I../Drivers/CMSIS/Include -O0 -ffunction-sections -fdata-sections -Wall -fstack-usage -fcyclomatic-complexity -MMD -MP -MF"Core/Src/stm32f0xx_it.d" -MT"Core/Src/stm32f0xx_it.o" --specs=nano.specs -mfloat-abi=soft -mthumb -o "Core/Src/stm32f0xx_it.o"
arm-none-eabi-gcc "../Core/Src/syscalls.c" -mcpu=cortex-m0 -std=gnu11 -g3 -DDEBUG -DUSE_HAL_DRIVER -DSTM32F030x8 -c -I../Core/Inc -I../Drivers/STM32F0xx_HAL_Driver/Inc -I../Drivers/STM32F0xx_HAL_Driver/Inc/Legacy -I../Drivers/CMSIS/Device/ST/STM32F0xx/Include -I../Drivers/CMSIS/Include -O0 -ffunction-sections -fdata-sections -Wall -fstack-usage -fcyclomatic-complexity -MMD -MP -MF"Core/Src/syscalls.d" -MT"Core/Src/syscalls.o" --specs=nano.specs -mfloat-abi=soft -mthumb -o "Core/Src/syscalls.o"
arm-none-eabi-gcc "../Core/Src/sysmem.c" -mcpu=cortex-m0 -std=gnu11 -g3 -DDEBUG -DUSE_HAL_DRIVER -DSTM32F030x8 -c -I../Core/Inc -I../Drivers/STM32F0xx_HAL_Driver/Inc -I../Drivers/STM32F0xx_HAL_Driver/Inc/Legacy -I../Drivers/CMSIS/Device/ST/STM32F0xx/Include -I../Drivers/CMSIS/Include -O0 -ffunction-sections -fdata-sections -Wall -fstack-usage -fcyclomatic-complexity -MMD -MP -MF"Core/Src/sysmem.d" -MT"Core/Src/sysmem.o" --specs=nano.specs -mfloat-abi=soft -mthumb -o "Core/Src/sysmem.o"
arm-none-eabi-gcc "../Core/Src/system_stm32f0xx.c" -mcpu=cortex-m0 -std=gnu11 -g3 -DDEBUG -DUSE_HAL_DRIVER -DSTM32F030x8 -c -I../Core/Inc -I../Drivers/STM32F0xx_HAL_Driver/Inc -I../Drivers/STM32F0xx_HAL_Driver/Inc/Legacy -I../Drivers/CMSIS/Device/ST/STM32F0xx/Include -I../Drivers/CMSIS/Include -O0 -ffunction-sections -fdata-sections -Wall -fstack-usage -fcyclomatic-complexity -MMD -MP -MF"Core/Src/system_stm32f0xx.d" -MT"Core/Src/system_stm32f0xx.o" --specs=nano.specs -mfloat-abi=soft -mthumb -o "Core/Src/system_stm32f0xx.o"
arm-none-eabi-gcc -o "cv5.elf" @"objects.list"   -mcpu=cortex-m0 -T"C:\Temp\230345\MKS\cv5\cv5\STM32F030R8TX_FLASH.ld" --specs=nosys.specs -Wl,-Map="cv5.map" -Wl,--gc-sections -static --specs=nano.specs -mfloat-abi=soft -mthumb -Wl,--start-group -lc -lm -Wl,--end-group
Finished building target: cv5.elf
 
arm-none-eabi-size   cv5.elf 
arm-none-eabi-objdump -h -S  cv5.elf  > "cv5.list"
   text	   data	    bss	    dec	    hex	filename
   7704	     20	   1700	   9424	   24d0	cv5.elf
Finished building: default.size.stdout
 
Finished building: cv5.list
 
09:57:08 **** Incremental Build of configuration Debug for project cv5 ****
make -j4 all 
arm-none-eabi-size   cv5.elf 
   text	   data	    bss	    dec	    hex	filename
   7704	     20	   1700	   9424	   24d0	cv5.elf
Finished building: default.size.stdout
 
10:01:05 **** Incremental Build of configuration Debug for project cv5 ****
make -j4 all 
arm-none-eabi-gcc "../Core/Src/main.c" -mcpu=cortex-m0 -std=gnu11 -g3 -DDEBUG -DUSE_HAL_DRIVER -DSTM32F030x8 -c -I../Core/Inc -I../Drivers/STM32F0xx_HAL_Driver/Inc -I../Drivers/STM32F0xx_HAL_Driver/Inc/Legacy -I../Drivers/CMSIS/Device/ST/STM32F0xx/Include -I../Drivers/CMSIS/Include -O0 -ffunction-sections -fdata-sections -Wall -fstack-usage -fcyclomatic-complexity -MMD -MP -MF"Core/Src/main.d" -MT"Core/Src/main.o" --specs=nano.specs -mfloat-abi=soft -mthumb -o "Core/Src/main.o"
arm-none-eabi-gcc "../Core/Src/stm32f0xx_hal_msp.c" -mcpu=cortex-m0 -std=gnu11 -g3 -DDEBUG -DUSE_HAL_DRIVER -DSTM32F030x8 -c -I../Core/Inc -I../Drivers/STM32F0xx_HAL_Driver/Inc -I../Drivers/STM32F0xx_HAL_Driver/Inc/Legacy -I../Drivers/CMSIS/Device/ST/STM32F0xx/Include -I../Drivers/CMSIS/Include -O0 -ffunction-sections -fdata-sections -Wall -fstack-usage -fcyclomatic-complexity -MMD -MP -MF"Core/Src/stm32f0xx_hal_msp.d" -MT"Core/Src/stm32f0xx_hal_msp.o" --specs=nano.specs -mfloat-abi=soft -mthumb -o "Core/Src/stm32f0xx_hal_msp.o"
arm-none-eabi-gcc "../Core/Src/stm32f0xx_it.c" -mcpu=cortex-m0 -std=gnu11 -g3 -DDEBUG -DUSE_HAL_DRIVER -DSTM32F030x8 -c -I../Core/Inc -I../Drivers/STM32F0xx_HAL_Driver/Inc -I../Drivers/STM32F0xx_HAL_Driver/Inc/Legacy -I../Drivers/CMSIS/Device/ST/STM32F0xx/Include -I../Drivers/CMSIS/Include -O0 -ffunction-sections -fdata-sections -Wall -fstack-usage -fcyclomatic-complexity -MMD -MP -MF"Core/Src/stm32f0xx_it.d" -MT"Core/Src/stm32f0xx_it.o" --specs=nano.specs -mfloat-abi=soft -mthumb -o "Core/Src/stm32f0xx_it.o"
arm-none-eabi-gcc -o "cv5.elf" @"objects.list"   -mcpu=cortex-m0 -T"C:\Temp\230345\MKS\cv5\cv5\STM32F030R8TX_FLASH.ld" --specs=nosys.specs -Wl,-Map="cv5.map" -Wl,--gc-sections -static --specs=nano.specs -mfloat-abi=soft -mthumb -Wl,--start-group -lc -lm -Wl,--end-group
Finished building target: cv5.elf
 
arm-none-eabi-size   cv5.elf 
arm-none-eabi-objdump -h -S  cv5.elf  > "cv5.list"
   text	   data	    bss	    dec	    hex	filename
   8532	     20	   1772	  10324	   2854	cv5.elf
Finished building: default.size.stdout
 
Finished building: cv5.list
 
10:13:46 **** Incremental Build of configuration Debug for project cv5 ****
make -j4 all 
arm-none-eabi-gcc "../Core/Src/main.c" -mcpu=cortex-m0 -std=gnu11 -g3 -DDEBUG -DUSE_HAL_DRIVER -DSTM32F030x8 -c -I../Core/Inc -I../Drivers/STM32F0xx_HAL_Driver/Inc -I../Drivers/STM32F0xx_HAL_Driver/Inc/Legacy -I../Drivers/CMSIS/Device/ST/STM32F0xx/Include -I../Drivers/CMSIS/Include -O0 -ffunction-sections -fdata-sections -Wall -fstack-usage -fcyclomatic-complexity -MMD -MP -MF"Core/Src/main.d" -MT"Core/Src/main.o" --specs=nano.specs -mfloat-abi=soft -mthumb -o "Core/Src/main.o"
../Core/Src/main.c: In function 'uart_byte_available':
../Core/Src/main.c:64:26: error: 'CMD_BUFFER_LEN' undeclared (first use in this function); did you mean 'RX_BUFFER_LEN'?
   64 |         static char data[CMD_BUFFER_LEN];
      |                          ^~~~~~~~~~~~~~
      |                          RX_BUFFER_LEN
../Core/Src/main.c:64:26: note: each undeclared identifier is reported only once for each function it appears in
../Core/Src/main.c:68:17: warning: implicit declaration of function 'uart_process_command' [-Wimplicit-function-declaration]
   68 |                 uart_process_command(data);
      |                 ^~~~~~~~~~~~~~~~~~~~
../Core/Src/main.c:64:21: warning: unused variable 'data' [-Wunused-variable]
   64 |         static char data[CMD_BUFFER_LEN];
      |                     ^~~~
../Core/Src/main.c: In function 'main':
../Core/Src/main.c:37:44: error: 'hdma_usart2_rx' undeclared (first use in this function); did you mean 'hdma_usart2_tx'?
   37 | #define uart_rx_write_ptr (RX_BUFFER_LEN - hdma_usart2_rx.Instance->CNDTR)
      |                                            ^~~~~~~~~~~~~~
../Core/Src/main.c:119:38: note: in expansion of macro 'uart_rx_write_ptr'
  119 |           while (uart_rx_read_ptr != uart_rx_write_ptr) {
      |                                      ^~~~~~~~~~~~~~~~~
make: *** [Core/Src/subdir.mk:34: Core/Src/main.o] Error 1
"make -j4 all" terminated with exit code 2. Build might be incomplete.
10:14:59 **** Incremental Build of configuration Debug for project cv5 ****
make -j4 all 
arm-none-eabi-gcc "../Core/Src/main.c" -mcpu=cortex-m0 -std=gnu11 -g3 -DDEBUG -DUSE_HAL_DRIVER -DSTM32F030x8 -c -I../Core/Inc -I../Drivers/STM32F0xx_HAL_Driver/Inc -I../Drivers/STM32F0xx_HAL_Driver/Inc/Legacy -I../Drivers/CMSIS/Device/ST/STM32F0xx/Include -I../Drivers/CMSIS/Include -O0 -ffunction-sections -fdata-sections -Wall -fstack-usage -fcyclomatic-complexity -MMD -MP -MF"Core/Src/main.d" -MT"Core/Src/main.o" --specs=nano.specs -mfloat-abi=soft -mthumb -o "Core/Src/main.o"
../Core/Src/main.c: In function 'uart_byte_available':
../Core/Src/main.c:69:17: warning: implicit declaration of function 'uart_process_command' [-Wimplicit-function-declaration]
   69 |                 uart_process_command(data);
      |                 ^~~~~~~~~~~~~~~~~~~~
../Core/Src/main.c: In function 'main':
../Core/Src/main.c:38:44: error: 'hdma_usart2_rx' undeclared (first use in this function); did you mean 'hdma_usart2_tx'?
   38 | #define uart_rx_write_ptr (RX_BUFFER_LEN - hdma_usart2_rx.Instance->CNDTR)
      |                                            ^~~~~~~~~~~~~~
../Core/Src/main.c:120:38: note: in expansion of macro 'uart_rx_write_ptr'
  120 |           while (uart_rx_read_ptr != uart_rx_write_ptr) {
      |                                      ^~~~~~~~~~~~~~~~~
../Core/Src/main.c:38:44: note: each undeclared identifier is reported only once for each function it appears in
   38 | #define uart_rx_write_ptr (RX_BUFFER_LEN - hdma_usart2_rx.Instance->CNDTR)
      |                                            ^~~~~~~~~~~~~~
../Core/Src/main.c:120:38: note: in expansion of macro 'uart_rx_write_ptr'
  120 |           while (uart_rx_read_ptr != uart_rx_write_ptr) {
      |                                      ^~~~~~~~~~~~~~~~~
make: *** [Core/Src/subdir.mk:34: Core/Src/main.o] Error 1
"make -j4 all" terminated with exit code 2. Build might be incomplete.
10:24:57 **** Incremental Build of configuration Debug for project cv5 ****
make -j4 all 
arm-none-eabi-gcc "../Core/Src/main.c" -mcpu=cortex-m0 -std=gnu11 -g3 -DDEBUG -DUSE_HAL_DRIVER -DSTM32F030x8 -c -I../Core/Inc -I../Drivers/STM32F0xx_HAL_Driver/Inc -I../Drivers/STM32F0xx_HAL_Driver/Inc/Legacy -I../Drivers/CMSIS/Device/ST/STM32F0xx/Include -I../Drivers/CMSIS/Include -O0 -ffunction-sections -fdata-sections -Wall -fstack-usage -fcyclomatic-complexity -MMD -MP -MF"Core/Src/main.d" -MT"Core/Src/main.o" --specs=nano.specs -mfloat-abi=soft -mthumb -o "Core/Src/main.o"
In file included from ../Core/Src/main.c:21:
../Core/Inc/studio.h: In function '_write':
../Core/Inc/studio.h:16:29: error: 'huart2' undeclared (first use in this function)
   16 |          HAL_UART_Transmit(&huart2, (uint8_t*)(buf), n, HAL_MAX_DELAY);
      |                             ^~~~~~
../Core/Inc/studio.h:16:29: note: each undeclared identifier is reported only once for each function it appears in
../Core/Src/main.c: In function 'uart_byte_available':
../Core/Src/main.c:70:17: warning: implicit declaration of function 'uart_process_command' [-Wimplicit-function-declaration]
   70 |                 uart_process_command(data);
      |                 ^~~~~~~~~~~~~~~~~~~~
../Core/Src/main.c: At top level:
../Core/Src/main.c:75:13: warning: conflicting types for 'uart_process_command'; have 'void()'
   75 | static void uart_process_command()
      |             ^~~~~~~~~~~~~~~~~~~~
../Core/Src/main.c:75:13: error: static declaration of 'uart_process_command' follows non-static declaration
../Core/Src/main.c:70:17: note: previous implicit declaration of 'uart_process_command' with type 'void()'
   70 |                 uart_process_command(data);
      |                 ^~~~~~~~~~~~~~~~~~~~
../Core/Src/main.c: In function 'uart_process_command':
../Core/Src/main.c:77:9: warning: implicit declaration of function 'printf' [-Wimplicit-function-declaration]
   77 |         printf("prijato: '%s'\n", cmd);
      |         ^~~~~~
../Core/Src/main.c:22:1: note: include '<stdio.h>' or provide a declaration of 'printf'
   21 | #include "studio.h"
  +++ |+#include <stdio.h>
   22 | 
../Core/Src/main.c:77:9: warning: incompatible implicit declaration of built-in function 'printf' [-Wbuiltin-declaration-mismatch]
   77 |         printf("prijato: '%s'\n", cmd);
      |         ^~~~~~
../Core/Src/main.c:77:9: note: include '<stdio.h>' or provide a declaration of 'printf'
../Core/Src/main.c:77:35: error: 'cmd' undeclared (first use in this function)
   77 |         printf("prijato: '%s'\n", cmd);
      |                                   ^~~
../Core/Src/main.c: In function 'main':
../Core/Src/main.c:39:44: error: 'hdma_usart2_rx' undeclared (first use in this function); did you mean 'hdma_usart2_tx'?
   39 | #define uart_rx_write_ptr (RX_BUFFER_LEN - hdma_usart2_rx.Instance->CNDTR)
      |                                            ^~~~~~~~~~~~~~
../Core/Src/main.c:126:38: note: in expansion of macro 'uart_rx_write_ptr'
  126 |           while (uart_rx_read_ptr != uart_rx_write_ptr) {
      |                                      ^~~~~~~~~~~~~~~~~
At top level:
../Core/Src/main.c:75:13: warning: 'uart_process_command' defined but not used [-Wunused-function]
   75 | static void uart_process_command()
      |             ^~~~~~~~~~~~~~~~~~~~
In file included from ../Core/Src/main.c:21:
../Core/Inc/studio.h:11:14: warning: '_write' defined but not used [-Wunused-function]
   11 | static void  _write()
      |              ^~~~~~
../Core/Inc/studio.h:13:13: warning: '_write' defined but not used [-Wunused-function]
   13 |         int _write(int file, char const *buf, int n)
      |             ^~~~~~
make: *** [Core/Src/subdir.mk:34: Core/Src/main.o] Error 1
"make -j4 all" terminated with exit code 2. Build might be incomplete.
10:25:26 **** Incremental Build of configuration Debug for project cv5 ****
make -j4 all 
arm-none-eabi-gcc "../Core/Src/main.c" -mcpu=cortex-m0 -std=gnu11 -g3 -DDEBUG -DUSE_HAL_DRIVER -DSTM32F030x8 -c -I../Core/Inc -I../Drivers/STM32F0xx_HAL_Driver/Inc -I../Drivers/STM32F0xx_HAL_Driver/Inc/Legacy -I../Drivers/CMSIS/Device/ST/STM32F0xx/Include -I../Drivers/CMSIS/Include -O0 -ffunction-sections -fdata-sections -Wall -fstack-usage -fcyclomatic-complexity -MMD -MP -MF"Core/Src/main.d" -MT"Core/Src/main.o" --specs=nano.specs -mfloat-abi=soft -mthumb -o "Core/Src/main.o"
In file included from ../Core/Src/main.c:21:
../Core/Inc/studio.h: In function '_write':
../Core/Inc/studio.h:16:29: error: 'huart2' undeclared (first use in this function)
   16 |          HAL_UART_Transmit(&huart2, (uint8_t*)(buf), n, HAL_MAX_DELAY);
      |                             ^~~~~~
../Core/Inc/studio.h:16:29: note: each undeclared identifier is reported only once for each function it appears in
../Core/Src/main.c: In function 'uart_byte_available':
../Core/Src/main.c:70:17: warning: implicit declaration of function 'uart_process_command' [-Wimplicit-function-declaration]
   70 |                 uart_process_command(data);
      |                 ^~~~~~~~~~~~~~~~~~~~
../Core/Src/main.c: At top level:
../Core/Src/main.c:75:6: warning: conflicting types for 'uart_process_command'; have 'void()'
   75 | void uart_process_command()
      |      ^~~~~~~~~~~~~~~~~~~~
../Core/Src/main.c:70:17: note: previous implicit declaration of 'uart_process_command' with type 'void()'
   70 |                 uart_process_command(data);
      |                 ^~~~~~~~~~~~~~~~~~~~
../Core/Src/main.c: In function 'uart_process_command':
../Core/Src/main.c:77:9: warning: implicit declaration of function 'printf' [-Wimplicit-function-declaration]
   77 |         printf("prijato: '%s'\n", cmd);
      |         ^~~~~~
../Core/Src/main.c:22:1: note: include '<stdio.h>' or provide a declaration of 'printf'
   21 | #include "studio.h"
  +++ |+#include <stdio.h>
   22 | 
../Core/Src/main.c:77:9: warning: incompatible implicit declaration of built-in function 'printf' [-Wbuiltin-declaration-mismatch]
   77 |         printf("prijato: '%s'\n", cmd);
      |         ^~~~~~
../Core/Src/main.c:77:9: note: include '<stdio.h>' or provide a declaration of 'printf'
../Core/Src/main.c:77:35: error: 'cmd' undeclared (first use in this function)
   77 |         printf("prijato: '%s'\n", cmd);
      |                                   ^~~
../Core/Src/main.c: In function 'main':
../Core/Src/main.c:39:44: error: 'hdma_usart2_rx' undeclared (first use in this function); did you mean 'hdma_usart2_tx'?
   39 | #define uart_rx_write_ptr (RX_BUFFER_LEN - hdma_usart2_rx.Instance->CNDTR)
      |                                            ^~~~~~~~~~~~~~
../Core/Src/main.c:126:38: note: in expansion of macro 'uart_rx_write_ptr'
  126 |           while (uart_rx_read_ptr != uart_rx_write_ptr) {
      |                                      ^~~~~~~~~~~~~~~~~
In file included from ../Core/Src/main.c:21:
At top level:
../Core/Inc/studio.h:11:14: warning: '_write' defined but not used [-Wunused-function]
   11 | static void  _write()
      |              ^~~~~~
../Core/Inc/studio.h:13:13: warning: '_write' defined but not used [-Wunused-function]
   13 |         int _write(int file, char const *buf, int n)
      |             ^~~~~~
make: *** [Core/Src/subdir.mk:34: Core/Src/main.o] Error 1
"make -j4 all" terminated with exit code 2. Build might be incomplete.
10:27:52 **** Incremental Build of configuration Debug for project cv5 ****
make -j4 all 
arm-none-eabi-gcc "../Core/Src/main.c" -mcpu=cortex-m0 -std=gnu11 -g3 -DDEBUG -DUSE_HAL_DRIVER -DSTM32F030x8 -c -I../Core/Inc -I../Drivers/STM32F0xx_HAL_Driver/Inc -I../Drivers/STM32F0xx_HAL_Driver/Inc/Legacy -I../Drivers/CMSIS/Device/ST/STM32F0xx/Include -I../Drivers/CMSIS/Include -O0 -ffunction-sections -fdata-sections -Wall -fstack-usage -fcyclomatic-complexity -MMD -MP -MF"Core/Src/main.d" -MT"Core/Src/main.o" --specs=nano.specs -mfloat-abi=soft -mthumb -o "Core/Src/main.o"
../Core/Src/main.c: In function 'uart_byte_available':
../Core/Src/main.c:70:17: warning: implicit declaration of function 'uart_process_command' [-Wimplicit-function-declaration]
   70 |                 uart_process_command(data);
      |                 ^~~~~~~~~~~~~~~~~~~~
../Core/Src/main.c: At top level:
../Core/Src/main.c:75:6: warning: conflicting types for 'uart_process_command'; have 'void()'
   75 | void uart_process_command(cmd)
      |      ^~~~~~~~~~~~~~~~~~~~
../Core/Src/main.c:70:17: note: previous implicit declaration of 'uart_process_command' with type 'void()'
   70 |                 uart_process_command(data);
      |                 ^~~~~~~~~~~~~~~~~~~~
../Core/Src/main.c: In function 'uart_process_command':
../Core/Src/main.c:75:6: warning: type of 'cmd' defaults to 'int' [-Wimplicit-int]
   75 | void uart_process_command(cmd)
      |      ^~~~~~~~~~~~~~~~~~~~
../Core/Src/main.c:77:28: warning: format '%s' expects argument of type 'char *', but argument 2 has type 'int' [-Wformat=]
   77 |         printf("prijato: '%s'\n", cmd);
      |                           ~^      ~~~
      |                            |      |
      |                            char * int
      |                           %d
../Core/Src/main.c: In function 'main':
../Core/Src/main.c:39:44: error: 'hdma_usart2_rx' undeclared (first use in this function); did you mean 'hdma_usart2_tx'?
   39 | #define uart_rx_write_ptr (RX_BUFFER_LEN - hdma_usart2_rx.Instance->CNDTR)
      |                                            ^~~~~~~~~~~~~~
../Core/Src/main.c:126:38: note: in expansion of macro 'uart_rx_write_ptr'
  126 |           while (uart_rx_read_ptr != uart_rx_write_ptr) {
      |                                      ^~~~~~~~~~~~~~~~~
../Core/Src/main.c:39:44: note: each undeclared identifier is reported only once for each function it appears in
   39 | #define uart_rx_write_ptr (RX_BUFFER_LEN - hdma_usart2_rx.Instance->CNDTR)
      |                                            ^~~~~~~~~~~~~~
../Core/Src/main.c:126:38: note: in expansion of macro 'uart_rx_write_ptr'
  126 |           while (uart_rx_read_ptr != uart_rx_write_ptr) {
      |                                      ^~~~~~~~~~~~~~~~~
make: *** [Core/Src/subdir.mk:34: Core/Src/main.o] Error 1
"make -j4 all" terminated with exit code 2. Build might be incomplete.
10:29:35 **** Incremental Build of configuration Debug for project cv5 ****
make -j4 all 
arm-none-eabi-gcc "../Core/Src/main.c" -mcpu=cortex-m0 -std=gnu11 -g3 -DDEBUG -DUSE_HAL_DRIVER -DSTM32F030x8 -c -I../Core/Inc -I../Drivers/STM32F0xx_HAL_Driver/Inc -I../Drivers/STM32F0xx_HAL_Driver/Inc/Legacy -I../Drivers/CMSIS/Device/ST/STM32F0xx/Include -I../Drivers/CMSIS/Include -O0 -ffunction-sections -fdata-sections -Wall -fstack-usage -fcyclomatic-complexity -MMD -MP -MF"Core/Src/main.d" -MT"Core/Src/main.o" --specs=nano.specs -mfloat-abi=soft -mthumb -o "Core/Src/main.o"
../Core/Src/main.c: In function 'uart_byte_available':
../Core/Src/main.c:70:17: warning: implicit declaration of function 'uart_process_command' [-Wimplicit-function-declaration]
   70 |                 uart_process_command(data);
      |                 ^~~~~~~~~~~~~~~~~~~~
../Core/Src/main.c: At top level:
../Core/Src/main.c:75:6: warning: conflicting types for 'uart_process_command'; have 'void()'
   75 | void uart_process_command(data)
      |      ^~~~~~~~~~~~~~~~~~~~
../Core/Src/main.c:70:17: note: previous implicit declaration of 'uart_process_command' with type 'void()'
   70 |                 uart_process_command(data);
      |                 ^~~~~~~~~~~~~~~~~~~~
../Core/Src/main.c: In function 'uart_process_command':
../Core/Src/main.c:75:6: warning: type of 'data' defaults to 'int' [-Wimplicit-int]
   75 | void uart_process_command(data)
      |      ^~~~~~~~~~~~~~~~~~~~
../Core/Src/main.c:77:28: warning: format '%s' expects argument of type 'char *', but argument 2 has type 'int' [-Wformat=]
   77 |         printf("prijato: '%s'\n", data);
      |                           ~^      ~~~~
      |                            |      |
      |                            char * int
      |                           %d
../Core/Src/main.c: In function 'main':
../Core/Src/main.c:39:44: error: 'hdma_usart2_rx' undeclared (first use in this function); did you mean 'hdma_usart2_tx'?
   39 | #define uart_rx_write_ptr (RX_BUFFER_LEN - hdma_usart2_rx.Instance->CNDTR)
      |                                            ^~~~~~~~~~~~~~
../Core/Src/main.c:126:38: note: in expansion of macro 'uart_rx_write_ptr'
  126 |           while (uart_rx_read_ptr != uart_rx_write_ptr) {
      |                                      ^~~~~~~~~~~~~~~~~
../Core/Src/main.c:39:44: note: each undeclared identifier is reported only once for each function it appears in
   39 | #define uart_rx_write_ptr (RX_BUFFER_LEN - hdma_usart2_rx.Instance->CNDTR)
      |                                            ^~~~~~~~~~~~~~
../Core/Src/main.c:126:38: note: in expansion of macro 'uart_rx_write_ptr'
  126 |           while (uart_rx_read_ptr != uart_rx_write_ptr) {
      |                                      ^~~~~~~~~~~~~~~~~
make: *** [Core/Src/subdir.mk:34: Core/Src/main.o] Error 1
"make -j4 all" terminated with exit code 2. Build might be incomplete.
10:29:54 **** Incremental Build of configuration Debug for project cv5 ****
make -j4 all 
arm-none-eabi-gcc "../Core/Src/main.c" -mcpu=cortex-m0 -std=gnu11 -g3 -DDEBUG -DUSE_HAL_DRIVER -DSTM32F030x8 -c -I../Core/Inc -I../Drivers/STM32F0xx_HAL_Driver/Inc -I../Drivers/STM32F0xx_HAL_Driver/Inc/Legacy -I../Drivers/CMSIS/Device/ST/STM32F0xx/Include -I../Drivers/CMSIS/Include -O0 -ffunction-sections -fdata-sections -Wall -fstack-usage -fcyclomatic-complexity -MMD -MP -MF"Core/Src/main.d" -MT"Core/Src/main.o" --specs=nano.specs -mfloat-abi=soft -mthumb -o "Core/Src/main.o"
../Core/Src/main.c: In function 'uart_byte_available':
../Core/Src/main.c:70:17: warning: implicit declaration of function 'uart_process_command' [-Wimplicit-function-declaration]
   70 |                 uart_process_command(data);
      |                 ^~~~~~~~~~~~~~~~~~~~
../Core/Src/main.c: At top level:
../Core/Src/main.c:75:6: warning: conflicting types for 'uart_process_command'; have 'void()'
   75 | void uart_process_command(cmd)
      |      ^~~~~~~~~~~~~~~~~~~~
../Core/Src/main.c:70:17: note: previous implicit declaration of 'uart_process_command' with type 'void()'
   70 |                 uart_process_command(data);
      |                 ^~~~~~~~~~~~~~~~~~~~
../Core/Src/main.c: In function 'uart_process_command':
../Core/Src/main.c:75:6: warning: type of 'cmd' defaults to 'int' [-Wimplicit-int]
   75 | void uart_process_command(cmd)
      |      ^~~~~~~~~~~~~~~~~~~~
../Core/Src/main.c:77:21: error: 'cmd' redeclared as different kind of symbol
   77 |         static char cmd;
      |                     ^~~
../Core/Src/main.c:75:6: note: previous definition of 'cmd' with type 'int'
   75 | void uart_process_command(cmd)
      |      ^~~~~~~~~~~~~~~~~~~~
../Core/Src/main.c:78:28: warning: format '%s' expects argument of type 'char *', but argument 2 has type 'int' [-Wformat=]
   78 |         printf("prijato: '%s'\n", cmd);
      |                           ~^      ~~~
      |                            |      |
      |                            char * int
      |                           %d
../Core/Src/main.c: In function 'main':
../Core/Src/main.c:39:44: error: 'hdma_usart2_rx' undeclared (first use in this function); did you mean 'hdma_usart2_tx'?
   39 | #define uart_rx_write_ptr (RX_BUFFER_LEN - hdma_usart2_rx.Instance->CNDTR)
      |                                            ^~~~~~~~~~~~~~
../Core/Src/main.c:127:38: note: in expansion of macro 'uart_rx_write_ptr'
  127 |           while (uart_rx_read_ptr != uart_rx_write_ptr) {
      |                                      ^~~~~~~~~~~~~~~~~
../Core/Src/main.c:39:44: note: each undeclared identifier is reported only once for each function it appears in
   39 | #define uart_rx_write_ptr (RX_BUFFER_LEN - hdma_usart2_rx.Instance->CNDTR)
      |                                            ^~~~~~~~~~~~~~
../Core/Src/main.c:127:38: note: in expansion of macro 'uart_rx_write_ptr'
  127 |           while (uart_rx_read_ptr != uart_rx_write_ptr) {
      |                                      ^~~~~~~~~~~~~~~~~
make: *** [Core/Src/subdir.mk:34: Core/Src/main.o] Error 1
"make -j4 all" terminated with exit code 2. Build might be incomplete.
10:30:58 **** Incremental Build of configuration Debug for project cv5 ****
make -j4 all 
arm-none-eabi-gcc "../Core/Src/main.c" -mcpu=cortex-m0 -std=gnu11 -g3 -DDEBUG -DUSE_HAL_DRIVER -DSTM32F030x8 -c -I../Core/Inc -I../Drivers/STM32F0xx_HAL_Driver/Inc -I../Drivers/STM32F0xx_HAL_Driver/Inc/Legacy -I../Drivers/CMSIS/Device/ST/STM32F0xx/Include -I../Drivers/CMSIS/Include -O0 -ffunction-sections -fdata-sections -Wall -fstack-usage -fcyclomatic-complexity -MMD -MP -MF"Core/Src/main.d" -MT"Core/Src/main.o" --specs=nano.specs -mfloat-abi=soft -mthumb -o "Core/Src/main.o"
../Core/Src/main.c: In function 'uart_byte_available':
../Core/Src/main.c:70:17: warning: implicit declaration of function 'uart_process_command' [-Wimplicit-function-declaration]
   70 |                 uart_process_command(data);
      |                 ^~~~~~~~~~~~~~~~~~~~
../Core/Src/main.c: At top level:
../Core/Src/main.c:75:6: warning: conflicting types for 'uart_process_command'; have 'void()'
   75 | void uart_process_command(cmd)
      |      ^~~~~~~~~~~~~~~~~~~~
../Core/Src/main.c:70:17: note: previous implicit declaration of 'uart_process_command' with type 'void()'
   70 |                 uart_process_command(data);
      |                 ^~~~~~~~~~~~~~~~~~~~
../Core/Src/main.c: In function 'uart_process_command':
../Core/Src/main.c:75:6: warning: type of 'cmd' defaults to 'int' [-Wimplicit-int]
   75 | void uart_process_command(cmd)
      |      ^~~~~~~~~~~~~~~~~~~~
../Core/Src/main.c:77:28: warning: format '%s' expects argument of type 'char *', but argument 2 has type 'int' [-Wformat=]
   77 |         printf("prijato: '%s'\n", cmd);
      |                           ~^      ~~~
      |                            |      |
      |                            char * int
      |                           %d
arm-none-eabi-gcc -o "cv5.elf" @"objects.list"   -mcpu=cortex-m0 -T"C:\Temp\230345\MKS\cv5\cv5\STM32F030R8TX_FLASH.ld" --specs=nosys.specs -Wl,-Map="cv5.map" -Wl,--gc-sections -static --specs=nano.specs -mfloat-abi=soft -mthumb -Wl,--start-group -lc -lm -Wl,--end-group
C:/appz/ST/STM32CubeIDE_1.10.1/STM32CubeIDE/plugins/com.st.stm32cube.ide.mcu.externaltools.gnu-tools-for-stm32.11.3.rel1.win32_1.1.0.202305231506/tools/bin/../lib/gcc/arm-none-eabi/11.3.1/../../../../arm-none-eabi/bin/ld.exe: ./Core/Src/stm32f0xx_hal_msp.o: in function `HAL_UART_MspInit':
C:/Temp/230345/MKS/cv5/cv5/Debug/../Core/Src/stm32f0xx_hal_msp.c:139: undefined reference to `hdma_usart2_tx'
C:/appz/ST/STM32CubeIDE_1.10.1/STM32CubeIDE/plugins/com.st.stm32cube.ide.mcu.externaltools.gnu-tools-for-stm32.11.3.rel1.win32_1.1.0.202305231506/tools/bin/../lib/gcc/arm-none-eabi/11.3.1/../../../../arm-none-eabi/bin/ld.exe: ./Core/Src/stm32f0xx_it.o: in function `DMA1_Channel4_5_IRQHandler':
C:/Temp/230345/MKS/cv5/cv5/Debug/../Core/Src/stm32f0xx_it.c:155: undefined reference to `hdma_usart2_tx'
collect2.exe: error: ld returned 1 exit status
make: *** [makefile:64: cv5.elf] Error 1
"make -j4 all" terminated with exit code 2. Build might be incomplete.
10:31:36 **** Incremental Build of configuration Debug for project cv5 ****
make -j4 all 
arm-none-eabi-gcc "../Core/Src/main.c" -mcpu=cortex-m0 -std=gnu11 -g3 -DDEBUG -DUSE_HAL_DRIVER -DSTM32F030x8 -c -I../Core/Inc -I../Drivers/STM32F0xx_HAL_Driver/Inc -I../Drivers/STM32F0xx_HAL_Driver/Inc/Legacy -I../Drivers/CMSIS/Device/ST/STM32F0xx/Include -I../Drivers/CMSIS/Include -O0 -ffunction-sections -fdata-sections -Wall -fstack-usage -fcyclomatic-complexity -MMD -MP -MF"Core/Src/main.d" -MT"Core/Src/main.o" --specs=nano.specs -mfloat-abi=soft -mthumb -o "Core/Src/main.o"
../Core/Src/main.c: In function 'uart_byte_available':
../Core/Src/main.c:70:17: warning: implicit declaration of function 'uart_process_command' [-Wimplicit-function-declaration]
   70 |                 uart_process_command(data);
      |                 ^~~~~~~~~~~~~~~~~~~~
../Core/Src/main.c: At top level:
../Core/Src/main.c:75:6: warning: conflicting types for 'uart_process_command'; have 'void()'
   75 | void uart_process_command(cmd)
      |      ^~~~~~~~~~~~~~~~~~~~
../Core/Src/main.c:70:17: note: previous implicit declaration of 'uart_process_command' with type 'void()'
   70 |                 uart_process_command(data);
      |                 ^~~~~~~~~~~~~~~~~~~~
../Core/Src/main.c: In function 'uart_process_command':
../Core/Src/main.c:75:6: warning: type of 'cmd' defaults to 'int' [-Wimplicit-int]
   75 | void uart_process_command(cmd)
      |      ^~~~~~~~~~~~~~~~~~~~
../Core/Src/main.c:77:28: warning: format '%s' expects argument of type 'char *', but argument 2 has type 'int' [-Wformat=]
   77 |         printf("prijato: '%s'\n", cmd);
      |                           ~^      ~~~
      |                            |      |
      |                            char * int
      |                           %d
../Core/Src/main.c: In function 'main':
../Core/Src/main.c:39:44: error: 'hdma_usart2_rx' undeclared (first use in this function); did you mean 'hdma_usart2_tx'?
   39 | #define uart_rx_write_ptr (RX_BUFFER_LEN - hdma_usart2_rx.Instance->CNDTR)
      |                                            ^~~~~~~~~~~~~~
../Core/Src/main.c:126:38: note: in expansion of macro 'uart_rx_write_ptr'
  126 |           while (uart_rx_read_ptr != uart_rx_write_ptr) {
      |                                      ^~~~~~~~~~~~~~~~~
../Core/Src/main.c:39:44: note: each undeclared identifier is reported only once for each function it appears in
   39 | #define uart_rx_write_ptr (RX_BUFFER_LEN - hdma_usart2_rx.Instance->CNDTR)
      |                                            ^~~~~~~~~~~~~~
../Core/Src/main.c:126:38: note: in expansion of macro 'uart_rx_write_ptr'
  126 |           while (uart_rx_read_ptr != uart_rx_write_ptr) {
      |                                      ^~~~~~~~~~~~~~~~~
make: *** [Core/Src/subdir.mk:34: Core/Src/main.o] Error 1
"make -j4 all" terminated with exit code 2. Build might be incomplete.
10:31:49 **** Incremental Build of configuration Debug for project cv5 ****
make -j4 all 
arm-none-eabi-gcc "../Core/Src/main.c" -mcpu=cortex-m0 -std=gnu11 -g3 -DDEBUG -DUSE_HAL_DRIVER -DSTM32F030x8 -c -I../Core/Inc -I../Drivers/STM32F0xx_HAL_Driver/Inc -I../Drivers/STM32F0xx_HAL_Driver/Inc/Legacy -I../Drivers/CMSIS/Device/ST/STM32F0xx/Include -I../Drivers/CMSIS/Include -O0 -ffunction-sections -fdata-sections -Wall -fstack-usage -fcyclomatic-complexity -MMD -MP -MF"Core/Src/main.d" -MT"Core/Src/main.o" --specs=nano.specs -mfloat-abi=soft -mthumb -o "Core/Src/main.o"
../Core/Src/main.c: In function 'uart_byte_available':
../Core/Src/main.c:70:17: warning: implicit declaration of function 'uart_process_command' [-Wimplicit-function-declaration]
   70 |                 uart_process_command(data);
      |                 ^~~~~~~~~~~~~~~~~~~~
../Core/Src/main.c: At top level:
../Core/Src/main.c:75:6: warning: conflicting types for 'uart_process_command'; have 'void()'
   75 | void uart_process_command(cmd)
      |      ^~~~~~~~~~~~~~~~~~~~
../Core/Src/main.c:70:17: note: previous implicit declaration of 'uart_process_command' with type 'void()'
   70 |                 uart_process_command(data);
      |                 ^~~~~~~~~~~~~~~~~~~~
../Core/Src/main.c: In function 'uart_process_command':
../Core/Src/main.c:75:6: warning: type of 'cmd' defaults to 'int' [-Wimplicit-int]
   75 | void uart_process_command(cmd)
      |      ^~~~~~~~~~~~~~~~~~~~
../Core/Src/main.c:77:28: warning: format '%s' expects argument of type 'char *', but argument 2 has type 'int' [-Wformat=]
   77 |         printf("prijato: '%s'\n", cmd);
      |                           ~^      ~~~
      |                            |      |
      |                            char * int
      |                           %d
arm-none-eabi-gcc -o "cv5.elf" @"objects.list"   -mcpu=cortex-m0 -T"C:\Temp\230345\MKS\cv5\cv5\STM32F030R8TX_FLASH.ld" --specs=nosys.specs -Wl,-Map="cv5.map" -Wl,--gc-sections -static --specs=nano.specs -mfloat-abi=soft -mthumb -Wl,--start-group -lc -lm -Wl,--end-group
Finished building target: cv5.elf
 
arm-none-eabi-size   cv5.elf 
arm-none-eabi-objdump -h -S  cv5.elf  > "cv5.list"
   text	   data	    bss	    dec	    hex	filename
  13680	    112	   2432	  16224	   3f60	cv5.elf
Finished building: default.size.stdout
 
Finished building: cv5.list
 
10:32:27 **** Incremental Build of configuration Debug for project cv5 ****
make -j4 all 
arm-none-eabi-gcc "../Core/Src/main.c" -mcpu=cortex-m0 -std=gnu11 -g3 -DDEBUG -DUSE_HAL_DRIVER -DSTM32F030x8 -c -I../Core/Inc -I../Drivers/STM32F0xx_HAL_Driver/Inc -I../Drivers/STM32F0xx_HAL_Driver/Inc/Legacy -I../Drivers/CMSIS/Device/ST/STM32F0xx/Include -I../Drivers/CMSIS/Include -O0 -ffunction-sections -fdata-sections -Wall -fstack-usage -fcyclomatic-complexity -MMD -MP -MF"Core/Src/main.d" -MT"Core/Src/main.o" --specs=nano.specs -mfloat-abi=soft -mthumb -o "Core/Src/main.o"
../Core/Src/main.c: In function 'uart_process_command':
../Core/Src/main.c:54:6: warning: type of 'cmd' defaults to 'int' [-Wimplicit-int]
   54 | void uart_process_command(cmd)
      |      ^~~~~~~~~~~~~~~~~~~~
../Core/Src/main.c:56:28: warning: format '%s' expects argument of type 'char *', but argument 2 has type 'int' [-Wformat=]
   56 |         printf("prijato: '%s'\n", cmd);
      |                           ~^      ~~~
      |                            |      |
      |                            char * int
      |                           %d
arm-none-eabi-gcc -o "cv5.elf" @"objects.list"   -mcpu=cortex-m0 -T"C:\Temp\230345\MKS\cv5\cv5\STM32F030R8TX_FLASH.ld" --specs=nosys.specs -Wl,-Map="cv5.map" -Wl,--gc-sections -static --specs=nano.specs -mfloat-abi=soft -mthumb -Wl,--start-group -lc -lm -Wl,--end-group
Finished building target: cv5.elf
 
arm-none-eabi-size   cv5.elf 
arm-none-eabi-objdump -h -S  cv5.elf  > "cv5.list"
   text	   data	    bss	    dec	    hex	filename
  13680	    112	   2432	  16224	   3f60	cv5.elf
Finished building: default.size.stdout
 
Finished building: cv5.list
 
10:33:08 **** Incremental Build of configuration Debug for project cv5 ****
make -j4 all 
arm-none-eabi-size   cv5.elf 
   text	   data	    bss	    dec	    hex	filename
  13680	    112	   2432	  16224	   3f60	cv5.elf
Finished building: default.size.stdout
 
10:38:02 **** Incremental Build of configuration Debug for project cv5 ****
make -j4 all 
arm-none-eabi-gcc "../Core/Src/main.c" -mcpu=cortex-m0 -std=gnu11 -g3 -DDEBUG -DUSE_HAL_DRIVER -DSTM32F030x8 -c -I../Core/Inc -I../Drivers/STM32F0xx_HAL_Driver/Inc -I../Drivers/STM32F0xx_HAL_Driver/Inc/Legacy -I../Drivers/CMSIS/Device/ST/STM32F0xx/Include -I../Drivers/CMSIS/Include -O0 -ffunction-sections -fdata-sections -Wall -fstack-usage -fcyclomatic-complexity -MMD -MP -MF"Core/Src/main.d" -MT"Core/Src/main.o" --specs=nano.specs -mfloat-abi=soft -mthumb -o "Core/Src/main.o"
../Core/Src/main.c:54:27: error: unknown type name 'cahr'; did you mean 'char'?
   54 | void uart_process_command(cahr *cmd)
      |                           ^~~~
      |                           char
../Core/Src/main.c: In function 'uart_byte_available':
../Core/Src/main.c:75:17: warning: implicit declaration of function 'uart_process_command' [-Wimplicit-function-declaration]
   75 |                 uart_process_command(data);
      |                 ^~~~~~~~~~~~~~~~~~~~
../Core/Src/main.c: In function 'main':
../Core/Src/main.c:39:44: error: 'hdma_usart2_rx' undeclared (first use in this function); did you mean 'hdma_usart2_tx'?
   39 | #define uart_rx_write_ptr (RX_BUFFER_LEN - hdma_usart2_rx.Instance->CNDTR)
      |                                            ^~~~~~~~~~~~~~
../Core/Src/main.c:132:38: note: in expansion of macro 'uart_rx_write_ptr'
  132 |           while (uart_rx_read_ptr != uart_rx_write_ptr) {
      |                                      ^~~~~~~~~~~~~~~~~
../Core/Src/main.c:39:44: note: each undeclared identifier is reported only once for each function it appears in
   39 | #define uart_rx_write_ptr (RX_BUFFER_LEN - hdma_usart2_rx.Instance->CNDTR)
      |                                            ^~~~~~~~~~~~~~
../Core/Src/main.c:132:38: note: in expansion of macro 'uart_rx_write_ptr'
  132 |           while (uart_rx_read_ptr != uart_rx_write_ptr) {
      |                                      ^~~~~~~~~~~~~~~~~
make: *** [Core/Src/subdir.mk:34: Core/Src/main.o] Error 1
"make -j4 all" terminated with exit code 2. Build might be incomplete.
10:38:28 **** Incremental Build of configuration Debug for project cv5 ****
make -j4 all 
arm-none-eabi-gcc "../Core/Src/main.c" -mcpu=cortex-m0 -std=gnu11 -g3 -DDEBUG -DUSE_HAL_DRIVER -DSTM32F030x8 -c -I../Core/Inc -I../Drivers/STM32F0xx_HAL_Driver/Inc -I../Drivers/STM32F0xx_HAL_Driver/Inc/Legacy -I../Drivers/CMSIS/Device/ST/STM32F0xx/Include -I../Drivers/CMSIS/Include -O0 -ffunction-sections -fdata-sections -Wall -fstack-usage -fcyclomatic-complexity -MMD -MP -MF"Core/Src/main.d" -MT"Core/Src/main.o" --specs=nano.specs -mfloat-abi=soft -mthumb -o "Core/Src/main.o"
../Core/Src/main.c: In function 'main':
../Core/Src/main.c:39:44: error: 'hdma_usart2_rx' undeclared (first use in this function); did you mean 'hdma_usart2_tx'?
   39 | #define uart_rx_write_ptr (RX_BUFFER_LEN - hdma_usart2_rx.Instance->CNDTR)
      |                                            ^~~~~~~~~~~~~~
../Core/Src/main.c:132:38: note: in expansion of macro 'uart_rx_write_ptr'
  132 |           while (uart_rx_read_ptr != uart_rx_write_ptr) {
      |                                      ^~~~~~~~~~~~~~~~~
../Core/Src/main.c:39:44: note: each undeclared identifier is reported only once for each function it appears in
   39 | #define uart_rx_write_ptr (RX_BUFFER_LEN - hdma_usart2_rx.Instance->CNDTR)
      |                                            ^~~~~~~~~~~~~~
../Core/Src/main.c:132:38: note: in expansion of macro 'uart_rx_write_ptr'
  132 |           while (uart_rx_read_ptr != uart_rx_write_ptr) {
      |                                      ^~~~~~~~~~~~~~~~~
make: *** [Core/Src/subdir.mk:34: Core/Src/main.o] Error 1
"make -j4 all" terminated with exit code 2. Build might be incomplete.
10:39:24 **** Incremental Build of configuration Debug for project cv5 ****
make -j4 all 
arm-none-eabi-gcc "../Core/Src/main.c" -mcpu=cortex-m0 -std=gnu11 -g3 -DDEBUG -DUSE_HAL_DRIVER -DSTM32F030x8 -c -I../Core/Inc -I../Drivers/STM32F0xx_HAL_Driver/Inc -I../Drivers/STM32F0xx_HAL_Driver/Inc/Legacy -I../Drivers/CMSIS/Device/ST/STM32F0xx/Include -I../Drivers/CMSIS/Include -O0 -ffunction-sections -fdata-sections -Wall -fstack-usage -fcyclomatic-complexity -MMD -MP -MF"Core/Src/main.d" -MT"Core/Src/main.o" --specs=nano.specs -mfloat-abi=soft -mthumb -o "Core/Src/main.o"
arm-none-eabi-gcc -o "cv5.elf" @"objects.list"   -mcpu=cortex-m0 -T"C:\Temp\230345\MKS\cv5\cv5\STM32F030R8TX_FLASH.ld" --specs=nosys.specs -Wl,-Map="cv5.map" -Wl,--gc-sections -static --specs=nano.specs -mfloat-abi=soft -mthumb -Wl,--start-group -lc -lm -Wl,--end-group
Finished building target: cv5.elf
 
arm-none-eabi-size   cv5.elf 
arm-none-eabi-objdump -h -S  cv5.elf  > "cv5.list"
   text	   data	    bss	    dec	    hex	filename
  14008	    112	   2432	  16552	   40a8	cv5.elf
Finished building: default.size.stdout
 
Finished building: cv5.list
 
10:39:31 **** Incremental Build of configuration Debug for project cv5 ****
make -j4 all 
arm-none-eabi-size   cv5.elf 
   text	   data	    bss	    dec	    hex	filename
  14008	    112	   2432	  16552	   40a8	cv5.elf
Finished building: default.size.stdout
 
10:40:38 **** Incremental Build of configuration Debug for project cv5 ****
make -j4 all 
arm-none-eabi-gcc "../Core/Src/main.c" -mcpu=cortex-m0 -std=gnu11 -g3 -DDEBUG -DUSE_HAL_DRIVER -DSTM32F030x8 -c -I../Core/Inc -I../Drivers/STM32F0xx_HAL_Driver/Inc -I../Drivers/STM32F0xx_HAL_Driver/Inc/Legacy -I../Drivers/CMSIS/Device/ST/STM32F0xx/Include -I../Drivers/CMSIS/Include -O0 -ffunction-sections -fdata-sections -Wall -fstack-usage -fcyclomatic-complexity -MMD -MP -MF"Core/Src/main.d" -MT"Core/Src/main.o" --specs=nano.specs -mfloat-abi=soft -mthumb -o "Core/Src/main.o"
../Core/Src/main.c: In function 'main':
../Core/Src/main.c:39:44: error: 'hdma_usart2_rx' undeclared (first use in this function); did you mean 'hdma_usart2_tx'?
   39 | #define uart_rx_write_ptr (RX_BUFFER_LEN - hdma_usart2_rx.Instance->CNDTR)
      |                                            ^~~~~~~~~~~~~~
../Core/Src/main.c:132:38: note: in expansion of macro 'uart_rx_write_ptr'
  132 |           while (uart_rx_read_ptr != uart_rx_write_ptr) {
      |                                      ^~~~~~~~~~~~~~~~~
../Core/Src/main.c:39:44: note: each undeclared identifier is reported only once for each function it appears in
   39 | #define uart_rx_write_ptr (RX_BUFFER_LEN - hdma_usart2_rx.Instance->CNDTR)
      |                                            ^~~~~~~~~~~~~~
../Core/Src/main.c:132:38: note: in expansion of macro 'uart_rx_write_ptr'
  132 |           while (uart_rx_read_ptr != uart_rx_write_ptr) {
      |                                      ^~~~~~~~~~~~~~~~~
make: *** [Core/Src/subdir.mk:34: Core/Src/main.o] Error 1
"make -j4 all" terminated with exit code 2. Build might be incomplete.
10:42:29 **** Incremental Build of configuration Debug for project cv5 ****
make -j4 all 
arm-none-eabi-gcc "../Core/Src/main.c" -mcpu=cortex-m0 -std=gnu11 -g3 -DDEBUG -DUSE_HAL_DRIVER -DSTM32F030x8 -c -I../Core/Inc -I../Drivers/STM32F0xx_HAL_Driver/Inc -I../Drivers/STM32F0xx_HAL_Driver/Inc/Legacy -I../Drivers/CMSIS/Device/ST/STM32F0xx/Include -I../Drivers/CMSIS/Include -O0 -ffunction-sections -fdata-sections -Wall -fstack-usage -fcyclomatic-complexity -MMD -MP -MF"Core/Src/main.d" -MT"Core/Src/main.o" --specs=nano.specs -mfloat-abi=soft -mthumb -o "Core/Src/main.o"
../Core/Src/main.c: In function 'uart_process_command':
../Core/Src/main.c:56:28: warning: format '%s' expects argument of type 'char *', but argument 2 has type 'int' [-Wformat=]
   56 |         printf("prijato: '%s'\n", cmd);
      |                           ~^      ~~~
      |                            |      |
      |                            char * int
      |                           %d
../Core/Src/main.c: In function 'uart_byte_available':
../Core/Src/main.c:76:38: warning: passing argument 1 of 'uart_process_command' makes integer from pointer without a cast [-Wint-conversion]
   76 |                 uart_process_command(data);
      |                                      ^~~~
      |                                      |
      |                                      char *
../Core/Src/main.c:54:32: note: expected 'char' but argument is of type 'char *'
   54 | void uart_process_command(char cmd)
      |                           ~~~~~^~~
../Core/Src/main.c: In function 'main':
../Core/Src/main.c:39:44: error: 'hdma_usart2_rx' undeclared (first use in this function); did you mean 'hdma_usart2_tx'?
   39 | #define uart_rx_write_ptr (RX_BUFFER_LEN - hdma_usart2_rx.Instance->CNDTR)
      |                                            ^~~~~~~~~~~~~~
../Core/Src/main.c:133:38: note: in expansion of macro 'uart_rx_write_ptr'
  133 |           while (uart_rx_read_ptr != uart_rx_write_ptr) {
      |                                      ^~~~~~~~~~~~~~~~~
../Core/Src/main.c:39:44: note: each undeclared identifier is reported only once for each function it appears in
   39 | #define uart_rx_write_ptr (RX_BUFFER_LEN - hdma_usart2_rx.Instance->CNDTR)
      |                                            ^~~~~~~~~~~~~~
../Core/Src/main.c:133:38: note: in expansion of macro 'uart_rx_write_ptr'
  133 |           while (uart_rx_read_ptr != uart_rx_write_ptr) {
      |                                      ^~~~~~~~~~~~~~~~~
make: *** [Core/Src/subdir.mk:34: Core/Src/main.o] Error 1
"make -j4 all" terminated with exit code 2. Build might be incomplete.
10:44:48 **** Incremental Build of configuration Debug for project cv5 ****
make -j4 all 
arm-none-eabi-gcc "../Core/Src/main.c" -mcpu=cortex-m0 -std=gnu11 -g3 -DDEBUG -DUSE_HAL_DRIVER -DSTM32F030x8 -c -I../Core/Inc -I../Drivers/STM32F0xx_HAL_Driver/Inc -I../Drivers/STM32F0xx_HAL_Driver/Inc/Legacy -I../Drivers/CMSIS/Device/ST/STM32F0xx/Include -I../Drivers/CMSIS/Include -O0 -ffunction-sections -fdata-sections -Wall -fstack-usage -fcyclomatic-complexity -MMD -MP -MF"Core/Src/main.d" -MT"Core/Src/main.o" --specs=nano.specs -mfloat-abi=soft -mthumb -o "Core/Src/main.o"
arm-none-eabi-gcc "../Core/Src/stm32f0xx_hal_msp.c" -mcpu=cortex-m0 -std=gnu11 -g3 -DDEBUG -DUSE_HAL_DRIVER -DSTM32F030x8 -c -I../Core/Inc -I../Drivers/STM32F0xx_HAL_Driver/Inc -I../Drivers/STM32F0xx_HAL_Driver/Inc/Legacy -I../Drivers/CMSIS/Device/ST/STM32F0xx/Include -I../Drivers/CMSIS/Include -O0 -ffunction-sections -fdata-sections -Wall -fstack-usage -fcyclomatic-complexity -MMD -MP -MF"Core/Src/stm32f0xx_hal_msp.d" -MT"Core/Src/stm32f0xx_hal_msp.o" --specs=nano.specs -mfloat-abi=soft -mthumb -o "Core/Src/stm32f0xx_hal_msp.o"
arm-none-eabi-gcc "../Core/Src/stm32f0xx_it.c" -mcpu=cortex-m0 -std=gnu11 -g3 -DDEBUG -DUSE_HAL_DRIVER -DSTM32F030x8 -c -I../Core/Inc -I../Drivers/STM32F0xx_HAL_Driver/Inc -I../Drivers/STM32F0xx_HAL_Driver/Inc/Legacy -I../Drivers/CMSIS/Device/ST/STM32F0xx/Include -I../Drivers/CMSIS/Include -O0 -ffunction-sections -fdata-sections -Wall -fstack-usage -fcyclomatic-complexity -MMD -MP -MF"Core/Src/stm32f0xx_it.d" -MT"Core/Src/stm32f0xx_it.o" --specs=nano.specs -mfloat-abi=soft -mthumb -o "Core/Src/stm32f0xx_it.o"
../Core/Src/main.c: In function 'uart_process_command':
../Core/Src/main.c:67:9: warning: implicit declaration of function 'printf' [-Wimplicit-function-declaration]
   67 |         printf("prijato: '%s'\n", cmd);
      |         ^~~~~~
../Core/Src/main.c:21:1: note: include '<stdio.h>' or provide a declaration of 'printf'
   20 | #include "main.h"
  +++ |+#include <stdio.h>
   21 | 
../Core/Src/main.c:67:9: warning: incompatible implicit declaration of built-in function 'printf' [-Wbuiltin-declaration-mismatch]
   67 |         printf("prijato: '%s'\n", cmd);
      |         ^~~~~~
../Core/Src/main.c:67:9: note: include '<stdio.h>' or provide a declaration of 'printf'
../Core/Src/main.c: In function 'main':
../Core/Src/main.c:38:44: error: 'hdma_usart2_rx' undeclared (first use in this function)
   38 | #define uart_rx_write_ptr (RX_BUFFER_LEN - hdma_usart2_rx.Instance->CNDTR)
      |                                            ^~~~~~~~~~~~~~
../Core/Src/main.c:130:38: note: in expansion of macro 'uart_rx_write_ptr'
  130 |           while (uart_rx_read_ptr != uart_rx_write_ptr) {
      |                                      ^~~~~~~~~~~~~~~~~
../Core/Src/main.c:38:44: note: each undeclared identifier is reported only once for each function it appears in
   38 | #define uart_rx_write_ptr (RX_BUFFER_LEN - hdma_usart2_rx.Instance->CNDTR)
      |                                            ^~~~~~~~~~~~~~
../Core/Src/main.c:130:38: note: in expansion of macro 'uart_rx_write_ptr'
  130 |           while (uart_rx_read_ptr != uart_rx_write_ptr) {
      |                                      ^~~~~~~~~~~~~~~~~
make: *** [Core/Src/subdir.mk:34: Core/Src/main.o] Error 1
make: *** Waiting for unfinished jobs....
"make -j4 all" terminated with exit code 2. Build might be incomplete.
10:46:23 **** Incremental Build of configuration Debug for project cv5 ****
make -j4 all 
arm-none-eabi-gcc "../Core/Src/main.c" -mcpu=cortex-m0 -std=gnu11 -g3 -DDEBUG -DUSE_HAL_DRIVER -DSTM32F030x8 -c -I../Core/Inc -I../Drivers/STM32F0xx_HAL_Driver/Inc -I../Drivers/STM32F0xx_HAL_Driver/Inc/Legacy -I../Drivers/CMSIS/Device/ST/STM32F0xx/Include -I../Drivers/CMSIS/Include -O0 -ffunction-sections -fdata-sections -Wall -fstack-usage -fcyclomatic-complexity -MMD -MP -MF"Core/Src/main.d" -MT"Core/Src/main.o" --specs=nano.specs -mfloat-abi=soft -mthumb -o "Core/Src/main.o"
arm-none-eabi-gcc "../Core/Src/stm32f0xx_hal_msp.c" -mcpu=cortex-m0 -std=gnu11 -g3 -DDEBUG -DUSE_HAL_DRIVER -DSTM32F030x8 -c -I../Core/Inc -I../Drivers/STM32F0xx_HAL_Driver/Inc -I../Drivers/STM32F0xx_HAL_Driver/Inc/Legacy -I../Drivers/CMSIS/Device/ST/STM32F0xx/Include -I../Drivers/CMSIS/Include -O0 -ffunction-sections -fdata-sections -Wall -fstack-usage -fcyclomatic-complexity -MMD -MP -MF"Core/Src/stm32f0xx_hal_msp.d" -MT"Core/Src/stm32f0xx_hal_msp.o" --specs=nano.specs -mfloat-abi=soft -mthumb -o "Core/Src/stm32f0xx_hal_msp.o"
arm-none-eabi-gcc "../Core/Src/stm32f0xx_it.c" -mcpu=cortex-m0 -std=gnu11 -g3 -DDEBUG -DUSE_HAL_DRIVER -DSTM32F030x8 -c -I../Core/Inc -I../Drivers/STM32F0xx_HAL_Driver/Inc -I../Drivers/STM32F0xx_HAL_Driver/Inc/Legacy -I../Drivers/CMSIS/Device/ST/STM32F0xx/Include -I../Drivers/CMSIS/Include -O0 -ffunction-sections -fdata-sections -Wall -fstack-usage -fcyclomatic-complexity -MMD -MP -MF"Core/Src/stm32f0xx_it.d" -MT"Core/Src/stm32f0xx_it.o" --specs=nano.specs -mfloat-abi=soft -mthumb -o "Core/Src/stm32f0xx_it.o"
../Core/Src/main.c: In function 'uart_process_command':
../Core/Src/main.c:69:9: warning: implicit declaration of function 'printf' [-Wimplicit-function-declaration]
   69 |         printf("prijato: '%s'\n", cmd);
      |         ^~~~~~
../Core/Src/main.c:21:1: note: include '<stdio.h>' or provide a declaration of 'printf'
   20 | #include "main.h"
  +++ |+#include <stdio.h>
   21 | 
../Core/Src/main.c:69:9: warning: incompatible implicit declaration of built-in function 'printf' [-Wbuiltin-declaration-mismatch]
   69 |         printf("prijato: '%s'\n", cmd);
      |         ^~~~~~
../Core/Src/main.c:69:9: note: include '<stdio.h>' or provide a declaration of 'printf'
arm-none-eabi-gcc -o "cv5.elf" @"objects.list"   -mcpu=cortex-m0 -T"C:\Temp\230345\MKS\cv5\cv5\STM32F030R8TX_FLASH.ld" --specs=nosys.specs -Wl,-Map="cv5.map" -Wl,--gc-sections -static --specs=nano.specs -mfloat-abi=soft -mthumb -Wl,--start-group -lc -lm -Wl,--end-group
Finished building target: cv5.elf
 
arm-none-eabi-size   cv5.elf 
arm-none-eabi-objdump -h -S  cv5.elf  > "cv5.list"
   text	   data	    bss	    dec	    hex	filename
  14008	    112	   2432	  16552	   40a8	cv5.elf
Finished building: default.size.stdout
 
Finished building: cv5.list
 
10:46:42 **** Incremental Build of configuration Debug for project cv5 ****
make -j4 all 
arm-none-eabi-size   cv5.elf 
   text	   data	    bss	    dec	    hex	filename
  14008	    112	   2432	  16552	   40a8	cv5.elf
Finished building: default.size.stdout
 
10:47:05 **** Incremental Build of configuration Debug for project cv5 ****
make -j4 all 
arm-none-eabi-size   cv5.elf 
   text	   data	    bss	    dec	    hex	filename
  14008	    112	   2432	  16552	   40a8	cv5.elf
Finished building: default.size.stdout
 
10:51:59 **** Incremental Build of configuration Debug for project cv5 ****
make -j4 all 
arm-none-eabi-gcc "../Core/Src/main.c" -mcpu=cortex-m0 -std=gnu11 -g3 -DDEBUG -DUSE_HAL_DRIVER -DSTM32F030x8 -c -I../Core/Inc -I../Drivers/STM32F0xx_HAL_Driver/Inc -I../Drivers/STM32F0xx_HAL_Driver/Inc/Legacy -I../Drivers/CMSIS/Device/ST/STM32F0xx/Include -I../Drivers/CMSIS/Include -O0 -ffunction-sections -fdata-sections -Wall -fstack-usage -fcyclomatic-complexity -MMD -MP -MF"Core/Src/main.d" -MT"Core/Src/main.o" --specs=nano.specs -mfloat-abi=soft -mthumb -o "Core/Src/main.o"
arm-none-eabi-gcc "../Core/Src/stm32f0xx_hal_msp.c" -mcpu=cortex-m0 -std=gnu11 -g3 -DDEBUG -DUSE_HAL_DRIVER -DSTM32F030x8 -c -I../Core/Inc -I../Drivers/STM32F0xx_HAL_Driver/Inc -I../Drivers/STM32F0xx_HAL_Driver/Inc/Legacy -I../Drivers/CMSIS/Device/ST/STM32F0xx/Include -I../Drivers/CMSIS/Include -O0 -ffunction-sections -fdata-sections -Wall -fstack-usage -fcyclomatic-complexity -MMD -MP -MF"Core/Src/stm32f0xx_hal_msp.d" -MT"Core/Src/stm32f0xx_hal_msp.o" --specs=nano.specs -mfloat-abi=soft -mthumb -o "Core/Src/stm32f0xx_hal_msp.o"
arm-none-eabi-gcc "../Core/Src/stm32f0xx_it.c" -mcpu=cortex-m0 -std=gnu11 -g3 -DDEBUG -DUSE_HAL_DRIVER -DSTM32F030x8 -c -I../Core/Inc -I../Drivers/STM32F0xx_HAL_Driver/Inc -I../Drivers/STM32F0xx_HAL_Driver/Inc/Legacy -I../Drivers/CMSIS/Device/ST/STM32F0xx/Include -I../Drivers/CMSIS/Include -O0 -ffunction-sections -fdata-sections -Wall -fstack-usage -fcyclomatic-complexity -MMD -MP -MF"Core/Src/stm32f0xx_it.d" -MT"Core/Src/stm32f0xx_it.o" --specs=nano.specs -mfloat-abi=soft -mthumb -o "Core/Src/stm32f0xx_it.o"
../Core/Src/main.c: In function 'uart_process_command':
../Core/Src/main.c:69:9: warning: implicit declaration of function 'printf' [-Wimplicit-function-declaration]
   69 |         printf("prijato: '%s'\n", cmd);
      |         ^~~~~~
../Core/Src/main.c:21:1: note: include '<stdio.h>' or provide a declaration of 'printf'
   20 | #include "main.h"
  +++ |+#include <stdio.h>
   21 | 
../Core/Src/main.c:69:9: warning: incompatible implicit declaration of built-in function 'printf' [-Wbuiltin-declaration-mismatch]
   69 |         printf("prijato: '%s'\n", cmd);
      |         ^~~~~~
../Core/Src/main.c:69:9: note: include '<stdio.h>' or provide a declaration of 'printf'
arm-none-eabi-gcc -o "cv5.elf" @"objects.list"   -mcpu=cortex-m0 -T"C:\Temp\230345\MKS\cv5\cv5\STM32F030R8TX_FLASH.ld" --specs=nosys.specs -Wl,-Map="cv5.map" -Wl,--gc-sections -static --specs=nano.specs -mfloat-abi=soft -mthumb -Wl,--start-group -lc -lm -Wl,--end-group
Finished building target: cv5.elf
 
arm-none-eabi-size   cv5.elf 
arm-none-eabi-objdump -h -S  cv5.elf  > "cv5.list"
   text	   data	    bss	    dec	    hex	filename
  13892	    112	   2432	  16436	   4034	cv5.elf
Finished building: default.size.stdout
 
Finished building: cv5.list
 
10:52:21 **** Incremental Build of configuration Debug for project cv5 ****
make -j4 all 
arm-none-eabi-gcc "../Core/Src/main.c" -mcpu=cortex-m0 -std=gnu11 -g3 -DDEBUG -DUSE_HAL_DRIVER -DSTM32F030x8 -c -I../Core/Inc -I../Drivers/STM32F0xx_HAL_Driver/Inc -I../Drivers/STM32F0xx_HAL_Driver/Inc/Legacy -I../Drivers/CMSIS/Device/ST/STM32F0xx/Include -I../Drivers/CMSIS/Include -O0 -ffunction-sections -fdata-sections -Wall -fstack-usage -fcyclomatic-complexity -MMD -MP -MF"Core/Src/main.d" -MT"Core/Src/main.o" --specs=nano.specs -mfloat-abi=soft -mthumb -o "Core/Src/main.o"
../Core/Src/main.c: In function 'uart_process_command':
../Core/Src/main.c:69:9: warning: implicit declaration of function 'printf' [-Wimplicit-function-declaration]
   69 |         printf("prijato: '%s'\n", cmd);
      |         ^~~~~~
../Core/Src/main.c:21:1: note: include '<stdio.h>' or provide a declaration of 'printf'
   20 | #include "main.h"
  +++ |+#include <stdio.h>
   21 | 
../Core/Src/main.c:69:9: warning: incompatible implicit declaration of built-in function 'printf' [-Wbuiltin-declaration-mismatch]
   69 |         printf("prijato: '%s'\n", cmd);
      |         ^~~~~~
../Core/Src/main.c:69:9: note: include '<stdio.h>' or provide a declaration of 'printf'
../Core/Src/main.c:69:28: warning: format '%s' expects argument of type 'char *', but argument 2 has type 'int' [-Wformat=]
   69 |         printf("prijato: '%s'\n", cmd);
      |                           ~^      ~~~
      |                            |      |
      |                            char * int
      |                           %d
../Core/Src/main.c: In function 'uart_byte_available':
../Core/Src/main.c:86:38: warning: passing argument 1 of 'uart_process_command' makes integer from pointer without a cast [-Wint-conversion]
   86 |                 uart_process_command(data);
      |                                      ^~~~
      |                                      |
      |                                      char *
../Core/Src/main.c:67:32: note: expected 'char' but argument is of type 'char *'
   67 | void uart_process_command(char cmd)
      |                           ~~~~~^~~
arm-none-eabi-gcc -o "cv5.elf" @"objects.list"   -mcpu=cortex-m0 -T"C:\Temp\230345\MKS\cv5\cv5\STM32F030R8TX_FLASH.ld" --specs=nosys.specs -Wl,-Map="cv5.map" -Wl,--gc-sections -static --specs=nano.specs -mfloat-abi=soft -mthumb -Wl,--start-group -lc -lm -Wl,--end-group
Finished building target: cv5.elf
 
arm-none-eabi-size   cv5.elf 
arm-none-eabi-objdump -h -S  cv5.elf  > "cv5.list"
   text	   data	    bss	    dec	    hex	filename
  13904	    112	   2432	  16448	   4040	cv5.elf
Finished building: default.size.stdout
 
Finished building: cv5.list
 
10:52:55 **** Incremental Build of configuration Debug for project cv5 ****
make -j4 all 
arm-none-eabi-gcc "../Core/Src/main.c" -mcpu=cortex-m0 -std=gnu11 -g3 -DDEBUG -DUSE_HAL_DRIVER -DSTM32F030x8 -c -I../Core/Inc -I../Drivers/STM32F0xx_HAL_Driver/Inc -I../Drivers/STM32F0xx_HAL_Driver/Inc/Legacy -I../Drivers/CMSIS/Device/ST/STM32F0xx/Include -I../Drivers/CMSIS/Include -O0 -ffunction-sections -fdata-sections -Wall -fstack-usage -fcyclomatic-complexity -MMD -MP -MF"Core/Src/main.d" -MT"Core/Src/main.o" --specs=nano.specs -mfloat-abi=soft -mthumb -o "Core/Src/main.o"
../Core/Src/main.c: In function 'uart_process_command':
../Core/Src/main.c:69:9: warning: implicit declaration of function 'printf' [-Wimplicit-function-declaration]
   69 |         printf("prijato: '%s'\n", cmd);
      |         ^~~~~~
../Core/Src/main.c:21:1: note: include '<stdio.h>' or provide a declaration of 'printf'
   20 | #include "main.h"
  +++ |+#include <stdio.h>
   21 | 
../Core/Src/main.c:69:9: warning: incompatible implicit declaration of built-in function 'printf' [-Wbuiltin-declaration-mismatch]
   69 |         printf("prijato: '%s'\n", cmd);
      |         ^~~~~~
../Core/Src/main.c:69:9: note: include '<stdio.h>' or provide a declaration of 'printf'
arm-none-eabi-gcc -o "cv5.elf" @"objects.list"   -mcpu=cortex-m0 -T"C:\Temp\230345\MKS\cv5\cv5\STM32F030R8TX_FLASH.ld" --specs=nosys.specs -Wl,-Map="cv5.map" -Wl,--gc-sections -static --specs=nano.specs -mfloat-abi=soft -mthumb -Wl,--start-group -lc -lm -Wl,--end-group
Finished building target: cv5.elf
 
arm-none-eabi-size   cv5.elf 
arm-none-eabi-objdump -h -S  cv5.elf  > "cv5.list"
   text	   data	    bss	    dec	    hex	filename
  13892	    112	   2432	  16436	   4034	cv5.elf
Finished building: default.size.stdout
 
Finished building: cv5.list
 
10:53:49 **** Incremental Build of configuration Debug for project cv5 ****
make -j4 all 
arm-none-eabi-gcc "../Core/Src/main.c" -mcpu=cortex-m0 -std=gnu11 -g3 -DDEBUG -DUSE_HAL_DRIVER -DSTM32F030x8 -c -I../Core/Inc -I../Drivers/STM32F0xx_HAL_Driver/Inc -I../Drivers/STM32F0xx_HAL_Driver/Inc/Legacy -I../Drivers/CMSIS/Device/ST/STM32F0xx/Include -I../Drivers/CMSIS/Include -O0 -ffunction-sections -fdata-sections -Wall -fstack-usage -fcyclomatic-complexity -MMD -MP -MF"Core/Src/main.d" -MT"Core/Src/main.o" --specs=nano.specs -mfloat-abi=soft -mthumb -o "Core/Src/main.o"
../Core/Src/main.c: In function 'uart_process_command':
../Core/Src/main.c:69:9: warning: implicit declaration of function 'printf' [-Wimplicit-function-declaration]
   69 |         printf("prijato: '%s'\n", cmd);
      |         ^~~~~~
../Core/Src/main.c:21:1: note: include '<stdio.h>' or provide a declaration of 'printf'
   20 | #include "main.h"
  +++ |+#include <stdio.h>
   21 | 
../Core/Src/main.c:69:9: warning: incompatible implicit declaration of built-in function 'printf' [-Wbuiltin-declaration-mismatch]
   69 |         printf("prijato: '%s'\n", cmd);
      |         ^~~~~~
../Core/Src/main.c:69:9: note: include '<stdio.h>' or provide a declaration of 'printf'
../Core/Src/main.c:69:28: warning: format '%s' expects argument of type 'char *', but argument 2 has type 'int' [-Wformat=]
   69 |         printf("prijato: '%s'\n", cmd);
      |                           ~^      ~~~
      |                            |      |
      |                            char * int
      |                           %d
../Core/Src/main.c: In function 'uart_byte_available':
../Core/Src/main.c:86:38: warning: passing argument 1 of 'uart_process_command' makes integer from pointer without a cast [-Wint-conversion]
   86 |                 uart_process_command(data);
      |                                      ^~~~
      |                                      |
      |                                      char *
../Core/Src/main.c:67:38: note: expected 'char' but argument is of type 'char *'
   67 | void uart_process_command(char const cmd)
      |                           ~~~~~~~~~~~^~~
arm-none-eabi-gcc -o "cv5.elf" @"objects.list"   -mcpu=cortex-m0 -T"C:\Temp\230345\MKS\cv5\cv5\STM32F030R8TX_FLASH.ld" --specs=nosys.specs -Wl,-Map="cv5.map" -Wl,--gc-sections -static --specs=nano.specs -mfloat-abi=soft -mthumb -Wl,--start-group -lc -lm -Wl,--end-group
Finished building target: cv5.elf
 
arm-none-eabi-size   cv5.elf 
arm-none-eabi-objdump -h -S  cv5.elf  > "cv5.list"
   text	   data	    bss	    dec	    hex	filename
  13904	    112	   2432	  16448	   4040	cv5.elf
Finished building: default.size.stdout
 
Finished building: cv5.list
 
10:54:35 **** Incremental Build of configuration Debug for project cv5 ****
make -j4 all 
arm-none-eabi-gcc "../Core/Src/main.c" -mcpu=cortex-m0 -std=gnu11 -g3 -DDEBUG -DUSE_HAL_DRIVER -DSTM32F030x8 -c -I../Core/Inc -I../Drivers/STM32F0xx_HAL_Driver/Inc -I../Drivers/STM32F0xx_HAL_Driver/Inc/Legacy -I../Drivers/CMSIS/Device/ST/STM32F0xx/Include -I../Drivers/CMSIS/Include -O0 -ffunction-sections -fdata-sections -Wall -fstack-usage -fcyclomatic-complexity -MMD -MP -MF"Core/Src/main.d" -MT"Core/Src/main.o" --specs=nano.specs -mfloat-abi=soft -mthumb -o "Core/Src/main.o"
../Core/Src/main.c: In function 'uart_process_command':
../Core/Src/main.c:69:9: warning: implicit declaration of function 'printf' [-Wimplicit-function-declaration]
   69 |         printf("prijato: '%s'\n", cmd);
      |         ^~~~~~
../Core/Src/main.c:21:1: note: include '<stdio.h>' or provide a declaration of 'printf'
   20 | #include "main.h"
  +++ |+#include <stdio.h>
   21 | 
../Core/Src/main.c:69:9: warning: incompatible implicit declaration of built-in function 'printf' [-Wbuiltin-declaration-mismatch]
   69 |         printf("prijato: '%s'\n", cmd);
      |         ^~~~~~
../Core/Src/main.c:69:9: note: include '<stdio.h>' or provide a declaration of 'printf'
arm-none-eabi-gcc -o "cv5.elf" @"objects.list"   -mcpu=cortex-m0 -T"C:\Temp\230345\MKS\cv5\cv5\STM32F030R8TX_FLASH.ld" --specs=nosys.specs -Wl,-Map="cv5.map" -Wl,--gc-sections -static --specs=nano.specs -mfloat-abi=soft -mthumb -Wl,--start-group -lc -lm -Wl,--end-group
Finished building target: cv5.elf
 
arm-none-eabi-size   cv5.elf 
arm-none-eabi-objdump -h -S  cv5.elf  > "cv5.list"
   text	   data	    bss	    dec	    hex	filename
  13892	    112	   2432	  16436	   4034	cv5.elf
Finished building: default.size.stdout
 
Finished building: cv5.list
 
10:55:27 **** Incremental Build of configuration Debug for project cv5 ****
make -j4 all 
arm-none-eabi-size   cv5.elf 
   text	   data	    bss	    dec	    hex	filename
  13892	    112	   2432	  16436	   4034	cv5.elf
Finished building: default.size.stdout
 
10:56:40 **** Incremental Build of configuration Debug for project cv5 ****
make -j4 all 
arm-none-eabi-gcc "../Core/Src/main.c" -mcpu=cortex-m0 -std=gnu11 -g3 -DDEBUG -DUSE_HAL_DRIVER -DSTM32F030x8 -c -I../Core/Inc -I../Drivers/STM32F0xx_HAL_Driver/Inc -I../Drivers/STM32F0xx_HAL_Driver/Inc/Legacy -I../Drivers/CMSIS/Device/ST/STM32F0xx/Include -I../Drivers/CMSIS/Include -O0 -ffunction-sections -fdata-sections -Wall -fstack-usage -fcyclomatic-complexity -MMD -MP -MF"Core/Src/main.d" -MT"Core/Src/main.o" --specs=nano.specs -mfloat-abi=soft -mthumb -o "Core/Src/main.o"
../Core/Src/main.c: In function 'uart_process_command':
../Core/Src/main.c:71:17: warning: implicit declaration of function 'strtok' [-Wimplicit-function-declaration]
   71 |         token = strtok(cmd, " ");
      |                 ^~~~~~
../Core/Src/main.c:71:15: warning: assignment to 'char *' from 'int' makes pointer from integer without a cast [-Wint-conversion]
   71 |         token = strtok(cmd, " ");
      |               ^
../Core/Src/main.c:72:13: warning: implicit declaration of function 'strcasecmp' [-Wimplicit-function-declaration]
   72 |         if (strcasecmp(token, "HELLO") == 0) {
      |             ^~~~~~~~~~
../Core/Src/main.c:73:17: warning: implicit declaration of function 'printf' [-Wimplicit-function-declaration]
   73 |                 printf("Komunikace OK\n");
      |                 ^~~~~~
../Core/Src/main.c:21:1: note: include '<stdio.h>' or provide a declaration of 'printf'
   20 | #include "main.h"
  +++ |+#include <stdio.h>
   21 | 
../Core/Src/main.c:73:17: warning: incompatible implicit declaration of built-in function 'printf' [-Wbuiltin-declaration-mismatch]
   73 |                 printf("Komunikace OK\n");
      |                 ^~~~~~
../Core/Src/main.c:73:17: note: include '<stdio.h>' or provide a declaration of 'printf'
arm-none-eabi-gcc -o "cv5.elf" @"objects.list"   -mcpu=cortex-m0 -T"C:\Temp\230345\MKS\cv5\cv5\STM32F030R8TX_FLASH.ld" --specs=nosys.specs -Wl,-Map="cv5.map" -Wl,--gc-sections -static --specs=nano.specs -mfloat-abi=soft -mthumb -Wl,--start-group -lc -lm -Wl,--end-group
Finished building target: cv5.elf
 
arm-none-eabi-size   cv5.elf 
arm-none-eabi-objdump -h -S  cv5.elf  > "cv5.list"
   text	   data	    bss	    dec	    hex	filename
  15124	    112	   2432	  17668	   4504	cv5.elf
Finished building: default.size.stdout
 
Finished building: cv5.list
 
10:57:51 **** Incremental Build of configuration Debug for project cv5 ****
make -j4 all 
arm-none-eabi-gcc "../Core/Src/main.c" -mcpu=cortex-m0 -std=gnu11 -g3 -DDEBUG -DUSE_HAL_DRIVER -DSTM32F030x8 -c -I../Core/Inc -I../Drivers/STM32F0xx_HAL_Driver/Inc -I../Drivers/STM32F0xx_HAL_Driver/Inc/Legacy -I../Drivers/CMSIS/Device/ST/STM32F0xx/Include -I../Drivers/CMSIS/Include -O0 -ffunction-sections -fdata-sections -Wall -fstack-usage -fcyclomatic-complexity -MMD -MP -MF"Core/Src/main.d" -MT"Core/Src/main.o" --specs=nano.specs -mfloat-abi=soft -mthumb -o "Core/Src/main.o"
../Core/Src/main.c:24:10: fatal error: studio.h: No such file or directory
   24 | #include <studio.h>
      |          ^~~~~~~~~~
compilation terminated.
make: *** [Core/Src/subdir.mk:34: Core/Src/main.o] Error 1
"make -j4 all" terminated with exit code 2. Build might be incomplete.
10:58:18 **** Incremental Build of configuration Debug for project cv5 ****
make -j4 all 
arm-none-eabi-gcc "../Core/Src/main.c" -mcpu=cortex-m0 -std=gnu11 -g3 -DDEBUG -DUSE_HAL_DRIVER -DSTM32F030x8 -c -I../Core/Inc -I../Drivers/STM32F0xx_HAL_Driver/Inc -I../Drivers/STM32F0xx_HAL_Driver/Inc/Legacy -I../Drivers/CMSIS/Device/ST/STM32F0xx/Include -I../Drivers/CMSIS/Include -O0 -ffunction-sections -fdata-sections -Wall -fstack-usage -fcyclomatic-complexity -MMD -MP -MF"Core/Src/main.d" -MT"Core/Src/main.o" --specs=nano.specs -mfloat-abi=soft -mthumb -o "Core/Src/main.o"
arm-none-eabi-gcc -o "cv5.elf" @"objects.list"   -mcpu=cortex-m0 -T"C:\Temp\230345\MKS\cv5\cv5\STM32F030R8TX_FLASH.ld" --specs=nosys.specs -Wl,-Map="cv5.map" -Wl,--gc-sections -static --specs=nano.specs -mfloat-abi=soft -mthumb -Wl,--start-group -lc -lm -Wl,--end-group
Finished building target: cv5.elf
 
arm-none-eabi-size   cv5.elf 
arm-none-eabi-objdump -h -S  cv5.elf  > "cv5.list"
   text	   data	    bss	    dec	    hex	filename
  15124	    112	   2432	  17668	   4504	cv5.elf
Finished building: default.size.stdout
 
Finished building: cv5.list
 
10:58:37 **** Incremental Build of configuration Debug for project cv5 ****
make -j4 all 
arm-none-eabi-size   cv5.elf 
   text	   data	    bss	    dec	    hex	filename
  15124	    112	   2432	  17668	   4504	cv5.elf
Finished building: default.size.stdout
 
11:06:58 **** Incremental Build of configuration Debug for project cv5 ****
make -j4 all 
arm-none-eabi-gcc "../Core/Src/main.c" -mcpu=cortex-m0 -std=gnu11 -g3 -DDEBUG -DUSE_HAL_DRIVER -DSTM32F030x8 -c -I../Core/Inc -I../Drivers/STM32F0xx_HAL_Driver/Inc -I../Drivers/STM32F0xx_HAL_Driver/Inc/Legacy -I../Drivers/CMSIS/Device/ST/STM32F0xx/Include -I../Drivers/CMSIS/Include -O0 -ffunction-sections -fdata-sections -Wall -fstack-usage -fcyclomatic-complexity -MMD -MP -MF"Core/Src/main.d" -MT"Core/Src/main.o" --specs=nano.specs -mfloat-abi=soft -mthumb -o "Core/Src/main.o"
arm-none-eabi-gcc "../Core/Src/stm32f0xx_hal_msp.c" -mcpu=cortex-m0 -std=gnu11 -g3 -DDEBUG -DUSE_HAL_DRIVER -DSTM32F030x8 -c -I../Core/Inc -I../Drivers/STM32F0xx_HAL_Driver/Inc -I../Drivers/STM32F0xx_HAL_Driver/Inc/Legacy -I../Drivers/CMSIS/Device/ST/STM32F0xx/Include -I../Drivers/CMSIS/Include -O0 -ffunction-sections -fdata-sections -Wall -fstack-usage -fcyclomatic-complexity -MMD -MP -MF"Core/Src/stm32f0xx_hal_msp.d" -MT"Core/Src/stm32f0xx_hal_msp.o" --specs=nano.specs -mfloat-abi=soft -mthumb -o "Core/Src/stm32f0xx_hal_msp.o"
arm-none-eabi-gcc "../Core/Src/stm32f0xx_it.c" -mcpu=cortex-m0 -std=gnu11 -g3 -DDEBUG -DUSE_HAL_DRIVER -DSTM32F030x8 -c -I../Core/Inc -I../Drivers/STM32F0xx_HAL_Driver/Inc -I../Drivers/STM32F0xx_HAL_Driver/Inc/Legacy -I../Drivers/CMSIS/Device/ST/STM32F0xx/Include -I../Drivers/CMSIS/Include -O0 -ffunction-sections -fdata-sections -Wall -fstack-usage -fcyclomatic-complexity -MMD -MP -MF"Core/Src/stm32f0xx_it.d" -MT"Core/Src/stm32f0xx_it.o" --specs=nano.specs -mfloat-abi=soft -mthumb -o "Core/Src/stm32f0xx_it.o"
../Core/Src/main.c: In function 'uart_process_command':
../Core/Src/main.c:83:66: error: expected ')' before '...' token
   83 |                                 else if (strcasecmp(token, "OFF") ...
      |                                         ~                        ^~~~
      |                                                                  )
../Core/Src/main.c:85:9: error: expected expression before '}' token
   85 |         }
      |         ^
../Core/Src/main.c:86:43: error: expected ')' before '{' token
   86 |         else if (strcasecmp(token, "LED2"){
      |                 ~                         ^
      |                                           )
../Core/Src/main.c:90:1: error: expected expression before '}' token
   90 | }
      | ^
make: *** [Core/Src/subdir.mk:34: Core/Src/main.o] Error 1
make: *** Waiting for unfinished jobs....
"make -j4 all" terminated with exit code 2. Build might be incomplete.
11:08:54 **** Incremental Build of configuration Debug for project cv5 ****
make -j4 all 
arm-none-eabi-gcc "../Core/Src/main.c" -mcpu=cortex-m0 -std=gnu11 -g3 -DDEBUG -DUSE_HAL_DRIVER -DSTM32F030x8 -c -I../Core/Inc -I../Drivers/STM32F0xx_HAL_Driver/Inc -I../Drivers/STM32F0xx_HAL_Driver/Inc/Legacy -I../Drivers/CMSIS/Device/ST/STM32F0xx/Include -I../Drivers/CMSIS/Include -O0 -ffunction-sections -fdata-sections -Wall -fstack-usage -fcyclomatic-complexity -MMD -MP -MF"Core/Src/main.d" -MT"Core/Src/main.o" --specs=nano.specs -mfloat-abi=soft -mthumb -o "Core/Src/main.o"
../Core/Src/main.c: In function 'uart_process_command':
../Core/Src/main.c:82:25: error: too many arguments to function 'HAL_GPIO_TogglePin'
   82 |                         HAL_GPIO_TogglePin(led1_GPIO_Port, led1_Pin, GPIO_PIN_SET);
      |                         ^~~~~~~~~~~~~~~~~~
In file included from ../Core/Inc/stm32f0xx_hal_conf.h:197,
                 from ../Drivers/STM32F0xx_HAL_Driver/Inc/stm32f0xx_hal.h:30,
                 from ../Core/Inc/main.h:30,
                 from ../Core/Src/main.c:20:
../Drivers/STM32F0xx_HAL_Driver/Inc/stm32f0xx_hal_gpio.h:295:19: note: declared here
  295 | void              HAL_GPIO_TogglePin(GPIO_TypeDef* GPIOx, uint16_t GPIO_Pin);
      |                   ^~~~~~~~~~~~~~~~~~
../Core/Src/main.c:84:50: error: expected ')' before '{' token
   84 |                 else if (strcasecmp(token, "OFF"){
      |                         ~                        ^
      |                                                  )
../Core/Src/main.c:88:9: error: expected expression before '}' token
   88 |         }
      |         ^
../Core/Src/main.c:90:43: error: expected ')' before '{' token
   90 |         else if (strcasecmp(token, "LED2"){
      |                 ~                         ^
      |                                           )
../Core/Src/main.c:94:1: error: expected expression before '}' token
   94 | }
      | ^
make: *** [Core/Src/subdir.mk:34: Core/Src/main.o] Error 1
"make -j4 all" terminated with exit code 2. Build might be incomplete.
11:10:09 **** Incremental Build of configuration Debug for project cv5 ****
make -j4 all 
arm-none-eabi-gcc "../Core/Src/main.c" -mcpu=cortex-m0 -std=gnu11 -g3 -DDEBUG -DUSE_HAL_DRIVER -DSTM32F030x8 -c -I../Core/Inc -I../Drivers/STM32F0xx_HAL_Driver/Inc -I../Drivers/STM32F0xx_HAL_Driver/Inc/Legacy -I../Drivers/CMSIS/Device/ST/STM32F0xx/Include -I../Drivers/CMSIS/Include -O0 -ffunction-sections -fdata-sections -Wall -fstack-usage -fcyclomatic-complexity -MMD -MP -MF"Core/Src/main.d" -MT"Core/Src/main.o" --specs=nano.specs -mfloat-abi=soft -mthumb -o "Core/Src/main.o"
../Core/Src/main.c: In function 'uart_process_command':
../Core/Src/main.c:83:25: warning: implicit declaration of function 'HAL_GPIO_WrtiePin'; did you mean 'HAL_GPIO_WritePin'? [-Wimplicit-function-declaration]
   83 |                         HAL_GPIO_WrtiePin(led1_GPIO_Port, led1_Pin, GPIO_PIN_SET);
      |                         ^~~~~~~~~~~~~~~~~
      |                         HAL_GPIO_WritePin
../Core/Src/main.c:85:50: error: expected ')' before '{' token
   85 |                 else if (strcasecmp(token, "OFF"){
      |                         ~                        ^
      |                                                  )
../Core/Src/main.c:89:9: error: expected expression before '}' token
   89 |         }
      |         ^
../Core/Src/main.c:91:43: error: expected ')' before '{' token
   91 |         else if (strcasecmp(token, "LED2"){
      |                 ~                         ^
      |                                           )
../Core/Src/main.c:95:1: error: expected expression before '}' token
   95 | }
      | ^
make: *** [Core/Src/subdir.mk:34: Core/Src/main.o] Error 1
"make -j4 all" terminated with exit code 2. Build might be incomplete.
11:10:24 **** Incremental Build of configuration Debug for project cv5 ****
make -j4 all 
arm-none-eabi-gcc "../Core/Src/main.c" -mcpu=cortex-m0 -std=gnu11 -g3 -DDEBUG -DUSE_HAL_DRIVER -DSTM32F030x8 -c -I../Core/Inc -I../Drivers/STM32F0xx_HAL_Driver/Inc -I../Drivers/STM32F0xx_HAL_Driver/Inc/Legacy -I../Drivers/CMSIS/Device/ST/STM32F0xx/Include -I../Drivers/CMSIS/Include -O0 -ffunction-sections -fdata-sections -Wall -fstack-usage -fcyclomatic-complexity -MMD -MP -MF"Core/Src/main.d" -MT"Core/Src/main.o" --specs=nano.specs -mfloat-abi=soft -mthumb -o "Core/Src/main.o"
../Core/Src/main.c: In function 'uart_process_command':
../Core/Src/main.c:85:50: error: expected ')' before '{' token
   85 |                 else if (strcasecmp(token, "OFF"){
      |                         ~                        ^
      |                                                  )
../Core/Src/main.c:89:9: error: expected expression before '}' token
   89 |         }
      |         ^
../Core/Src/main.c:91:43: error: expected ')' before '{' token
   91 |         else if (strcasecmp(token, "LED2"){
      |                 ~                         ^
      |                                           )
../Core/Src/main.c:95:1: error: expected expression before '}' token
   95 | }
      | ^
make: *** [Core/Src/subdir.mk:34: Core/Src/main.o] Error 1
"make -j4 all" terminated with exit code 2. Build might be incomplete.
11:11:17 **** Incremental Build of configuration Debug for project cv5 ****
make -j4 all 
arm-none-eabi-gcc "../Core/Src/main.c" -mcpu=cortex-m0 -std=gnu11 -g3 -DDEBUG -DUSE_HAL_DRIVER -DSTM32F030x8 -c -I../Core/Inc -I../Drivers/STM32F0xx_HAL_Driver/Inc -I../Drivers/STM32F0xx_HAL_Driver/Inc/Legacy -I../Drivers/CMSIS/Device/ST/STM32F0xx/Include -I../Drivers/CMSIS/Include -O0 -ffunction-sections -fdata-sections -Wall -fstack-usage -fcyclomatic-complexity -MMD -MP -MF"Core/Src/main.d" -MT"Core/Src/main.o" --specs=nano.specs -mfloat-abi=soft -mthumb -o "Core/Src/main.o"
../Core/Src/main.c: In function 'uart_process_command':
../Core/Src/main.c:83:82: error: expected ';' before '}' token
   83 |                         HAL_GPIO_WritePin(led1_GPIO_Port, led1_Pin, GPIO_PIN_SET)
      |                                                                                  ^
      |                                                                                  ;
   84 |                 }
      |                 ~                                                                 
../Core/Src/main.c:85:50: error: expected ')' before '{' token
   85 |                 else if (strcasecmp(token, "OFF"){
      |                         ~                        ^
      |                                                  )
../Core/Src/main.c:89:9: error: expected expression before '}' token
   89 |         }
      |         ^
../Core/Src/main.c:91:43: error: expected ')' before '{' token
   91 |         else if (strcasecmp(token, "LED2"){
      |                 ~                         ^
      |                                           )
../Core/Src/main.c:95:1: error: expected expression before '}' token
   95 | }
      | ^
make: *** [Core/Src/subdir.mk:34: Core/Src/main.o] Error 1
"make -j4 all" terminated with exit code 2. Build might be incomplete.
11:12:36 **** Incremental Build of configuration Debug for project cv5 ****
make -j4 all 
arm-none-eabi-gcc "../Core/Src/main.c" -mcpu=cortex-m0 -std=gnu11 -g3 -DDEBUG -DUSE_HAL_DRIVER -DSTM32F030x8 -c -I../Core/Inc -I../Drivers/STM32F0xx_HAL_Driver/Inc -I../Drivers/STM32F0xx_HAL_Driver/Inc/Legacy -I../Drivers/CMSIS/Device/ST/STM32F0xx/Include -I../Drivers/CMSIS/Include -O0 -ffunction-sections -fdata-sections -Wall -fstack-usage -fcyclomatic-complexity -MMD -MP -MF"Core/Src/main.d" -MT"Core/Src/main.o" --specs=nano.specs -mfloat-abi=soft -mthumb -o "Core/Src/main.o"
arm-none-eabi-gcc -o "cv5.elf" @"objects.list"   -mcpu=cortex-m0 -T"C:\Temp\230345\MKS\cv5\cv5\STM32F030R8TX_FLASH.ld" --specs=nosys.specs -Wl,-Map="cv5.map" -Wl,--gc-sections -static --specs=nano.specs -mfloat-abi=soft -mthumb -Wl,--start-group -lc -lm -Wl,--end-group
Finished building target: cv5.elf
 
arm-none-eabi-size   cv5.elf 
arm-none-eabi-objdump -h -S  cv5.elf  > "cv5.list"
   text	   data	    bss	    dec	    hex	filename
  15384	    112	   2432	  17928	   4608	cv5.elf
Finished building: default.size.stdout
 
Finished building: cv5.list
 
11:14:12 **** Incremental Build of configuration Debug for project cv5 ****
make -j4 all 
arm-none-eabi-gcc "../Core/Src/main.c" -mcpu=cortex-m0 -std=gnu11 -g3 -DDEBUG -DUSE_HAL_DRIVER -DSTM32F030x8 -c -I../Core/Inc -I../Drivers/STM32F0xx_HAL_Driver/Inc -I../Drivers/STM32F0xx_HAL_Driver/Inc/Legacy -I../Drivers/CMSIS/Device/ST/STM32F0xx/Include -I../Drivers/CMSIS/Include -O0 -ffunction-sections -fdata-sections -Wall -fstack-usage -fcyclomatic-complexity -MMD -MP -MF"Core/Src/main.d" -MT"Core/Src/main.o" --specs=nano.specs -mfloat-abi=soft -mthumb -o "Core/Src/main.o"
../Core/Src/main.c: In function 'uart_process_command':
../Core/Src/main.c:83:82: error: expected ';' before '}' token
   83 |                         HAL_GPIO_WritePin(led1_GPIO_Port, led1_Pin, GPIO_PIN_SET)
      |                                                                                  ^
      |                                                                                  ;
   84 |                 }
      |                 ~                                                                 
../Core/Src/main.c:86:84: error: expected ';' before '}' token
   86 |                         HAL_GPIO_WritePin(led1_GPIO_Port, led1_Pin, GPIO_PIN_RESET)
      |                                                                                    ^
      |                                                                                    ;
   87 |                 }
      |                 ~                                                                   
make: *** [Core/Src/subdir.mk:34: Core/Src/main.o] Error 1
"make -j4 all" terminated with exit code 2. Build might be incomplete.
11:14:25 **** Incremental Build of configuration Debug for project cv5 ****
make -j4 all 
arm-none-eabi-gcc "../Core/Src/main.c" -mcpu=cortex-m0 -std=gnu11 -g3 -DDEBUG -DUSE_HAL_DRIVER -DSTM32F030x8 -c -I../Core/Inc -I../Drivers/STM32F0xx_HAL_Driver/Inc -I../Drivers/STM32F0xx_HAL_Driver/Inc/Legacy -I../Drivers/CMSIS/Device/ST/STM32F0xx/Include -I../Drivers/CMSIS/Include -O0 -ffunction-sections -fdata-sections -Wall -fstack-usage -fcyclomatic-complexity -MMD -MP -MF"Core/Src/main.d" -MT"Core/Src/main.o" --specs=nano.specs -mfloat-abi=soft -mthumb -o "Core/Src/main.o"
arm-none-eabi-gcc -o "cv5.elf" @"objects.list"   -mcpu=cortex-m0 -T"C:\Temp\230345\MKS\cv5\cv5\STM32F030R8TX_FLASH.ld" --specs=nosys.specs -Wl,-Map="cv5.map" -Wl,--gc-sections -static --specs=nano.specs -mfloat-abi=soft -mthumb -Wl,--start-group -lc -lm -Wl,--end-group
Finished building target: cv5.elf
 
arm-none-eabi-size   cv5.elf 
arm-none-eabi-objdump -h -S  cv5.elf  > "cv5.list"
   text	   data	    bss	    dec	    hex	filename
  15444	    112	   2432	  17988	   4644	cv5.elf
Finished building: default.size.stdout
 
Finished building: cv5.list
 
11:18:02 **** Incremental Build of configuration Debug for project cv5 ****
make -j4 all 
arm-none-eabi-gcc "../Core/Src/main.c" -mcpu=cortex-m0 -std=gnu11 -g3 -DDEBUG -DUSE_HAL_DRIVER -DSTM32F030x8 -c -I../Core/Inc -I../Drivers/STM32F0xx_HAL_Driver/Inc -I../Drivers/STM32F0xx_HAL_Driver/Inc/Legacy -I../Drivers/CMSIS/Device/ST/STM32F0xx/Include -I../Drivers/CMSIS/Include -O0 -ffunction-sections -fdata-sections -Wall -fstack-usage -fcyclomatic-complexity -MMD -MP -MF"Core/Src/main.d" -MT"Core/Src/main.o" --specs=nano.specs -mfloat-abi=soft -mthumb -o "Core/Src/main.o"
arm-none-eabi-gcc -o "cv5.elf" @"objects.list"   -mcpu=cortex-m0 -T"C:\Temp\230345\MKS\cv5\cv5\STM32F030R8TX_FLASH.ld" --specs=nosys.specs -Wl,-Map="cv5.map" -Wl,--gc-sections -static --specs=nano.specs -mfloat-abi=soft -mthumb -Wl,--start-group -lc -lm -Wl,--end-group
Finished building target: cv5.elf
 
arm-none-eabi-size   cv5.elf 
arm-none-eabi-objdump -h -S  cv5.elf  > "cv5.list"
   text	   data	    bss	    dec	    hex	filename
  15620	    112	   2432	  18164	   46f4	cv5.elf
Finished building: default.size.stdout
 
Finished building: cv5.list
 
11:22:59 **** Incremental Build of configuration Debug for project cv5 ****
make -j4 all 
arm-none-eabi-gcc "../Core/Src/main.c" -mcpu=cortex-m0 -std=gnu11 -g3 -DDEBUG -DUSE_HAL_DRIVER -DSTM32F030x8 -c -I../Core/Inc -I../Drivers/STM32F0xx_HAL_Driver/Inc -I../Drivers/STM32F0xx_HAL_Driver/Inc/Legacy -I../Drivers/CMSIS/Device/ST/STM32F0xx/Include -I../Drivers/CMSIS/Include -O0 -ffunction-sections -fdata-sections -Wall -fstack-usage -fcyclomatic-complexity -MMD -MP -MF"Core/Src/main.d" -MT"Core/Src/main.o" --specs=nano.specs -mfloat-abi=soft -mthumb -o "Core/Src/main.o"
arm-none-eabi-gcc -o "cv5.elf" @"objects.list"   -mcpu=cortex-m0 -T"C:\Temp\230345\MKS\cv5\cv5\STM32F030R8TX_FLASH.ld" --specs=nosys.specs -Wl,-Map="cv5.map" -Wl,--gc-sections -static --specs=nano.specs -mfloat-abi=soft -mthumb -Wl,--start-group -lc -lm -Wl,--end-group
Finished building target: cv5.elf
 
arm-none-eabi-size   cv5.elf 
arm-none-eabi-objdump -h -S  cv5.elf  > "cv5.list"
   text	   data	    bss	    dec	    hex	filename
  15832	    112	   2432	  18376	   47c8	cv5.elf
Finished building: default.size.stdout
 
Finished building: cv5.list
 
11:23:04 **** Incremental Build of configuration Debug for project cv5 ****
make -j4 all 
arm-none-eabi-size   cv5.elf 
   text	   data	    bss	    dec	    hex	filename
  15832	    112	   2432	  18376	   47c8	cv5.elf
Finished building: default.size.stdout
 
